{"D:\\01. School Final Project\\AAS_FinalProject\\05. Implementation\\FE\\axios.d.ts": {"path":"D:\\01. School Final Project\\AAS_FinalProject\\05. Implementation\\FE\\axios.d.ts","statementMap":{},"fnMap":{},"branchMap":{},"s":{},"f":{},"b":{}}
,"D:\\01. School Final Project\\AAS_FinalProject\\05. Implementation\\FE\\eslint.config.js": {"path":"D:\\01. School Final Project\\AAS_FinalProject\\05. Implementation\\FE\\eslint.config.js","statementMap":{"0":{"start":{"line":2,"column":25},"end":{"line":2,"column":49}},"1":{"start":{"line":3,"column":19},"end":{"line":3,"column":53}},"2":{"start":{"line":5,"column":0},"end":{"line":10,"column":3}}},"fnMap":{},"branchMap":{},"s":{"0":0,"1":0,"2":0},"f":{},"b":{}}
,"D:\\01. School Final Project\\AAS_FinalProject\\05. Implementation\\FE\\expo-env.d.ts": {"path":"D:\\01. School Final Project\\AAS_FinalProject\\05. Implementation\\FE\\expo-env.d.ts","statementMap":{},"fnMap":{},"branchMap":{},"s":{},"f":{},"b":{}}
,"D:\\01. School Final Project\\AAS_FinalProject\\05. Implementation\\FE\\jest.config.js": {"path":"D:\\01. School Final Project\\AAS_FinalProject\\05. Implementation\\FE\\jest.config.js","statementMap":{"0":{"start":{"line":1,"column":0},"end":{"line":21,"column":2}}},"fnMap":{},"branchMap":{},"s":{"0":0},"f":{},"b":{}}
,"D:\\01. School Final Project\\AAS_FinalProject\\05. Implementation\\FE\\metro.config.js": {"path":"D:\\01. School Final Project\\AAS_FinalProject\\05. Implementation\\FE\\metro.config.js","statementMap":{"0":{"start":{"line":1,"column":29},"end":{"line":1,"column":57}},"1":{"start":{"line":2,"column":27},"end":{"line":2,"column":54}},"2":{"start":{"line":4,"column":15},"end":{"line":4,"column":42}},"3":{"start":{"line":6,"column":0},"end":{"line":6,"column":66}}},"fnMap":{},"branchMap":{},"s":{"0":0,"1":0,"2":0,"3":0},"f":{},"b":{}}
,"D:\\01. School Final Project\\AAS_FinalProject\\05. Implementation\\FE\\nativewind-env.d.ts": {"path":"D:\\01. School Final Project\\AAS_FinalProject\\05. Implementation\\FE\\nativewind-env.d.ts","statementMap":{},"fnMap":{},"branchMap":{},"s":{},"f":{},"b":{}}
,"D:\\01. School Final Project\\AAS_FinalProject\\05. Implementation\\FE\\tailwind.config.js": {"path":"D:\\01. School Final Project\\AAS_FinalProject\\05. Implementation\\FE\\tailwind.config.js","statementMap":{"0":{"start":{"line":2,"column":0},"end":{"line":10,"column":1}}},"fnMap":{},"branchMap":{},"s":{"0":0},"f":{},"b":{}}
,"D:\\01. School Final Project\\AAS_FinalProject\\05. Implementation\\FE\\.expo\\types\\router.d.ts": {"path":"D:\\01. School Final Project\\AAS_FinalProject\\05. Implementation\\FE\\.expo\\types\\router.d.ts","statementMap":{},"fnMap":{},"branchMap":{},"s":{},"f":{},"b":{}}
,"D:\\01. School Final Project\\AAS_FinalProject\\05. Implementation\\FE\\app\\_layout.tsx": {"path":"D:\\01. School Final Project\\AAS_FinalProject\\05. Implementation\\FE\\app\\_layout.tsx","statementMap":{"0":{"start":{"line":5,"column":2},"end":{"line":9,"column":4}}},"fnMap":{"0":{"name":"RootLayout","decl":{"start":{"line":4,"column":24},"end":{"line":4,"column":34}},"loc":{"start":{"line":4,"column":37},"end":{"line":10,"column":1}},"line":4}},"branchMap":{},"s":{"0":0},"f":{"0":0},"b":{}}
,"D:\\01. School Final Project\\AAS_FinalProject\\05. Implementation\\FE\\app\\index.tsx": {"path":"D:\\01. School Final Project\\AAS_FinalProject\\05. Implementation\\FE\\app\\index.tsx","statementMap":{"0":{"start":{"line":6,"column":2},"end":{"line":6,"column":25}}},"fnMap":{"0":{"name":"Index","decl":{"start":{"line":5,"column":24},"end":{"line":5,"column":29}},"loc":{"start":{"line":5,"column":32},"end":{"line":7,"column":1}},"line":5}},"branchMap":{},"s":{"0":0},"f":{"0":0},"b":{}}
,"D:\\01. School Final Project\\AAS_FinalProject\\05. Implementation\\FE\\app\\verification-success.tsx": {"path":"D:\\01. School Final Project\\AAS_FinalProject\\05. Implementation\\FE\\app\\verification-success.tsx","statementMap":{"0":{"start":{"line":7,"column":4},"end":{"line":22,"column":6}},"1":{"start":{"line":16,"column":35},"end":{"line":16,"column":54}},"2":{"start":{"line":25,"column":15},"end":{"line":69,"column":2}}},"fnMap":{"0":{"name":"VerificationSuccess","decl":{"start":{"line":6,"column":24},"end":{"line":6,"column":43}},"loc":{"start":{"line":6,"column":46},"end":{"line":23,"column":1}},"line":6},"1":{"name":"(anonymous_1)","decl":{"start":{"line":16,"column":29},"end":{"line":16,"column":30}},"loc":{"start":{"line":16,"column":35},"end":{"line":16,"column":54}},"line":16}},"branchMap":{},"s":{"0":0,"1":0,"2":0},"f":{"0":0,"1":0},"b":{}}
,"D:\\01. School Final Project\\AAS_FinalProject\\05. Implementation\\FE\\app\\components\\AuthModal.tsx": {"path":"D:\\01. School Final Project\\AAS_FinalProject\\05. Implementation\\FE\\app\\components\\AuthModal.tsx","statementMap":{"0":{"start":{"line":27,"column":26},"end":{"line":27,"column":69}},"1":{"start":{"line":28,"column":34},"end":{"line":28,"column":46}},"2":{"start":{"line":29,"column":28},"end":{"line":29,"column":40}},"3":{"start":{"line":30,"column":34},"end":{"line":30,"column":46}},"4":{"start":{"line":31,"column":36},"end":{"line":31,"column":51}},"5":{"start":{"line":32,"column":46},"end":{"line":32,"column":58}},"6":{"start":{"line":33,"column":42},"end":{"line":33,"column":54}},"7":{"start":{"line":36,"column":50},"end":{"line":36,"column":65}},"8":{"start":{"line":37,"column":52},"end":{"line":37,"column":67}},"9":{"start":{"line":38,"column":34},"end":{"line":38,"column":53}},"10":{"start":{"line":40,"column":20},"end":{"line":46,"column":3}},"11":{"start":{"line":41,"column":4},"end":{"line":41,"column":20}},"12":{"start":{"line":42,"column":4},"end":{"line":42,"column":17}},"13":{"start":{"line":43,"column":4},"end":{"line":43,"column":20}},"14":{"start":{"line":44,"column":4},"end":{"line":44,"column":24}},"15":{"start":{"line":45,"column":4},"end":{"line":45,"column":26}},"16":{"start":{"line":48,"column":21},"end":{"line":51,"column":3}},"17":{"start":{"line":49,"column":4},"end":{"line":49,"column":16}},"18":{"start":{"line":50,"column":4},"end":{"line":50,"column":53}},"19":{"start":{"line":53,"column":24},"end":{"line":56,"column":3}},"20":{"start":{"line":54,"column":23},"end":{"line":54,"column":56}},"21":{"start":{"line":55,"column":4},"end":{"line":55,"column":34}},"22":{"start":{"line":58,"column":25},"end":{"line":114,"column":3}},"23":{"start":{"line":60,"column":4},"end":{"line":60,"column":24}},"24":{"start":{"line":61,"column":4},"end":{"line":61,"column":26}},"25":{"start":{"line":64,"column":4},"end":{"line":67,"column":5}},"26":{"start":{"line":65,"column":6},"end":{"line":65,"column":46}},"27":{"start":{"line":66,"column":6},"end":{"line":66,"column":13}},"28":{"start":{"line":69,"column":4},"end":{"line":72,"column":5}},"29":{"start":{"line":70,"column":6},"end":{"line":70,"column":43}},"30":{"start":{"line":71,"column":6},"end":{"line":71,"column":13}},"31":{"start":{"line":74,"column":4},"end":{"line":77,"column":5}},"32":{"start":{"line":75,"column":6},"end":{"line":75,"column":80}},"33":{"start":{"line":76,"column":6},"end":{"line":76,"column":13}},"34":{"start":{"line":79,"column":4},"end":{"line":82,"column":5}},"35":{"start":{"line":80,"column":6},"end":{"line":80,"column":46}},"36":{"start":{"line":81,"column":6},"end":{"line":81,"column":13}},"37":{"start":{"line":84,"column":4},"end":{"line":87,"column":5}},"38":{"start":{"line":85,"column":6},"end":{"line":85,"column":69}},"39":{"start":{"line":86,"column":6},"end":{"line":86,"column":13}},"40":{"start":{"line":89,"column":4},"end":{"line":89,"column":23}},"41":{"start":{"line":91,"column":4},"end":{"line":113,"column":5}},"42":{"start":{"line":92,"column":23},"end":{"line":96,"column":8}},"43":{"start":{"line":98,"column":6},"end":{"line":104,"column":7}},"44":{"start":{"line":99,"column":8},"end":{"line":99,"column":80}},"45":{"start":{"line":100,"column":8},"end":{"line":103,"column":17}},"46":{"start":{"line":101,"column":10},"end":{"line":101,"column":22}},"47":{"start":{"line":102,"column":10},"end":{"line":102,"column":27}},"48":{"start":{"line":106,"column":6},"end":{"line":110,"column":7}},"49":{"start":{"line":107,"column":8},"end":{"line":107,"column":78}},"50":{"start":{"line":109,"column":8},"end":{"line":109,"column":64}},"51":{"start":{"line":112,"column":6},"end":{"line":112,"column":26}},"52":{"start":{"line":116,"column":22},"end":{"line":172,"column":3}},"53":{"start":{"line":117,"column":4},"end":{"line":120,"column":5}},"54":{"start":{"line":118,"column":6},"end":{"line":118,"column":57}},"55":{"start":{"line":119,"column":6},"end":{"line":119,"column":13}},"56":{"start":{"line":122,"column":4},"end":{"line":122,"column":23}},"57":{"start":{"line":123,"column":4},"end":{"line":123,"column":24}},"58":{"start":{"line":124,"column":4},"end":{"line":124,"column":26}},"59":{"start":{"line":126,"column":4},"end":{"line":171,"column":5}},"60":{"start":{"line":127,"column":6},"end":{"line":127,"column":65}},"61":{"start":{"line":128,"column":23},"end":{"line":131,"column":8}},"62":{"start":{"line":133,"column":6},"end":{"line":133,"column":77}},"63":{"start":{"line":135,"column":6},"end":{"line":160,"column":7}},"64":{"start":{"line":137,"column":8},"end":{"line":159,"column":9}},"65":{"start":{"line":139,"column":23},"end":{"line":139,"column":41}},"66":{"start":{"line":140,"column":10},"end":{"line":140,"column":78}},"67":{"start":{"line":141,"column":10},"end":{"line":141,"column":71}},"68":{"start":{"line":142,"column":10},"end":{"line":142,"column":67}},"69":{"start":{"line":144,"column":10},"end":{"line":144,"column":28}},"70":{"start":{"line":147,"column":10},"end":{"line":149,"column":11}},"71":{"start":{"line":148,"column":12},"end":{"line":148,"column":32}},"72":{"start":{"line":152,"column":10},"end":{"line":152,"column":20}},"73":{"start":{"line":155,"column":10},"end":{"line":155,"column":82}},"74":{"start":{"line":156,"column":10},"end":{"line":158,"column":19}},"75":{"start":{"line":157,"column":12},"end":{"line":157,"column":37}},"76":{"start":{"line":162,"column":6},"end":{"line":162,"column":43}},"77":{"start":{"line":163,"column":6},"end":{"line":168,"column":7}},"78":{"start":{"line":164,"column":8},"end":{"line":164,"column":67}},"79":{"start":{"line":165,"column":8},"end":{"line":165,"column":71}},"80":{"start":{"line":167,"column":8},"end":{"line":167,"column":64}},"81":{"start":{"line":170,"column":6},"end":{"line":170,"column":26}},"82":{"start":{"line":174,"column":27},"end":{"line":194,"column":3}},"83":{"start":{"line":175,"column":4},"end":{"line":193,"column":5}},"84":{"start":{"line":176,"column":6},"end":{"line":176,"column":70}},"85":{"start":{"line":178,"column":6},"end":{"line":178,"column":72}},"86":{"start":{"line":179,"column":6},"end":{"line":179,"column":54}},"87":{"start":{"line":181,"column":6},"end":{"line":181,"column":32}},"88":{"start":{"line":182,"column":6},"end":{"line":182,"column":29}},"89":{"start":{"line":185,"column":6},"end":{"line":187,"column":7}},"90":{"start":{"line":186,"column":8},"end":{"line":186,"column":33}},"91":{"start":{"line":190,"column":6},"end":{"line":190,"column":16}},"92":{"start":{"line":192,"column":6},"end":{"line":192,"column":56}},"93":{"start":{"line":197,"column":2},"end":{"line":201,"column":18}},"94":{"start":{"line":198,"column":4},"end":{"line":200,"column":5}},"95":{"start":{"line":199,"column":6},"end":{"line":199,"column":18}},"96":{"start":{"line":203,"column":2},"end":{"line":311,"column":4}},"97":{"start":{"line":307,"column":23},"end":{"line":307,"column":48}},"98":{"start":{"line":314,"column":27},"end":{"line":316,"column":1}},"99":{"start":{"line":315,"column":4},"end":{"line":315,"column":64}}},"fnMap":{"0":{"name":"AuthModal","decl":{"start":{"line":26,"column":24},"end":{"line":26,"column":33}},"loc":{"start":{"line":26,"column":102},"end":{"line":312,"column":1}},"line":26},"1":{"name":"(anonymous_1)","decl":{"start":{"line":40,"column":20},"end":{"line":40,"column":21}},"loc":{"start":{"line":40,"column":26},"end":{"line":46,"column":3}},"line":40},"2":{"name":"(anonymous_2)","decl":{"start":{"line":48,"column":21},"end":{"line":48,"column":22}},"loc":{"start":{"line":48,"column":27},"end":{"line":51,"column":3}},"line":48},"3":{"name":"(anonymous_3)","decl":{"start":{"line":53,"column":24},"end":{"line":53,"column":25}},"loc":{"start":{"line":53,"column":52},"end":{"line":56,"column":3}},"line":53},"4":{"name":"(anonymous_4)","decl":{"start":{"line":58,"column":25},"end":{"line":58,"column":26}},"loc":{"start":{"line":58,"column":37},"end":{"line":114,"column":3}},"line":58},"5":{"name":"(anonymous_5)","decl":{"start":{"line":100,"column":19},"end":{"line":100,"column":20}},"loc":{"start":{"line":100,"column":25},"end":{"line":103,"column":9}},"line":100},"6":{"name":"(anonymous_6)","decl":{"start":{"line":116,"column":22},"end":{"line":116,"column":23}},"loc":{"start":{"line":116,"column":34},"end":{"line":172,"column":3}},"line":116},"7":{"name":"(anonymous_7)","decl":{"start":{"line":156,"column":21},"end":{"line":156,"column":22}},"loc":{"start":{"line":156,"column":27},"end":{"line":158,"column":11}},"line":156},"8":{"name":"(anonymous_8)","decl":{"start":{"line":174,"column":27},"end":{"line":174,"column":28}},"loc":{"start":{"line":174,"column":48},"end":{"line":194,"column":3}},"line":174},"9":{"name":"(anonymous_9)","decl":{"start":{"line":197,"column":12},"end":{"line":197,"column":13}},"loc":{"start":{"line":197,"column":18},"end":{"line":201,"column":3}},"line":197},"10":{"name":"(anonymous_10)","decl":{"start":{"line":307,"column":17},"end":{"line":307,"column":18}},"loc":{"start":{"line":307,"column":23},"end":{"line":307,"column":48}},"line":307},"11":{"name":"(anonymous_11)","decl":{"start":{"line":314,"column":27},"end":{"line":314,"column":28}},"loc":{"start":{"line":314,"column":33},"end":{"line":316,"column":1}},"line":314}},"branchMap":{"0":{"loc":{"start":{"line":50,"column":12},"end":{"line":50,"column":51}},"type":"cond-expr","locations":[{"start":{"line":50,"column":31},"end":{"line":50,"column":41}},{"start":{"line":50,"column":44},"end":{"line":50,"column":51}}],"line":50},"1":{"loc":{"start":{"line":64,"column":4},"end":{"line":67,"column":5}},"type":"if","locations":[{"start":{"line":64,"column":4},"end":{"line":67,"column":5}},{"start":{},"end":{}}],"line":64},"2":{"loc":{"start":{"line":69,"column":4},"end":{"line":72,"column":5}},"type":"if","locations":[{"start":{"line":69,"column":4},"end":{"line":72,"column":5}},{"start":{},"end":{}}],"line":69},"3":{"loc":{"start":{"line":74,"column":4},"end":{"line":77,"column":5}},"type":"if","locations":[{"start":{"line":74,"column":4},"end":{"line":77,"column":5}},{"start":{},"end":{}}],"line":74},"4":{"loc":{"start":{"line":79,"column":4},"end":{"line":82,"column":5}},"type":"if","locations":[{"start":{"line":79,"column":4},"end":{"line":82,"column":5}},{"start":{},"end":{}}],"line":79},"5":{"loc":{"start":{"line":84,"column":4},"end":{"line":87,"column":5}},"type":"if","locations":[{"start":{"line":84,"column":4},"end":{"line":87,"column":5}},{"start":{},"end":{}}],"line":84},"6":{"loc":{"start":{"line":98,"column":6},"end":{"line":104,"column":7}},"type":"if","locations":[{"start":{"line":98,"column":6},"end":{"line":104,"column":7}},{"start":{},"end":{}}],"line":98},"7":{"loc":{"start":{"line":106,"column":6},"end":{"line":110,"column":7}},"type":"if","locations":[{"start":{"line":106,"column":6},"end":{"line":110,"column":7}},{"start":{"line":108,"column":13},"end":{"line":110,"column":7}}],"line":106},"8":{"loc":{"start":{"line":106,"column":10},"end":{"line":106,"column":47}},"type":"binary-expr","locations":[{"start":{"line":106,"column":10},"end":{"line":106,"column":24}},{"start":{"line":106,"column":28},"end":{"line":106,"column":47}}],"line":106},"9":{"loc":{"start":{"line":107,"column":24},"end":{"line":107,"column":76}},"type":"binary-expr","locations":[{"start":{"line":107,"column":24},"end":{"line":107,"column":51}},{"start":{"line":107,"column":55},"end":{"line":107,"column":76}}],"line":107},"10":{"loc":{"start":{"line":117,"column":4},"end":{"line":120,"column":5}},"type":"if","locations":[{"start":{"line":117,"column":4},"end":{"line":120,"column":5}},{"start":{},"end":{}}],"line":117},"11":{"loc":{"start":{"line":117,"column":8},"end":{"line":117,"column":27}},"type":"binary-expr","locations":[{"start":{"line":117,"column":8},"end":{"line":117,"column":14}},{"start":{"line":117,"column":18},"end":{"line":117,"column":27}}],"line":117},"12":{"loc":{"start":{"line":135,"column":6},"end":{"line":160,"column":7}},"type":"if","locations":[{"start":{"line":135,"column":6},"end":{"line":160,"column":7}},{"start":{},"end":{}}],"line":135},"13":{"loc":{"start":{"line":137,"column":8},"end":{"line":159,"column":9}},"type":"if","locations":[{"start":{"line":137,"column":8},"end":{"line":159,"column":9}},{"start":{"line":153,"column":15},"end":{"line":159,"column":9}}],"line":137},"14":{"loc":{"start":{"line":147,"column":10},"end":{"line":149,"column":11}},"type":"if","locations":[{"start":{"line":147,"column":10},"end":{"line":149,"column":11}},{"start":{},"end":{}}],"line":147},"15":{"loc":{"start":{"line":163,"column":6},"end":{"line":168,"column":7}},"type":"if","locations":[{"start":{"line":163,"column":6},"end":{"line":168,"column":7}},{"start":{"line":166,"column":13},"end":{"line":168,"column":7}}],"line":163},"16":{"loc":{"start":{"line":163,"column":10},"end":{"line":163,"column":47}},"type":"binary-expr","locations":[{"start":{"line":163,"column":10},"end":{"line":163,"column":24}},{"start":{"line":163,"column":28},"end":{"line":163,"column":47}}],"line":163},"17":{"loc":{"start":{"line":165,"column":24},"end":{"line":165,"column":69}},"type":"binary-expr","locations":[{"start":{"line":165,"column":24},"end":{"line":165,"column":51}},{"start":{"line":165,"column":55},"end":{"line":165,"column":69}}],"line":165},"18":{"loc":{"start":{"line":185,"column":6},"end":{"line":187,"column":7}},"type":"if","locations":[{"start":{"line":185,"column":6},"end":{"line":187,"column":7}},{"start":{},"end":{}}],"line":185},"19":{"loc":{"start":{"line":198,"column":4},"end":{"line":200,"column":5}},"type":"if","locations":[{"start":{"line":198,"column":4},"end":{"line":200,"column":5}},{"start":{},"end":{}}],"line":198},"20":{"loc":{"start":{"line":215,"column":17},"end":{"line":215,"column":58}},"type":"cond-expr","locations":[{"start":{"line":215,"column":36},"end":{"line":215,"column":45}},{"start":{"line":215,"column":48},"end":{"line":215,"column":58}}],"line":215},"21":{"loc":{"start":{"line":222,"column":13},"end":{"line":226,"column":20}},"type":"cond-expr","locations":[{"start":{"line":223,"column":14},"end":{"line":225,"column":21}},{"start":{"line":226,"column":16},"end":{"line":226,"column":20}}],"line":222},"22":{"loc":{"start":{"line":228,"column":13},"end":{"line":232,"column":20}},"type":"cond-expr","locations":[{"start":{"line":229,"column":14},"end":{"line":231,"column":21}},{"start":{"line":232,"column":16},"end":{"line":232,"column":20}}],"line":228},"23":{"loc":{"start":{"line":235,"column":15},"end":{"line":245,"column":15}},"type":"binary-expr","locations":[{"start":{"line":235,"column":15},"end":{"line":235,"column":34}},{"start":{"line":236,"column":16},"end":{"line":244,"column":23}}],"line":235},"24":{"loc":{"start":{"line":271,"column":25},"end":{"line":271,"column":72}},"type":"cond-expr","locations":[{"start":{"line":271,"column":44},"end":{"line":271,"column":55}},{"start":{"line":271,"column":58},"end":{"line":271,"column":72}}],"line":271},"25":{"loc":{"start":{"line":274,"column":18},"end":{"line":274,"column":59}},"type":"cond-expr","locations":[{"start":{"line":274,"column":30},"end":{"line":274,"column":43}},{"start":{"line":274,"column":46},"end":{"line":274,"column":59}}],"line":274},"26":{"loc":{"start":{"line":277,"column":17},"end":{"line":283,"column":17}},"type":"cond-expr","locations":[{"start":{"line":278,"column":18},"end":{"line":278,"column":68}},{"start":{"line":280,"column":18},"end":{"line":282,"column":25}}],"line":277},"27":{"loc":{"start":{"line":281,"column":21},"end":{"line":281,"column":62}},"type":"cond-expr","locations":[{"start":{"line":281,"column":40},"end":{"line":281,"column":49}},{"start":{"line":281,"column":52},"end":{"line":281,"column":62}}],"line":281},"28":{"loc":{"start":{"line":288,"column":19},"end":{"line":290,"column":49}},"type":"cond-expr","locations":[{"start":{"line":289,"column":22},"end":{"line":289,"column":47}},{"start":{"line":290,"column":22},"end":{"line":290,"column":49}}],"line":288},"29":{"loc":{"start":{"line":294,"column":21},"end":{"line":294,"column":62}},"type":"cond-expr","locations":[{"start":{"line":294,"column":40},"end":{"line":294,"column":50}},{"start":{"line":294,"column":53},"end":{"line":294,"column":62}}],"line":294}},"s":{"0":0,"1":0,"2":0,"3":0,"4":0,"5":0,"6":0,"7":0,"8":0,"9":0,"10":0,"11":0,"12":0,"13":0,"14":0,"15":0,"16":0,"17":0,"18":0,"19":0,"20":0,"21":0,"22":0,"23":0,"24":0,"25":0,"26":0,"27":0,"28":0,"29":0,"30":0,"31":0,"32":0,"33":0,"34":0,"35":0,"36":0,"37":0,"38":0,"39":0,"40":0,"41":0,"42":0,"43":0,"44":0,"45":0,"46":0,"47":0,"48":0,"49":0,"50":0,"51":0,"52":0,"53":0,"54":0,"55":0,"56":0,"57":0,"58":0,"59":0,"60":0,"61":0,"62":0,"63":0,"64":0,"65":0,"66":0,"67":0,"68":0,"69":0,"70":0,"71":0,"72":0,"73":0,"74":0,"75":0,"76":0,"77":0,"78":0,"79":0,"80":0,"81":0,"82":0,"83":0,"84":0,"85":0,"86":0,"87":0,"88":0,"89":0,"90":0,"91":0,"92":0,"93":0,"94":0,"95":0,"96":0,"97":0,"98":0,"99":0},"f":{"0":0,"1":0,"2":0,"3":0,"4":0,"5":0,"6":0,"7":0,"8":0,"9":0,"10":0,"11":0},"b":{"0":[0,0],"1":[0,0],"2":[0,0],"3":[0,0],"4":[0,0],"5":[0,0],"6":[0,0],"7":[0,0],"8":[0,0],"9":[0,0],"10":[0,0],"11":[0,0],"12":[0,0],"13":[0,0],"14":[0,0],"15":[0,0],"16":[0,0],"17":[0,0],"18":[0,0],"19":[0,0],"20":[0,0],"21":[0,0],"22":[0,0],"23":[0,0],"24":[0,0],"25":[0,0],"26":[0,0],"27":[0,0],"28":[0,0],"29":[0,0]}}
,"D:\\01. School Final Project\\AAS_FinalProject\\05. Implementation\\FE\\app\\components\\Dashboard.tsx": {"path":"D:\\01. School Final Project\\AAS_FinalProject\\05. Implementation\\FE\\app\\components\\Dashboard.tsx","statementMap":{"0":{"start":{"line":37,"column":17},"end":{"line":37,"column":36}},"1":{"start":{"line":38,"column":36},"end":{"line":38,"column":57}},"2":{"start":{"line":39,"column":36},"end":{"line":39,"column":51}},"3":{"start":{"line":40,"column":38},"end":{"line":40,"column":53}},"4":{"start":{"line":41,"column":28},"end":{"line":41,"column":57}},"5":{"start":{"line":42,"column":44},"end":{"line":48,"column":4}},"6":{"start":{"line":51,"column":46},"end":{"line":51,"column":90}},"7":{"start":{"line":52,"column":52},"end":{"line":52,"column":96}},"8":{"start":{"line":53,"column":44},"end":{"line":53,"column":88}},"9":{"start":{"line":55,"column":19},"end":{"line":55,"column":40}},"10":{"start":{"line":58,"column":50},"end":{"line":58,"column":65}},"11":{"start":{"line":60,"column":2},"end":{"line":67,"column":25}},"12":{"start":{"line":61,"column":4},"end":{"line":66,"column":5}},"13":{"start":{"line":62,"column":6},"end":{"line":62,"column":25}},"14":{"start":{"line":63,"column":6},"end":{"line":65,"column":9}},"15":{"start":{"line":64,"column":8},"end":{"line":64,"column":34}},"16":{"start":{"line":69,"column":20},"end":{"line":90,"column":79}},"17":{"start":{"line":71,"column":4},"end":{"line":74,"column":5}},"18":{"start":{"line":72,"column":6},"end":{"line":72,"column":76}},"19":{"start":{"line":73,"column":6},"end":{"line":73,"column":13}},"20":{"start":{"line":76,"column":4},"end":{"line":76,"column":24}},"21":{"start":{"line":77,"column":4},"end":{"line":89,"column":5}},"22":{"start":{"line":78,"column":6},"end":{"line":80,"column":9}},"23":{"start":{"line":79,"column":8},"end":{"line":79,"column":29}},"24":{"start":{"line":81,"column":11},"end":{"line":89,"column":5}},"25":{"start":{"line":82,"column":6},"end":{"line":82,"column":59}},"26":{"start":{"line":82,"column":37},"end":{"line":82,"column":57}},"27":{"start":{"line":83,"column":11},"end":{"line":89,"column":5}},"28":{"start":{"line":84,"column":6},"end":{"line":84,"column":62}},"29":{"start":{"line":84,"column":40},"end":{"line":84,"column":60}},"30":{"start":{"line":85,"column":11},"end":{"line":89,"column":5}},"31":{"start":{"line":86,"column":6},"end":{"line":86,"column":58}},"32":{"start":{"line":86,"column":36},"end":{"line":86,"column":56}},"33":{"start":{"line":88,"column":6},"end":{"line":88,"column":27}},"34":{"start":{"line":92,"column":27},"end":{"line":107,"column":3}},"35":{"start":{"line":93,"column":23},"end":{"line":93,"column":44}},"36":{"start":{"line":94,"column":15},"end":{"line":94,"column":60}},"37":{"start":{"line":94,"column":32},"end":{"line":94,"column":50}},"38":{"start":{"line":96,"column":4},"end":{"line":106,"column":5}},"39":{"start":{"line":97,"column":23},"end":{"line":100,"column":8}},"40":{"start":{"line":101,"column":6},"end":{"line":101,"column":23}},"41":{"start":{"line":102,"column":6},"end":{"line":102,"column":22}},"42":{"start":{"line":104,"column":6},"end":{"line":104,"column":23}},"43":{"start":{"line":105,"column":6},"end":{"line":105,"column":18}},"44":{"start":{"line":109,"column":29},"end":{"line":348,"column":3}},"45":{"start":{"line":111,"column":4},"end":{"line":114,"column":5}},"46":{"start":{"line":112,"column":6},"end":{"line":112,"column":78}},"47":{"start":{"line":113,"column":6},"end":{"line":113,"column":13}},"48":{"start":{"line":117,"column":4},"end":{"line":117,"column":40}},"49":{"start":{"line":117,"column":21},"end":{"line":117,"column":40}},"50":{"start":{"line":118,"column":4},"end":{"line":118,"column":19}},"51":{"start":{"line":120,"column":4},"end":{"line":347,"column":5}},"52":{"start":{"line":121,"column":20},"end":{"line":121,"column":55}},"53":{"start":{"line":122,"column":6},"end":{"line":124,"column":7}},"54":{"start":{"line":123,"column":8},"end":{"line":123,"column":58}},"55":{"start":{"line":126,"column":6},"end":{"line":126,"column":60}},"56":{"start":{"line":128,"column":22},"end":{"line":128,"column":86}},"57":{"start":{"line":129,"column":6},"end":{"line":129,"column":50}},"58":{"start":{"line":131,"column":22},"end":{"line":134,"column":7}},"59":{"start":{"line":143,"column":10},"end":{"line":237,"column":8}},"60":{"start":{"line":146,"column":10},"end":{"line":146,"column":51}},"61":{"start":{"line":147,"column":10},"end":{"line":175,"column":11}},"62":{"start":{"line":148,"column":29},"end":{"line":151,"column":20}},"63":{"start":{"line":153,"column":12},"end":{"line":153,"column":70}},"64":{"start":{"line":154,"column":25},"end":{"line":154,"column":46}},"65":{"start":{"line":156,"column":12},"end":{"line":158,"column":13}},"66":{"start":{"line":157,"column":14},"end":{"line":157,"column":74}},"67":{"start":{"line":160,"column":12},"end":{"line":160,"column":24}},"68":{"start":{"line":162,"column":12},"end":{"line":162,"column":74}},"69":{"start":{"line":164,"column":29},"end":{"line":167,"column":20}},"70":{"start":{"line":169,"column":25},"end":{"line":169,"column":46}},"71":{"start":{"line":170,"column":12},"end":{"line":172,"column":13}},"72":{"start":{"line":171,"column":14},"end":{"line":171,"column":86}},"73":{"start":{"line":174,"column":12},"end":{"line":174,"column":24}},"74":{"start":{"line":180,"column":27},"end":{"line":183,"column":18}},"75":{"start":{"line":185,"column":23},"end":{"line":185,"column":44}},"76":{"start":{"line":186,"column":10},"end":{"line":188,"column":11}},"77":{"start":{"line":187,"column":12},"end":{"line":187,"column":75}},"78":{"start":{"line":190,"column":10},"end":{"line":190,"column":22}},"79":{"start":{"line":195,"column":27},"end":{"line":198,"column":18}},"80":{"start":{"line":200,"column":23},"end":{"line":200,"column":44}},"81":{"start":{"line":201,"column":10},"end":{"line":203,"column":11}},"82":{"start":{"line":202,"column":12},"end":{"line":202,"column":71}},"83":{"start":{"line":205,"column":10},"end":{"line":205,"column":22}},"84":{"start":{"line":210,"column":27},"end":{"line":213,"column":18}},"85":{"start":{"line":215,"column":23},"end":{"line":215,"column":44}},"86":{"start":{"line":216,"column":10},"end":{"line":218,"column":11}},"87":{"start":{"line":217,"column":12},"end":{"line":217,"column":80}},"88":{"start":{"line":220,"column":10},"end":{"line":220,"column":22}},"89":{"start":{"line":225,"column":27},"end":{"line":228,"column":18}},"90":{"start":{"line":230,"column":23},"end":{"line":230,"column":44}},"91":{"start":{"line":231,"column":10},"end":{"line":233,"column":11}},"92":{"start":{"line":232,"column":12},"end":{"line":232,"column":75}},"93":{"start":{"line":235,"column":10},"end":{"line":235,"column":22}},"94":{"start":{"line":240,"column":27},"end":{"line":240,"column":112}},"95":{"start":{"line":241,"column":30},"end":{"line":241,"column":121}},"96":{"start":{"line":242,"column":26},"end":{"line":242,"column":109}},"97":{"start":{"line":243,"column":34},"end":{"line":243,"column":133}},"98":{"start":{"line":244,"column":30},"end":{"line":244,"column":121}},"99":{"start":{"line":247,"column":24},"end":{"line":253,"column":53}},"100":{"start":{"line":253,"column":24},"end":{"line":253,"column":52}},"101":{"start":{"line":255,"column":6},"end":{"line":257,"column":7}},"102":{"start":{"line":256,"column":8},"end":{"line":256,"column":98}},"103":{"start":{"line":260,"column":31},"end":{"line":260,"column":57}},"104":{"start":{"line":261,"column":35},"end":{"line":263,"column":19}},"105":{"start":{"line":262,"column":8},"end":{"line":262,"column":41}},"106":{"start":{"line":265,"column":29},"end":{"line":267,"column":11}},"107":{"start":{"line":270,"column":31},"end":{"line":286,"column":7}},"108":{"start":{"line":289,"column":6},"end":{"line":295,"column":9}},"109":{"start":{"line":298,"column":34},"end":{"line":304,"column":52}},"110":{"start":{"line":304,"column":23},"end":{"line":304,"column":51}},"111":{"start":{"line":306,"column":6},"end":{"line":308,"column":7}},"112":{"start":{"line":307,"column":8},"end":{"line":307,"column":80}},"113":{"start":{"line":311,"column":6},"end":{"line":311,"column":61}},"114":{"start":{"line":315,"column":8},"end":{"line":319,"column":35}},"115":{"start":{"line":321,"column":6},"end":{"line":344,"column":7}},"116":{"start":{"line":322,"column":8},"end":{"line":322,"column":66}},"117":{"start":{"line":324,"column":25},"end":{"line":330,"column":9}},"118":{"start":{"line":331,"column":8},"end":{"line":331,"column":35}},"119":{"start":{"line":332,"column":8},"end":{"line":332,"column":67}},"120":{"start":{"line":334,"column":8},"end":{"line":334,"column":67}},"121":{"start":{"line":337,"column":8},"end":{"line":343,"column":11}},"122":{"start":{"line":346,"column":6},"end":{"line":346,"column":26}},"123":{"start":{"line":350,"column":23},"end":{"line":368,"column":3}},"124":{"start":{"line":351,"column":4},"end":{"line":367,"column":5}},"125":{"start":{"line":353,"column":6},"end":{"line":353,"column":33}},"126":{"start":{"line":356,"column":6},"end":{"line":356,"column":45}},"127":{"start":{"line":357,"column":6},"end":{"line":357,"column":48}},"128":{"start":{"line":360,"column":6},"end":{"line":360,"column":17}},"129":{"start":{"line":362,"column":6},"end":{"line":362,"column":51}},"130":{"start":{"line":364,"column":6},"end":{"line":364,"column":45}},"131":{"start":{"line":365,"column":6},"end":{"line":365,"column":48}},"132":{"start":{"line":366,"column":6},"end":{"line":366,"column":17}},"133":{"start":{"line":371,"column":23},"end":{"line":373,"column":3}},"134":{"start":{"line":372,"column":4},"end":{"line":372,"column":64}},"135":{"start":{"line":375,"column":2},"end":{"line":567,"column":4}},"136":{"start":{"line":475,"column":24},"end":{"line":490,"column":31}},"137":{"start":{"line":501,"column":72},"end":{"line":501,"column":108}},"138":{"start":{"line":501,"column":96},"end":{"line":501,"column":107}},"139":{"start":{"line":507,"column":72},"end":{"line":507,"column":111}},"140":{"start":{"line":507,"column":99},"end":{"line":507,"column":110}},"141":{"start":{"line":513,"column":72},"end":{"line":513,"column":107}},"142":{"start":{"line":513,"column":95},"end":{"line":513,"column":106}},"143":{"start":{"line":534,"column":10},"end":{"line":563,"column":22}},"144":{"start":{"line":537,"column":27},"end":{"line":537,"column":48}},"145":{"start":{"line":538,"column":36},"end":{"line":543,"column":13}},"146":{"start":{"line":570,"column":15},"end":{"line":591,"column":2}}},"fnMap":{"0":{"name":"Dashboard","decl":{"start":{"line":36,"column":24},"end":{"line":36,"column":33}},"loc":{"start":{"line":36,"column":74},"end":{"line":568,"column":1}},"line":36},"1":{"name":"(anonymous_1)","decl":{"start":{"line":60,"column":12},"end":{"line":60,"column":13}},"loc":{"start":{"line":60,"column":18},"end":{"line":67,"column":3}},"line":60},"2":{"name":"(anonymous_2)","decl":{"start":{"line":63,"column":35},"end":{"line":63,"column":36}},"loc":{"start":{"line":63,"column":41},"end":{"line":65,"column":7}},"line":63},"3":{"name":"(anonymous_3)","decl":{"start":{"line":69,"column":32},"end":{"line":69,"column":33}},"loc":{"start":{"line":69,"column":38},"end":{"line":90,"column":3}},"line":69},"4":{"name":"(anonymous_4)","decl":{"start":{"line":78,"column":35},"end":{"line":78,"column":36}},"loc":{"start":{"line":78,"column":41},"end":{"line":80,"column":7}},"line":78},"5":{"name":"(anonymous_5)","decl":{"start":{"line":82,"column":31},"end":{"line":82,"column":32}},"loc":{"start":{"line":82,"column":37},"end":{"line":82,"column":57}},"line":82},"6":{"name":"(anonymous_6)","decl":{"start":{"line":84,"column":34},"end":{"line":84,"column":35}},"loc":{"start":{"line":84,"column":40},"end":{"line":84,"column":60}},"line":84},"7":{"name":"(anonymous_7)","decl":{"start":{"line":86,"column":30},"end":{"line":86,"column":31}},"loc":{"start":{"line":86,"column":36},"end":{"line":86,"column":56}},"line":86},"8":{"name":"(anonymous_8)","decl":{"start":{"line":92,"column":27},"end":{"line":92,"column":28}},"loc":{"start":{"line":92,"column":81},"end":{"line":107,"column":3}},"line":92},"9":{"name":"(anonymous_9)","decl":{"start":{"line":94,"column":26},"end":{"line":94,"column":27}},"loc":{"start":{"line":94,"column":32},"end":{"line":94,"column":50}},"line":94},"10":{"name":"(anonymous_10)","decl":{"start":{"line":109,"column":29},"end":{"line":109,"column":30}},"loc":{"start":{"line":109,"column":41},"end":{"line":348,"column":3}},"line":109},"11":{"name":"(anonymous_11)","decl":{"start":{"line":145,"column":9},"end":{"line":145,"column":10}},"loc":{"start":{"line":145,"column":21},"end":{"line":176,"column":9}},"line":145},"12":{"name":"(anonymous_12)","decl":{"start":{"line":179,"column":9},"end":{"line":179,"column":10}},"loc":{"start":{"line":179,"column":21},"end":{"line":191,"column":9}},"line":179},"13":{"name":"(anonymous_13)","decl":{"start":{"line":194,"column":9},"end":{"line":194,"column":10}},"loc":{"start":{"line":194,"column":21},"end":{"line":206,"column":9}},"line":194},"14":{"name":"(anonymous_14)","decl":{"start":{"line":209,"column":9},"end":{"line":209,"column":10}},"loc":{"start":{"line":209,"column":21},"end":{"line":221,"column":9}},"line":209},"15":{"name":"(anonymous_15)","decl":{"start":{"line":224,"column":9},"end":{"line":224,"column":10}},"loc":{"start":{"line":224,"column":21},"end":{"line":236,"column":9}},"line":224},"16":{"name":"(anonymous_16)","decl":{"start":{"line":253,"column":14},"end":{"line":253,"column":15}},"loc":{"start":{"line":253,"column":24},"end":{"line":253,"column":52}},"line":253},"17":{"name":"(anonymous_17)","decl":{"start":{"line":261,"column":64},"end":{"line":261,"column":65}},"loc":{"start":{"line":262,"column":8},"end":{"line":262,"column":41}},"line":262},"18":{"name":"(anonymous_18)","decl":{"start":{"line":304,"column":13},"end":{"line":304,"column":14}},"loc":{"start":{"line":304,"column":23},"end":{"line":304,"column":51}},"line":304},"19":{"name":"(anonymous_19)","decl":{"start":{"line":350,"column":23},"end":{"line":350,"column":24}},"loc":{"start":{"line":350,"column":35},"end":{"line":368,"column":3}},"line":350},"20":{"name":"(anonymous_20)","decl":{"start":{"line":371,"column":23},"end":{"line":371,"column":24}},"loc":{"start":{"line":371,"column":48},"end":{"line":373,"column":3}},"line":371},"21":{"name":"(anonymous_21)","decl":{"start":{"line":474,"column":28},"end":{"line":474,"column":29}},"loc":{"start":{"line":475,"column":24},"end":{"line":490,"column":31}},"line":475},"22":{"name":"(anonymous_22)","decl":{"start":{"line":501,"column":34},"end":{"line":501,"column":35}},"loc":{"start":{"line":501,"column":72},"end":{"line":501,"column":108}},"line":501},"23":{"name":"(anonymous_23)","decl":{"start":{"line":501,"column":90},"end":{"line":501,"column":91}},"loc":{"start":{"line":501,"column":96},"end":{"line":501,"column":107}},"line":501},"24":{"name":"(anonymous_24)","decl":{"start":{"line":507,"column":34},"end":{"line":507,"column":35}},"loc":{"start":{"line":507,"column":72},"end":{"line":507,"column":111}},"line":507},"25":{"name":"(anonymous_25)","decl":{"start":{"line":507,"column":93},"end":{"line":507,"column":94}},"loc":{"start":{"line":507,"column":99},"end":{"line":507,"column":110}},"line":507},"26":{"name":"(anonymous_26)","decl":{"start":{"line":513,"column":34},"end":{"line":513,"column":35}},"loc":{"start":{"line":513,"column":72},"end":{"line":513,"column":107}},"line":513},"27":{"name":"(anonymous_27)","decl":{"start":{"line":513,"column":89},"end":{"line":513,"column":90}},"loc":{"start":{"line":513,"column":95},"end":{"line":513,"column":106}},"line":513},"28":{"name":"(anonymous_28)","decl":{"start":{"line":533,"column":14},"end":{"line":533,"column":15}},"loc":{"start":{"line":534,"column":10},"end":{"line":563,"column":22}},"line":534},"29":{"name":"(anonymous_29)","decl":{"start":{"line":537,"column":21},"end":{"line":537,"column":22}},"loc":{"start":{"line":537,"column":27},"end":{"line":537,"column":48}},"line":537},"30":{"name":"(anonymous_30)","decl":{"start":{"line":538,"column":19},"end":{"line":538,"column":20}},"loc":{"start":{"line":538,"column":36},"end":{"line":543,"column":13}},"line":538}},"branchMap":{"0":{"loc":{"start":{"line":61,"column":4},"end":{"line":66,"column":5}},"type":"if","locations":[{"start":{"line":61,"column":4},"end":{"line":66,"column":5}},{"start":{},"end":{}}],"line":61},"1":{"loc":{"start":{"line":71,"column":4},"end":{"line":74,"column":5}},"type":"if","locations":[{"start":{"line":71,"column":4},"end":{"line":74,"column":5}},{"start":{},"end":{}}],"line":71},"2":{"loc":{"start":{"line":77,"column":4},"end":{"line":89,"column":5}},"type":"if","locations":[{"start":{"line":77,"column":4},"end":{"line":89,"column":5}},{"start":{"line":81,"column":11},"end":{"line":89,"column":5}}],"line":77},"3":{"loc":{"start":{"line":81,"column":11},"end":{"line":89,"column":5}},"type":"if","locations":[{"start":{"line":81,"column":11},"end":{"line":89,"column":5}},{"start":{"line":83,"column":11},"end":{"line":89,"column":5}}],"line":81},"4":{"loc":{"start":{"line":81,"column":15},"end":{"line":81,"column":57}},"type":"binary-expr","locations":[{"start":{"line":81,"column":15},"end":{"line":81,"column":39}},{"start":{"line":81,"column":43},"end":{"line":81,"column":57}}],"line":81},"5":{"loc":{"start":{"line":83,"column":11},"end":{"line":89,"column":5}},"type":"if","locations":[{"start":{"line":83,"column":11},"end":{"line":89,"column":5}},{"start":{"line":85,"column":11},"end":{"line":89,"column":5}}],"line":83},"6":{"loc":{"start":{"line":83,"column":15},"end":{"line":83,"column":63}},"type":"binary-expr","locations":[{"start":{"line":83,"column":15},"end":{"line":83,"column":42}},{"start":{"line":83,"column":46},"end":{"line":83,"column":63}}],"line":83},"7":{"loc":{"start":{"line":85,"column":11},"end":{"line":89,"column":5}},"type":"if","locations":[{"start":{"line":85,"column":11},"end":{"line":89,"column":5}},{"start":{"line":87,"column":11},"end":{"line":89,"column":5}}],"line":85},"8":{"loc":{"start":{"line":85,"column":15},"end":{"line":85,"column":55}},"type":"binary-expr","locations":[{"start":{"line":85,"column":15},"end":{"line":85,"column":38}},{"start":{"line":85,"column":42},"end":{"line":85,"column":55}}],"line":85},"9":{"loc":{"start":{"line":92,"column":61},"end":{"line":92,"column":76}},"type":"default-arg","locations":[{"start":{"line":92,"column":71},"end":{"line":92,"column":76}}],"line":92},"10":{"loc":{"start":{"line":111,"column":4},"end":{"line":114,"column":5}},"type":"if","locations":[{"start":{"line":111,"column":4},"end":{"line":114,"column":5}},{"start":{},"end":{}}],"line":111},"11":{"loc":{"start":{"line":111,"column":8},"end":{"line":111,"column":32}},"type":"binary-expr","locations":[{"start":{"line":111,"column":8},"end":{"line":111,"column":17}},{"start":{"line":111,"column":21},"end":{"line":111,"column":32}}],"line":111},"12":{"loc":{"start":{"line":117,"column":4},"end":{"line":117,"column":40}},"type":"if","locations":[{"start":{"line":117,"column":4},"end":{"line":117,"column":40}},{"start":{},"end":{}}],"line":117},"13":{"loc":{"start":{"line":122,"column":6},"end":{"line":124,"column":7}},"type":"if","locations":[{"start":{"line":122,"column":6},"end":{"line":124,"column":7}},{"start":{},"end":{}}],"line":122},"14":{"loc":{"start":{"line":128,"column":22},"end":{"line":128,"column":86}},"type":"binary-expr","locations":[{"start":{"line":128,"column":22},"end":{"line":128,"column":53}},{"start":{"line":128,"column":57},"end":{"line":128,"column":86}}],"line":128},"15":{"loc":{"start":{"line":156,"column":12},"end":{"line":158,"column":13}},"type":"if","locations":[{"start":{"line":156,"column":12},"end":{"line":158,"column":13}},{"start":{},"end":{}}],"line":156},"16":{"loc":{"start":{"line":157,"column":30},"end":{"line":157,"column":72}},"type":"binary-expr","locations":[{"start":{"line":157,"column":30},"end":{"line":157,"column":42}},{"start":{"line":157,"column":46},"end":{"line":157,"column":72}}],"line":157},"17":{"loc":{"start":{"line":170,"column":12},"end":{"line":172,"column":13}},"type":"if","locations":[{"start":{"line":170,"column":12},"end":{"line":172,"column":13}},{"start":{},"end":{}}],"line":170},"18":{"loc":{"start":{"line":171,"column":30},"end":{"line":171,"column":84}},"type":"binary-expr","locations":[{"start":{"line":171,"column":30},"end":{"line":171,"column":42}},{"start":{"line":171,"column":46},"end":{"line":171,"column":84}}],"line":171},"19":{"loc":{"start":{"line":186,"column":10},"end":{"line":188,"column":11}},"type":"if","locations":[{"start":{"line":186,"column":10},"end":{"line":188,"column":11}},{"start":{},"end":{}}],"line":186},"20":{"loc":{"start":{"line":187,"column":28},"end":{"line":187,"column":73}},"type":"binary-expr","locations":[{"start":{"line":187,"column":28},"end":{"line":187,"column":40}},{"start":{"line":187,"column":44},"end":{"line":187,"column":73}}],"line":187},"21":{"loc":{"start":{"line":201,"column":10},"end":{"line":203,"column":11}},"type":"if","locations":[{"start":{"line":201,"column":10},"end":{"line":203,"column":11}},{"start":{},"end":{}}],"line":201},"22":{"loc":{"start":{"line":202,"column":28},"end":{"line":202,"column":69}},"type":"binary-expr","locations":[{"start":{"line":202,"column":28},"end":{"line":202,"column":40}},{"start":{"line":202,"column":44},"end":{"line":202,"column":69}}],"line":202},"23":{"loc":{"start":{"line":216,"column":10},"end":{"line":218,"column":11}},"type":"if","locations":[{"start":{"line":216,"column":10},"end":{"line":218,"column":11}},{"start":{},"end":{}}],"line":216},"24":{"loc":{"start":{"line":217,"column":28},"end":{"line":217,"column":78}},"type":"binary-expr","locations":[{"start":{"line":217,"column":28},"end":{"line":217,"column":40}},{"start":{"line":217,"column":44},"end":{"line":217,"column":78}}],"line":217},"25":{"loc":{"start":{"line":231,"column":10},"end":{"line":233,"column":11}},"type":"if","locations":[{"start":{"line":231,"column":10},"end":{"line":233,"column":11}},{"start":{},"end":{}}],"line":231},"26":{"loc":{"start":{"line":232,"column":28},"end":{"line":232,"column":73}},"type":"binary-expr","locations":[{"start":{"line":232,"column":28},"end":{"line":232,"column":40}},{"start":{"line":232,"column":44},"end":{"line":232,"column":73}}],"line":232},"27":{"loc":{"start":{"line":240,"column":27},"end":{"line":240,"column":112}},"type":"cond-expr","locations":[{"start":{"line":240,"column":67},"end":{"line":240,"column":87}},{"start":{"line":240,"column":90},"end":{"line":240,"column":112}}],"line":240},"28":{"loc":{"start":{"line":241,"column":30},"end":{"line":241,"column":121}},"type":"cond-expr","locations":[{"start":{"line":241,"column":73},"end":{"line":241,"column":96}},{"start":{"line":241,"column":99},"end":{"line":241,"column":121}}],"line":241},"29":{"loc":{"start":{"line":242,"column":26},"end":{"line":242,"column":109}},"type":"cond-expr","locations":[{"start":{"line":242,"column":65},"end":{"line":242,"column":84}},{"start":{"line":242,"column":87},"end":{"line":242,"column":109}}],"line":242},"30":{"loc":{"start":{"line":243,"column":34},"end":{"line":243,"column":133}},"type":"cond-expr","locations":[{"start":{"line":243,"column":81},"end":{"line":243,"column":108}},{"start":{"line":243,"column":111},"end":{"line":243,"column":133}}],"line":243},"31":{"loc":{"start":{"line":244,"column":30},"end":{"line":244,"column":121}},"type":"cond-expr","locations":[{"start":{"line":244,"column":73},"end":{"line":244,"column":96}},{"start":{"line":244,"column":99},"end":{"line":244,"column":121}}],"line":244},"32":{"loc":{"start":{"line":255,"column":6},"end":{"line":257,"column":7}},"type":"if","locations":[{"start":{"line":255,"column":6},"end":{"line":257,"column":7}},{"start":{},"end":{}}],"line":255},"33":{"loc":{"start":{"line":260,"column":31},"end":{"line":260,"column":57}},"type":"binary-expr","locations":[{"start":{"line":260,"column":31},"end":{"line":260,"column":52}},{"start":{"line":260,"column":56},"end":{"line":260,"column":57}}],"line":260},"34":{"loc":{"start":{"line":261,"column":35},"end":{"line":263,"column":19}},"type":"binary-expr","locations":[{"start":{"line":261,"column":35},"end":{"line":263,"column":14}},{"start":{"line":263,"column":18},"end":{"line":263,"column":19}}],"line":261},"35":{"loc":{"start":{"line":265,"column":29},"end":{"line":267,"column":11}},"type":"cond-expr","locations":[{"start":{"line":266,"column":10},"end":{"line":266,"column":69}},{"start":{"line":267,"column":10},"end":{"line":267,"column":11}}],"line":265},"36":{"loc":{"start":{"line":277,"column":20},"end":{"line":277,"column":49}},"type":"binary-expr","locations":[{"start":{"line":277,"column":20},"end":{"line":277,"column":44}},{"start":{"line":277,"column":48},"end":{"line":277,"column":49}}],"line":277},"37":{"loc":{"start":{"line":290,"column":23},"end":{"line":290,"column":46}},"type":"binary-expr","locations":[{"start":{"line":290,"column":23},"end":{"line":290,"column":41}},{"start":{"line":290,"column":45},"end":{"line":290,"column":46}}],"line":290},"38":{"loc":{"start":{"line":291,"column":26},"end":{"line":291,"column":52}},"type":"binary-expr","locations":[{"start":{"line":291,"column":26},"end":{"line":291,"column":47}},{"start":{"line":291,"column":51},"end":{"line":291,"column":52}}],"line":291},"39":{"loc":{"start":{"line":292,"column":22},"end":{"line":292,"column":44}},"type":"binary-expr","locations":[{"start":{"line":292,"column":22},"end":{"line":292,"column":39}},{"start":{"line":292,"column":43},"end":{"line":292,"column":44}}],"line":292},"40":{"loc":{"start":{"line":293,"column":30},"end":{"line":293,"column":60}},"type":"binary-expr","locations":[{"start":{"line":293,"column":30},"end":{"line":293,"column":55}},{"start":{"line":293,"column":59},"end":{"line":293,"column":60}}],"line":293},"41":{"loc":{"start":{"line":306,"column":6},"end":{"line":308,"column":7}},"type":"if","locations":[{"start":{"line":306,"column":6},"end":{"line":308,"column":7}},{"start":{},"end":{}}],"line":306},"42":{"loc":{"start":{"line":315,"column":8},"end":{"line":319,"column":35}},"type":"binary-expr","locations":[{"start":{"line":315,"column":8},"end":{"line":315,"column":50}},{"start":{"line":316,"column":8},"end":{"line":316,"column":41}},{"start":{"line":317,"column":8},"end":{"line":317,"column":44}},{"start":{"line":318,"column":8},"end":{"line":318,"column":39}},{"start":{"line":319,"column":8},"end":{"line":319,"column":35}}],"line":315},"43":{"loc":{"start":{"line":321,"column":6},"end":{"line":344,"column":7}},"type":"if","locations":[{"start":{"line":321,"column":6},"end":{"line":344,"column":7}},{"start":{"line":333,"column":13},"end":{"line":344,"column":7}}],"line":321},"44":{"loc":{"start":{"line":334,"column":17},"end":{"line":334,"column":65}},"type":"binary-expr","locations":[{"start":{"line":334,"column":17},"end":{"line":334,"column":30}},{"start":{"line":334,"column":34},"end":{"line":334,"column":65}}],"line":334},"45":{"loc":{"start":{"line":381,"column":29},"end":{"line":381,"column":74}},"type":"cond-expr","locations":[{"start":{"line":381,"column":53},"end":{"line":381,"column":69}},{"start":{"line":381,"column":72},"end":{"line":381,"column":74}}],"line":381},"46":{"loc":{"start":{"line":381,"column":53},"end":{"line":381,"column":69}},"type":"binary-expr","locations":[{"start":{"line":381,"column":53},"end":{"line":381,"column":63}},{"start":{"line":381,"column":67},"end":{"line":381,"column":69}}],"line":381},"47":{"loc":{"start":{"line":413,"column":22},"end":{"line":413,"column":63}},"type":"cond-expr","locations":[{"start":{"line":413,"column":50},"end":{"line":413,"column":51}},{"start":{"line":413,"column":54},"end":{"line":413,"column":63}}],"line":413},"48":{"loc":{"start":{"line":416,"column":11},"end":{"line":497,"column":11}},"type":"binary-expr","locations":[{"start":{"line":416,"column":11},"end":{"line":416,"column":36}},{"start":{"line":417,"column":12},"end":{"line":496,"column":13}}],"line":416},"49":{"loc":{"start":{"line":417,"column":12},"end":{"line":496,"column":13}},"type":"cond-expr","locations":[{"start":{"line":418,"column":14},"end":{"line":421,"column":21}},{"start":{"line":422,"column":16},"end":{"line":496,"column":13}}],"line":417},"50":{"loc":{"start":{"line":417,"column":12},"end":{"line":417,"column":36}},"type":"binary-expr","locations":[{"start":{"line":417,"column":12},"end":{"line":417,"column":21}},{"start":{"line":417,"column":25},"end":{"line":417,"column":36}}],"line":417},"51":{"loc":{"start":{"line":422,"column":16},"end":{"line":496,"column":13}},"type":"cond-expr","locations":[{"start":{"line":423,"column":14},"end":{"line":446,"column":21}},{"start":{"line":448,"column":14},"end":{"line":495,"column":21}}],"line":422},"52":{"loc":{"start":{"line":424,"column":17},"end":{"line":439,"column":17}},"type":"cond-expr","locations":[{"start":{"line":425,"column":18},"end":{"line":433,"column":21}},{"start":{"line":435,"column":18},"end":{"line":438,"column":21}}],"line":424},"53":{"loc":{"start":{"line":424,"column":17},"end":{"line":424,"column":74}},"type":"binary-expr","locations":[{"start":{"line":424,"column":17},"end":{"line":424,"column":42}},{"start":{"line":424,"column":46},"end":{"line":424,"column":74}}],"line":424},"54":{"loc":{"start":{"line":452,"column":30},"end":{"line":452,"column":77}},"type":"binary-expr","locations":[{"start":{"line":452,"column":30},"end":{"line":452,"column":48}},{"start":{"line":452,"column":52},"end":{"line":452,"column":66}},{"start":{"line":452,"column":70},"end":{"line":452,"column":77}}],"line":452},"55":{"loc":{"start":{"line":477,"column":92},"end":{"line":477,"column":124}},"type":"cond-expr","locations":[{"start":{"line":477,"column":104},"end":{"line":477,"column":113}},{"start":{"line":477,"column":116},"end":{"line":477,"column":124}}],"line":477},"56":{"loc":{"start":{"line":499,"column":11},"end":{"line":504,"column":11}},"type":"binary-expr","locations":[{"start":{"line":499,"column":11},"end":{"line":499,"column":35}},{"start":{"line":500,"column":12},"end":{"line":503,"column":14}}],"line":499},"57":{"loc":{"start":{"line":505,"column":11},"end":{"line":510,"column":11}},"type":"binary-expr","locations":[{"start":{"line":505,"column":11},"end":{"line":505,"column":38}},{"start":{"line":506,"column":12},"end":{"line":509,"column":14}}],"line":505},"58":{"loc":{"start":{"line":511,"column":11},"end":{"line":516,"column":11}},"type":"binary-expr","locations":[{"start":{"line":511,"column":11},"end":{"line":511,"column":34}},{"start":{"line":512,"column":12},"end":{"line":515,"column":14}}],"line":511},"59":{"loc":{"start":{"line":524,"column":27},"end":{"line":524,"column":75}},"type":"cond-expr","locations":[{"start":{"line":524,"column":51},"end":{"line":524,"column":70}},{"start":{"line":524,"column":73},"end":{"line":524,"column":75}}],"line":524},"60":{"loc":{"start":{"line":524,"column":51},"end":{"line":524,"column":70}},"type":"binary-expr","locations":[{"start":{"line":524,"column":51},"end":{"line":524,"column":64}},{"start":{"line":524,"column":68},"end":{"line":524,"column":70}}],"line":524},"61":{"loc":{"start":{"line":536,"column":38},"end":{"line":536,"column":79}},"type":"cond-expr","locations":[{"start":{"line":536,"column":62},"end":{"line":536,"column":74}},{"start":{"line":536,"column":77},"end":{"line":536,"column":79}}],"line":536},"62":{"loc":{"start":{"line":540,"column":37},"end":{"line":540,"column":55}},"type":"cond-expr","locations":[{"start":{"line":540,"column":47},"end":{"line":540,"column":51}},{"start":{"line":540,"column":54},"end":{"line":540,"column":55}}],"line":540},"63":{"loc":{"start":{"line":541,"column":25},"end":{"line":541,"column":42}},"type":"cond-expr","locations":[{"start":{"line":541,"column":35},"end":{"line":541,"column":38}},{"start":{"line":541,"column":41},"end":{"line":541,"column":42}}],"line":541},"64":{"loc":{"start":{"line":546,"column":51},"end":{"line":546,"column":93}},"type":"cond-expr","locations":[{"start":{"line":546,"column":75},"end":{"line":546,"column":88}},{"start":{"line":546,"column":91},"end":{"line":546,"column":93}}],"line":546},"65":{"loc":{"start":{"line":550,"column":25},"end":{"line":550,"column":70}},"type":"cond-expr","locations":[{"start":{"line":550,"column":49},"end":{"line":550,"column":58}},{"start":{"line":550,"column":61},"end":{"line":550,"column":70}}],"line":550},"66":{"loc":{"start":{"line":555,"column":18},"end":{"line":557,"column":37}},"type":"cond-expr","locations":[{"start":{"line":556,"column":22},"end":{"line":556,"column":51}},{"start":{"line":557,"column":22},"end":{"line":557,"column":37}}],"line":555}},"s":{"0":0,"1":0,"2":0,"3":0,"4":0,"5":0,"6":0,"7":0,"8":0,"9":0,"10":0,"11":0,"12":0,"13":0,"14":0,"15":0,"16":0,"17":0,"18":0,"19":0,"20":0,"21":0,"22":0,"23":0,"24":0,"25":0,"26":0,"27":0,"28":0,"29":0,"30":0,"31":0,"32":0,"33":0,"34":0,"35":0,"36":0,"37":0,"38":0,"39":0,"40":0,"41":0,"42":0,"43":0,"44":0,"45":0,"46":0,"47":0,"48":0,"49":0,"50":0,"51":0,"52":0,"53":0,"54":0,"55":0,"56":0,"57":0,"58":0,"59":0,"60":0,"61":0,"62":0,"63":0,"64":0,"65":0,"66":0,"67":0,"68":0,"69":0,"70":0,"71":0,"72":0,"73":0,"74":0,"75":0,"76":0,"77":0,"78":0,"79":0,"80":0,"81":0,"82":0,"83":0,"84":0,"85":0,"86":0,"87":0,"88":0,"89":0,"90":0,"91":0,"92":0,"93":0,"94":0,"95":0,"96":0,"97":0,"98":0,"99":0,"100":0,"101":0,"102":0,"103":0,"104":0,"105":0,"106":0,"107":0,"108":0,"109":0,"110":0,"111":0,"112":0,"113":0,"114":0,"115":0,"116":0,"117":0,"118":0,"119":0,"120":0,"121":0,"122":0,"123":0,"124":0,"125":0,"126":0,"127":0,"128":0,"129":0,"130":0,"131":0,"132":0,"133":0,"134":0,"135":0,"136":0,"137":0,"138":0,"139":0,"140":0,"141":0,"142":0,"143":0,"144":0,"145":0,"146":0},"f":{"0":0,"1":0,"2":0,"3":0,"4":0,"5":0,"6":0,"7":0,"8":0,"9":0,"10":0,"11":0,"12":0,"13":0,"14":0,"15":0,"16":0,"17":0,"18":0,"19":0,"20":0,"21":0,"22":0,"23":0,"24":0,"25":0,"26":0,"27":0,"28":0,"29":0,"30":0},"b":{"0":[0,0],"1":[0,0],"2":[0,0],"3":[0,0],"4":[0,0],"5":[0,0],"6":[0,0],"7":[0,0],"8":[0,0],"9":[0],"10":[0,0],"11":[0,0],"12":[0,0],"13":[0,0],"14":[0,0],"15":[0,0],"16":[0,0],"17":[0,0],"18":[0,0],"19":[0,0],"20":[0,0],"21":[0,0],"22":[0,0],"23":[0,0],"24":[0,0],"25":[0,0],"26":[0,0],"27":[0,0],"28":[0,0],"29":[0,0],"30":[0,0],"31":[0,0],"32":[0,0],"33":[0,0],"34":[0,0],"35":[0,0],"36":[0,0],"37":[0,0],"38":[0,0],"39":[0,0],"40":[0,0],"41":[0,0],"42":[0,0,0,0,0],"43":[0,0],"44":[0,0],"45":[0,0],"46":[0,0],"47":[0,0],"48":[0,0],"49":[0,0],"50":[0,0],"51":[0,0],"52":[0,0],"53":[0,0],"54":[0,0,0],"55":[0,0],"56":[0,0],"57":[0,0],"58":[0,0],"59":[0,0],"60":[0,0],"61":[0,0],"62":[0,0],"63":[0,0],"64":[0,0],"65":[0,0],"66":[0,0]}}
,"D:\\01. School Final Project\\AAS_FinalProject\\05. Implementation\\FE\\app\\components\\InstructorDashboard.tsx": {"path":"D:\\01. School Final Project\\AAS_FinalProject\\05. Implementation\\FE\\app\\components\\InstructorDashboard.tsx","statementMap":{"0":{"start":{"line":25,"column":14},"end":{"line":25,"column":35}},"1":{"start":{"line":33,"column":27},"end":{"line":202,"column":1}},"2":{"start":{"line":46,"column":40},"end":{"line":46,"column":52}},"3":{"start":{"line":48,"column":2},"end":{"line":48,"column":98}},"4":{"start":{"line":51,"column":2},"end":{"line":132,"column":3}},"5":{"start":{"line":52,"column":4},"end":{"line":52,"column":60}},"6":{"start":{"line":53,"column":4},"end":{"line":131,"column":6}},"7":{"start":{"line":77,"column":16},"end":{"line":83,"column":17}},"8":{"start":{"line":78,"column":18},"end":{"line":78,"column":77}},"9":{"start":{"line":79,"column":18},"end":{"line":79,"column":38}},"10":{"start":{"line":80,"column":18},"end":{"line":80,"column":37}},"11":{"start":{"line":82,"column":18},"end":{"line":82,"column":74}},"12":{"start":{"line":96,"column":18},"end":{"line":96,"column":73}},"13":{"start":{"line":97,"column":18},"end":{"line":100,"column":19}},"14":{"start":{"line":98,"column":20},"end":{"line":98,"column":37}},"15":{"start":{"line":99,"column":20},"end":{"line":99,"column":40}},"16":{"start":{"line":106,"column":18},"end":{"line":106,"column":49}},"17":{"start":{"line":107,"column":18},"end":{"line":107,"column":36}},"18":{"start":{"line":109,"column":41},"end":{"line":109,"column":84}},"19":{"start":{"line":135,"column":2},"end":{"line":142,"column":3}},"20":{"start":{"line":136,"column":4},"end":{"line":136,"column":67}},"21":{"start":{"line":137,"column":4},"end":{"line":141,"column":6}},"22":{"start":{"line":144,"column":2},"end":{"line":151,"column":3}},"23":{"start":{"line":145,"column":4},"end":{"line":145,"column":44}},"24":{"start":{"line":146,"column":4},"end":{"line":150,"column":6}},"25":{"start":{"line":153,"column":2},"end":{"line":153,"column":76}},"26":{"start":{"line":155,"column":2},"end":{"line":201,"column":4}},"27":{"start":{"line":169,"column":10},"end":{"line":169,"column":65}},"28":{"start":{"line":170,"column":10},"end":{"line":173,"column":11}},"29":{"start":{"line":171,"column":12},"end":{"line":171,"column":29}},"30":{"start":{"line":172,"column":12},"end":{"line":172,"column":32}},"31":{"start":{"line":179,"column":10},"end":{"line":179,"column":41}},"32":{"start":{"line":180,"column":10},"end":{"line":180,"column":28}},"33":{"start":{"line":182,"column":33},"end":{"line":182,"column":76}},"34":{"start":{"line":205,"column":17},"end":{"line":205,"column":36}},"35":{"start":{"line":206,"column":36},"end":{"line":206,"column":80}},"36":{"start":{"line":207,"column":46},"end":{"line":207,"column":65}},"37":{"start":{"line":208,"column":48},"end":{"line":208,"column":67}},"38":{"start":{"line":209,"column":32},"end":{"line":209,"column":46}},"39":{"start":{"line":210,"column":28},"end":{"line":210,"column":57}},"40":{"start":{"line":211,"column":19},"end":{"line":211,"column":40}},"41":{"start":{"line":214,"column":34},"end":{"line":214,"column":90}},"42":{"start":{"line":215,"column":46},"end":{"line":215,"column":65}},"43":{"start":{"line":216,"column":48},"end":{"line":216,"column":67}},"44":{"start":{"line":217,"column":34},"end":{"line":217,"column":53}},"45":{"start":{"line":218,"column":48},"end":{"line":218,"column":63}},"46":{"start":{"line":221,"column":44},"end":{"line":221,"column":59}},"47":{"start":{"line":222,"column":44},"end":{"line":222,"column":74}},"48":{"start":{"line":223,"column":32},"end":{"line":223,"column":47}},"49":{"start":{"line":226,"column":54},"end":{"line":226,"column":91}},"50":{"start":{"line":227,"column":58},"end":{"line":227,"column":96}},"51":{"start":{"line":228,"column":48},"end":{"line":228,"column":63}},"52":{"start":{"line":229,"column":66},"end":{"line":229,"column":85}},"53":{"start":{"line":232,"column":50},"end":{"line":232,"column":65}},"54":{"start":{"line":233,"column":46},"end":{"line":233,"column":65}},"55":{"start":{"line":236,"column":54},"end":{"line":236,"column":76}},"56":{"start":{"line":239,"column":2},"end":{"line":241,"column":9}},"57":{"start":{"line":240,"column":4},"end":{"line":240,"column":26}},"58":{"start":{"line":244,"column":2},"end":{"line":263,"column":47}},"59":{"start":{"line":245,"column":4},"end":{"line":262,"column":5}},"60":{"start":{"line":246,"column":6},"end":{"line":246,"column":72}},"61":{"start":{"line":247,"column":6},"end":{"line":257,"column":11}},"62":{"start":{"line":248,"column":8},"end":{"line":256,"column":9}},"63":{"start":{"line":249,"column":10},"end":{"line":249,"column":57}},"64":{"start":{"line":250,"column":25},"end":{"line":250,"column":56}},"65":{"start":{"line":251,"column":10},"end":{"line":251,"column":59}},"66":{"start":{"line":252,"column":10},"end":{"line":252,"column":43}},"67":{"start":{"line":254,"column":10},"end":{"line":254,"column":70}},"68":{"start":{"line":255,"column":10},"end":{"line":255,"column":34}},"69":{"start":{"line":258,"column":11},"end":{"line":262,"column":5}},"70":{"start":{"line":259,"column":6},"end":{"line":259,"column":79}},"71":{"start":{"line":261,"column":6},"end":{"line":261,"column":29}},"72":{"start":{"line":265,"column":30},"end":{"line":324,"column":3}},"73":{"start":{"line":266,"column":4},"end":{"line":323,"column":5}},"74":{"start":{"line":267,"column":20},"end":{"line":267,"column":55}},"75":{"start":{"line":268,"column":6},"end":{"line":270,"column":7}},"76":{"start":{"line":269,"column":8},"end":{"line":269,"column":57}},"77":{"start":{"line":272,"column":6},"end":{"line":272,"column":85}},"78":{"start":{"line":275,"column":29},"end":{"line":275,"column":67}},"79":{"start":{"line":276,"column":6},"end":{"line":278,"column":7}},"80":{"start":{"line":277,"column":8},"end":{"line":277,"column":46}},"81":{"start":{"line":280,"column":23},"end":{"line":280,"column":49}},"82":{"start":{"line":281,"column":6},"end":{"line":281,"column":42}},"83":{"start":{"line":283,"column":6},"end":{"line":285,"column":7}},"84":{"start":{"line":284,"column":8},"end":{"line":284,"column":111}},"85":{"start":{"line":287,"column":22},"end":{"line":287,"column":86}},"86":{"start":{"line":288,"column":18},"end":{"line":288,"column":61}},"87":{"start":{"line":290,"column":6},"end":{"line":290,"column":57}},"88":{"start":{"line":292,"column":23},"end":{"line":298,"column":8}},"89":{"start":{"line":300,"column":6},"end":{"line":300,"column":55}},"90":{"start":{"line":301,"column":19},"end":{"line":301,"column":40}},"91":{"start":{"line":302,"column":6},"end":{"line":302,"column":42}},"92":{"start":{"line":304,"column":6},"end":{"line":306,"column":7}},"93":{"start":{"line":305,"column":8},"end":{"line":305,"column":75}},"94":{"start":{"line":309,"column":6},"end":{"line":311,"column":7}},"95":{"start":{"line":310,"column":8},"end":{"line":310,"column":70}},"96":{"start":{"line":313,"column":6},"end":{"line":313,"column":35}},"97":{"start":{"line":314,"column":6},"end":{"line":314,"column":21}},"98":{"start":{"line":317,"column":6},"end":{"line":317,"column":49}},"99":{"start":{"line":319,"column":6},"end":{"line":319,"column":62}},"100":{"start":{"line":320,"column":6},"end":{"line":320,"column":91}},"101":{"start":{"line":322,"column":6},"end":{"line":322,"column":24}},"102":{"start":{"line":326,"column":31},"end":{"line":356,"column":3}},"103":{"start":{"line":327,"column":4},"end":{"line":355,"column":5}},"104":{"start":{"line":328,"column":18},"end":{"line":328,"column":54}},"105":{"start":{"line":329,"column":6},"end":{"line":329,"column":58}},"106":{"start":{"line":331,"column":23},"end":{"line":337,"column":8}},"107":{"start":{"line":339,"column":6},"end":{"line":339,"column":63}},"108":{"start":{"line":340,"column":19},"end":{"line":340,"column":40}},"109":{"start":{"line":341,"column":6},"end":{"line":341,"column":50}},"110":{"start":{"line":343,"column":6},"end":{"line":345,"column":7}},"111":{"start":{"line":344,"column":8},"end":{"line":344,"column":76}},"112":{"start":{"line":347,"column":6},"end":{"line":349,"column":7}},"113":{"start":{"line":348,"column":8},"end":{"line":348,"column":76}},"114":{"start":{"line":351,"column":6},"end":{"line":351,"column":45}},"115":{"start":{"line":353,"column":6},"end":{"line":353,"column":63}},"116":{"start":{"line":354,"column":6},"end":{"line":354,"column":92}},"117":{"start":{"line":359,"column":31},"end":{"line":411,"column":3}},"118":{"start":{"line":360,"column":4},"end":{"line":410,"column":5}},"119":{"start":{"line":361,"column":20},"end":{"line":361,"column":55}},"120":{"start":{"line":362,"column":6},"end":{"line":364,"column":7}},"121":{"start":{"line":363,"column":8},"end":{"line":363,"column":57}},"122":{"start":{"line":366,"column":22},"end":{"line":366,"column":86}},"123":{"start":{"line":367,"column":20},"end":{"line":367,"column":58}},"124":{"start":{"line":368,"column":18},"end":{"line":368,"column":80}},"125":{"start":{"line":370,"column":6},"end":{"line":370,"column":64}},"126":{"start":{"line":372,"column":23},"end":{"line":378,"column":8}},"127":{"start":{"line":380,"column":6},"end":{"line":380,"column":66}},"128":{"start":{"line":382,"column":6},"end":{"line":386,"column":7}},"129":{"start":{"line":383,"column":26},"end":{"line":383,"column":65}},"130":{"start":{"line":383,"column":61},"end":{"line":383,"column":63}},"131":{"start":{"line":384,"column":8},"end":{"line":384,"column":63}},"132":{"start":{"line":385,"column":8},"end":{"line":385,"column":83}},"133":{"start":{"line":388,"column":19},"end":{"line":388,"column":40}},"134":{"start":{"line":389,"column":6},"end":{"line":389,"column":56}},"135":{"start":{"line":391,"column":6},"end":{"line":404,"column":7}},"136":{"start":{"line":393,"column":52},"end":{"line":393,"column":54}},"137":{"start":{"line":395,"column":8},"end":{"line":400,"column":11}},"138":{"start":{"line":396,"column":10},"end":{"line":399,"column":11}},"139":{"start":{"line":397,"column":12},"end":{"line":397,"column":60}},"140":{"start":{"line":398,"column":12},"end":{"line":398,"column":96}},"141":{"start":{"line":402,"column":8},"end":{"line":402,"column":43}},"142":{"start":{"line":403,"column":8},"end":{"line":403,"column":65}},"143":{"start":{"line":406,"column":6},"end":{"line":406,"column":29}},"144":{"start":{"line":408,"column":6},"end":{"line":408,"column":66}},"145":{"start":{"line":409,"column":6},"end":{"line":409,"column":16}},"146":{"start":{"line":414,"column":34},"end":{"line":635,"column":3}},"147":{"start":{"line":415,"column":4},"end":{"line":634,"column":5}},"148":{"start":{"line":416,"column":6},"end":{"line":416,"column":31}},"149":{"start":{"line":418,"column":30},"end":{"line":418,"column":55}},"150":{"start":{"line":420,"column":20},"end":{"line":420,"column":55}},"151":{"start":{"line":421,"column":6},"end":{"line":423,"column":7}},"152":{"start":{"line":422,"column":8},"end":{"line":422,"column":57}},"153":{"start":{"line":425,"column":22},"end":{"line":425,"column":86}},"154":{"start":{"line":426,"column":18},"end":{"line":426,"column":65}},"155":{"start":{"line":428,"column":6},"end":{"line":428,"column":57}},"156":{"start":{"line":430,"column":6},"end":{"line":625,"column":7}},"157":{"start":{"line":431,"column":25},"end":{"line":437,"column":10}},"158":{"start":{"line":439,"column":8},"end":{"line":439,"column":66}},"159":{"start":{"line":440,"column":21},"end":{"line":440,"column":42}},"160":{"start":{"line":441,"column":8},"end":{"line":441,"column":53}},"161":{"start":{"line":443,"column":8},"end":{"line":445,"column":9}},"162":{"start":{"line":444,"column":10},"end":{"line":444,"column":70}},"163":{"start":{"line":448,"column":34},"end":{"line":494,"column":10}},"164":{"start":{"line":450,"column":10},"end":{"line":461,"column":11}},"165":{"start":{"line":452,"column":12},"end":{"line":460,"column":13}},"166":{"start":{"line":454,"column":31},"end":{"line":456,"column":37}},"167":{"start":{"line":459,"column":14},"end":{"line":459,"column":61}},"168":{"start":{"line":464,"column":10},"end":{"line":468,"column":11}},"169":{"start":{"line":465,"column":34},"end":{"line":465,"column":95}},"170":{"start":{"line":466,"column":30},"end":{"line":466,"column":72}},"171":{"start":{"line":467,"column":12},"end":{"line":467,"column":109}},"172":{"start":{"line":471,"column":37},"end":{"line":471,"column":38}},"173":{"start":{"line":474,"column":10},"end":{"line":488,"column":11}},"174":{"start":{"line":476,"column":12},"end":{"line":476,"column":76}},"175":{"start":{"line":477,"column":12},"end":{"line":477,"column":102}},"176":{"start":{"line":480,"column":15},"end":{"line":488,"column":11}},"177":{"start":{"line":481,"column":12},"end":{"line":481,"column":65}},"178":{"start":{"line":482,"column":12},"end":{"line":482,"column":98}},"179":{"start":{"line":485,"column":15},"end":{"line":488,"column":11}},"180":{"start":{"line":486,"column":12},"end":{"line":486,"column":54}},"181":{"start":{"line":487,"column":12},"end":{"line":487,"column":99}},"182":{"start":{"line":491,"column":10},"end":{"line":491,"column":52}},"183":{"start":{"line":493,"column":10},"end":{"line":493,"column":25}},"184":{"start":{"line":496,"column":8},"end":{"line":496,"column":78}},"185":{"start":{"line":497,"column":8},"end":{"line":497,"column":39}},"186":{"start":{"line":500,"column":8},"end":{"line":522,"column":9}},"187":{"start":{"line":501,"column":30},"end":{"line":501,"column":52}},"188":{"start":{"line":504,"column":10},"end":{"line":515,"column":13}},"189":{"start":{"line":506,"column":12},"end":{"line":513,"column":13}},"190":{"start":{"line":507,"column":14},"end":{"line":507,"column":70}},"191":{"start":{"line":510,"column":17},"end":{"line":513,"column":13}},"192":{"start":{"line":512,"column":14},"end":{"line":512,"column":51}},"193":{"start":{"line":517,"column":10},"end":{"line":517,"column":45}},"194":{"start":{"line":525,"column":8},"end":{"line":544,"column":9}},"195":{"start":{"line":526,"column":33},"end":{"line":529,"column":11}},"196":{"start":{"line":530,"column":10},"end":{"line":530,"column":45}},"197":{"start":{"line":533,"column":10},"end":{"line":543,"column":11}},"198":{"start":{"line":534,"column":34},"end":{"line":534,"column":55}},"199":{"start":{"line":535,"column":33},"end":{"line":537,"column":13}},"200":{"start":{"line":536,"column":26},"end":{"line":536,"column":55}},"201":{"start":{"line":539,"column":12},"end":{"line":542,"column":13}},"202":{"start":{"line":540,"column":14},"end":{"line":540,"column":95}},"203":{"start":{"line":541,"column":14},"end":{"line":541,"column":47}},"204":{"start":{"line":546,"column":8},"end":{"line":546,"column":60}},"205":{"start":{"line":548,"column":29},"end":{"line":607,"column":9}},"206":{"start":{"line":608,"column":8},"end":{"line":608,"column":62}},"207":{"start":{"line":609,"column":8},"end":{"line":609,"column":34}},"208":{"start":{"line":612,"column":8},"end":{"line":615,"column":9}},"209":{"start":{"line":613,"column":30},"end":{"line":613,"column":52}},"210":{"start":{"line":614,"column":10},"end":{"line":614,"column":45}},"211":{"start":{"line":618,"column":8},"end":{"line":624,"column":9}},"212":{"start":{"line":619,"column":33},"end":{"line":622,"column":11}},"213":{"start":{"line":623,"column":10},"end":{"line":623,"column":45}},"214":{"start":{"line":627,"column":6},"end":{"line":627,"column":21}},"215":{"start":{"line":629,"column":6},"end":{"line":629,"column":55}},"216":{"start":{"line":630,"column":6},"end":{"line":630,"column":84}},"217":{"start":{"line":631,"column":6},"end":{"line":631,"column":22}},"218":{"start":{"line":633,"column":6},"end":{"line":633,"column":32}},"219":{"start":{"line":637,"column":25},"end":{"line":643,"column":3}},"220":{"start":{"line":638,"column":4},"end":{"line":638,"column":40}},"221":{"start":{"line":638,"column":19},"end":{"line":638,"column":40}},"222":{"start":{"line":639,"column":4},"end":{"line":639,"column":54}},"223":{"start":{"line":639,"column":38},"end":{"line":639,"column":54}},"224":{"start":{"line":641,"column":41},"end":{"line":641,"column":49}},"225":{"start":{"line":642,"column":4},"end":{"line":642,"column":58}},"226":{"start":{"line":645,"column":23},"end":{"line":663,"column":3}},"227":{"start":{"line":646,"column":4},"end":{"line":662,"column":5}},"228":{"start":{"line":648,"column":6},"end":{"line":648,"column":33}},"229":{"start":{"line":651,"column":6},"end":{"line":651,"column":45}},"230":{"start":{"line":652,"column":6},"end":{"line":652,"column":48}},"231":{"start":{"line":655,"column":6},"end":{"line":655,"column":17}},"232":{"start":{"line":657,"column":6},"end":{"line":657,"column":51}},"233":{"start":{"line":659,"column":6},"end":{"line":659,"column":45}},"234":{"start":{"line":660,"column":6},"end":{"line":660,"column":48}},"235":{"start":{"line":661,"column":6},"end":{"line":661,"column":17}},"236":{"start":{"line":666,"column":29},"end":{"line":677,"column":3}},"237":{"start":{"line":668,"column":25},"end":{"line":673,"column":5}},"238":{"start":{"line":671,"column":8},"end":{"line":671,"column":50}},"239":{"start":{"line":675,"column":4},"end":{"line":675,"column":36}},"240":{"start":{"line":676,"column":4},"end":{"line":676,"column":28}},"241":{"start":{"line":680,"column":30},"end":{"line":687,"column":3}},"242":{"start":{"line":681,"column":4},"end":{"line":681,"column":85}},"243":{"start":{"line":682,"column":4},"end":{"line":682,"column":32}},"244":{"start":{"line":683,"column":4},"end":{"line":683,"column":28}},"245":{"start":{"line":685,"column":4},"end":{"line":685,"column":30}},"246":{"start":{"line":686,"column":4},"end":{"line":686,"column":41}},"247":{"start":{"line":690,"column":21},"end":{"line":699,"column":3}},"248":{"start":{"line":691,"column":4},"end":{"line":698,"column":5}},"249":{"start":{"line":692,"column":6},"end":{"line":692,"column":30}},"250":{"start":{"line":693,"column":6},"end":{"line":693,"column":22}},"251":{"start":{"line":694,"column":6},"end":{"line":694,"column":31}},"252":{"start":{"line":695,"column":11},"end":{"line":698,"column":5}},"253":{"start":{"line":696,"column":6},"end":{"line":696,"column":29}},"254":{"start":{"line":697,"column":6},"end":{"line":697,"column":30}},"255":{"start":{"line":702,"column":27},"end":{"line":803,"column":3}},"256":{"start":{"line":703,"column":4},"end":{"line":802,"column":5}},"257":{"start":{"line":704,"column":6},"end":{"line":704,"column":87}},"258":{"start":{"line":707,"column":20},"end":{"line":707,"column":55}},"259":{"start":{"line":708,"column":6},"end":{"line":710,"column":7}},"260":{"start":{"line":709,"column":8},"end":{"line":709,"column":57}},"261":{"start":{"line":713,"column":22},"end":{"line":718,"column":7}},"262":{"start":{"line":714,"column":8},"end":{"line":717,"column":57}},"263":{"start":{"line":721,"column":33},"end":{"line":721,"column":89}},"264":{"start":{"line":722,"column":6},"end":{"line":722,"column":74}},"265":{"start":{"line":725,"column":33},"end":{"line":725,"column":66}},"266":{"start":{"line":726,"column":6},"end":{"line":726,"column":73}},"267":{"start":{"line":728,"column":22},"end":{"line":728,"column":86}},"268":{"start":{"line":729,"column":18},"end":{"line":729,"column":52}},"269":{"start":{"line":730,"column":6},"end":{"line":730,"column":56}},"270":{"start":{"line":732,"column":26},"end":{"line":737,"column":7}},"271":{"start":{"line":738,"column":6},"end":{"line":738,"column":48}},"272":{"start":{"line":740,"column":23},"end":{"line":747,"column":8}},"273":{"start":{"line":749,"column":6},"end":{"line":749,"column":55}},"274":{"start":{"line":750,"column":19},"end":{"line":750,"column":40}},"275":{"start":{"line":751,"column":6},"end":{"line":751,"column":42}},"276":{"start":{"line":753,"column":6},"end":{"line":756,"column":7}},"277":{"start":{"line":754,"column":8},"end":{"line":754,"column":83}},"278":{"start":{"line":755,"column":8},"end":{"line":755,"column":71}},"279":{"start":{"line":758,"column":6},"end":{"line":758,"column":54}},"280":{"start":{"line":761,"column":6},"end":{"line":764,"column":7}},"281":{"start":{"line":762,"column":8},"end":{"line":762,"column":34}},"282":{"start":{"line":763,"column":8},"end":{"line":763,"column":65}},"283":{"start":{"line":767,"column":6},"end":{"line":778,"column":7}},"284":{"start":{"line":768,"column":8},"end":{"line":768,"column":86}},"285":{"start":{"line":771,"column":8},"end":{"line":775,"column":11}},"286":{"start":{"line":772,"column":34},"end":{"line":772,"column":71}},"287":{"start":{"line":773,"column":10},"end":{"line":773,"column":71}},"288":{"start":{"line":774,"column":10},"end":{"line":774,"column":33}},"289":{"start":{"line":777,"column":8},"end":{"line":777,"column":83}},"290":{"start":{"line":781,"column":6},"end":{"line":796,"column":7}},"291":{"start":{"line":782,"column":40},"end":{"line":782,"column":70}},"292":{"start":{"line":783,"column":8},"end":{"line":783,"column":143}},"293":{"start":{"line":786,"column":32},"end":{"line":791,"column":10}},"294":{"start":{"line":787,"column":10},"end":{"line":789,"column":11}},"295":{"start":{"line":788,"column":12},"end":{"line":788,"column":65}},"296":{"start":{"line":790,"column":10},"end":{"line":790,"column":19}},"297":{"start":{"line":793,"column":8},"end":{"line":793,"column":37}},"298":{"start":{"line":795,"column":8},"end":{"line":795,"column":107}},"299":{"start":{"line":798,"column":6},"end":{"line":798,"column":18}},"300":{"start":{"line":800,"column":6},"end":{"line":800,"column":58}},"301":{"start":{"line":801,"column":6},"end":{"line":801,"column":18}},"302":{"start":{"line":806,"column":31},"end":{"line":1147,"column":3}},"303":{"start":{"line":808,"column":4},"end":{"line":808,"column":21}},"304":{"start":{"line":809,"column":4},"end":{"line":809,"column":52}},"305":{"start":{"line":810,"column":4},"end":{"line":810,"column":80}},"306":{"start":{"line":812,"column":4},"end":{"line":1146,"column":5}},"307":{"start":{"line":815,"column":6},"end":{"line":824,"column":7}},"308":{"start":{"line":816,"column":8},"end":{"line":816,"column":34}},"309":{"start":{"line":817,"column":8},"end":{"line":817,"column":47}},"310":{"start":{"line":819,"column":8},"end":{"line":819,"column":94}},"311":{"start":{"line":821,"column":8},"end":{"line":823,"column":10}},"312":{"start":{"line":827,"column":6},"end":{"line":835,"column":7}},"313":{"start":{"line":828,"column":8},"end":{"line":832,"column":11}},"314":{"start":{"line":834,"column":8},"end":{"line":834,"column":53}},"315":{"start":{"line":838,"column":6},"end":{"line":1123,"column":7}},"316":{"start":{"line":839,"column":8},"end":{"line":839,"column":69}},"317":{"start":{"line":842,"column":8},"end":{"line":1100,"column":9}},"318":{"start":{"line":843,"column":10},"end":{"line":843,"column":77}},"319":{"start":{"line":847,"column":10},"end":{"line":948,"column":11}},"320":{"start":{"line":849,"column":12},"end":{"line":849,"column":89}},"321":{"start":{"line":852,"column":12},"end":{"line":852,"column":101}},"322":{"start":{"line":854,"column":12},"end":{"line
[...]
ype":"if","locations":[{"start":{"line":175,"column":6},"end":{"line":191,"column":7}},{"start":{},"end":{}}],"line":175},"20":{"loc":{"start":{"line":177,"column":27},"end":{"line":178,"column":91}},"type":"binary-expr","locations":[{"start":{"line":177,"column":27},"end":{"line":177,"column":51}},{"start":{"line":178,"column":26},"end":{"line":178,"column":90}}],"line":177},"21":{"loc":{"start":{"line":180,"column":8},"end":{"line":190,"column":9}},"type":"if","locations":[{"start":{"line":180,"column":8},"end":{"line":190,"column":9}},{"start":{"line":187,"column":15},"end":{"line":190,"column":9}}],"line":180},"22":{"loc":{"start":{"line":180,"column":12},"end":{"line":180,"column":41}},"type":"binary-expr","locations":[{"start":{"line":180,"column":12},"end":{"line":180,"column":27}},{"start":{"line":180,"column":31},"end":{"line":180,"column":41}}],"line":180},"23":{"loc":{"start":{"line":194,"column":6},"end":{"line":229,"column":7}},"type":"if","locations":[{"start":{"line":194,"column":6},"end":{"line":229,"column":7}},{"start":{"line":211,"column":13},"end":{"line":229,"column":7}}],"line":194},"24":{"loc":{"start":{"line":202,"column":8},"end":{"line":210,"column":9}},"type":"if","locations":[{"start":{"line":202,"column":8},"end":{"line":210,"column":9}},{"start":{"line":208,"column":15},"end":{"line":210,"column":9}}],"line":202},"25":{"loc":{"start":{"line":209,"column":19},"end":{"line":209,"column":70}},"type":"binary-expr","locations":[{"start":{"line":209,"column":19},"end":{"line":209,"column":40}},{"start":{"line":209,"column":44},"end":{"line":209,"column":70}}],"line":209},"26":{"loc":{"start":{"line":219,"column":8},"end":{"line":228,"column":9}},"type":"if","locations":[{"start":{"line":219,"column":8},"end":{"line":228,"column":9}},{"start":{"line":226,"column":15},"end":{"line":228,"column":9}}],"line":219},"27":{"loc":{"start":{"line":227,"column":19},"end":{"line":227,"column":72}},"type":"binary-expr","locations":[{"start":{"line":227,"column":19},"end":{"line":227,"column":40}},{"start":{"line":227,"column":44},"end":{"line":227,"column":72}}],"line":227},"28":{"loc":{"start":{"line":232,"column":15},"end":{"line":232,"column":85}},"type":"binary-expr","locations":[{"start":{"line":232,"column":15},"end":{"line":232,"column":42}},{"start":{"line":232,"column":46},"end":{"line":232,"column":85}}],"line":232},"29":{"loc":{"start":{"line":240,"column":4},"end":{"line":242,"column":5}},"type":"if","locations":[{"start":{"line":240,"column":4},"end":{"line":242,"column":5}},{"start":{},"end":{}}],"line":240},"30":{"loc":{"start":{"line":260,"column":13},"end":{"line":260,"column":94}},"type":"cond-expr","locations":[{"start":{"line":260,"column":47},"end":{"line":260,"column":65}},{"start":{"line":260,"column":68},"end":{"line":260,"column":94}}],"line":260},"31":{"loc":{"start":{"line":264,"column":13},"end":{"line":266,"column":98}},"type":"cond-expr","locations":[{"start":{"line":265,"column":16},"end":{"line":265,"column":86}},{"start":{"line":266,"column":16},"end":{"line":266,"column":98}}],"line":264},"32":{"loc":{"start":{"line":280,"column":2},"end":{"line":302,"column":3}},"type":"if","locations":[{"start":{"line":280,"column":2},"end":{"line":302,"column":3}},{"start":{},"end":{}}],"line":280},"33":{"loc":{"start":{"line":280,"column":6},"end":{"line":280,"column":37}},"type":"binary-expr","locations":[{"start":{"line":280,"column":6},"end":{"line":280,"column":16}},{"start":{"line":280,"column":20},"end":{"line":280,"column":37}}],"line":280},"34":{"loc":{"start":{"line":291,"column":14},"end":{"line":293,"column":15}},"type":"if","locations":[{"start":{"line":291,"column":14},"end":{"line":293,"column":15}},{"start":{},"end":{}}],"line":291},"35":{"loc":{"start":{"line":314,"column":20},"end":{"line":314,"column":76}},"type":"cond-expr","locations":[{"start":{"line":314,"column":37},"end":{"line":314,"column":53}},{"start":{"line":314,"column":56},"end":{"line":314,"column":76}}],"line":314},"36":{"loc":{"start":{"line":321,"column":15},"end":{"line":321,"column":83}},"type":"cond-expr","locations":[{"start":{"line":321,"column":32},"end":{"line":321,"column":54}},{"start":{"line":321,"column":57},"end":{"line":321,"column":83}}],"line":321},"37":{"loc":{"start":{"line":333,"column":15},"end":{"line":343,"column":15}},"type":"cond-expr","locations":[{"start":{"line":334,"column":16},"end":{"line":337,"column":18}},{"start":{"line":339,"column":16},"end":{"line":342,"column":23}}],"line":333},"38":{"loc":{"start":{"line":499,"column":9},"end":{"line":504,"column":16}},"type":"cond-expr","locations":[{"start":{"line":500,"column":10},"end":{"line":503,"column":17}},{"start":{"line":504,"column":12},"end":{"line":504,"column":16}}],"line":499},"39":{"loc":{"start":{"line":512,"column":12},"end":{"line":512,"column":54}},"type":"cond-expr","locations":[{"start":{"line":512,"column":22},"end":{"line":512,"column":49}},{"start":{"line":512,"column":52},"end":{"line":512,"column":54}}],"line":512},"40":{"loc":{"start":{"line":515,"column":11},"end":{"line":532,"column":11}},"type":"cond-expr","locations":[{"start":{"line":516,"column":12},"end":{"line":519,"column":19}},{"start":{"line":521,"column":12},"end":{"line":531,"column":19}}],"line":515},"41":{"loc":{"start":{"line":523,"column":22},"end":{"line":523,"column":76}},"type":"cond-expr","locations":[{"start":{"line":523,"column":39},"end":{"line":523,"column":53}},{"start":{"line":523,"column":56},"end":{"line":523,"column":76}}],"line":523},"42":{"loc":{"start":{"line":529,"column":17},"end":{"line":529,"column":71}},"type":"cond-expr","locations":[{"start":{"line":529,"column":34},"end":{"line":529,"column":50}},{"start":{"line":529,"column":53},"end":{"line":529,"column":71}}],"line":529}},"s":{"0":0,"1":0,"2":0,"3":0,"4":0,"5":0,"6":0,"7":0,"8":0,"9":0,"10":0,"11":0,"12":0,"13":0,"14":0,"15":0,"16":0,"17":0,"18":0,"19":0,"20":0,"21":0,"22":0,"23":0,"24":0,"25":0,"26":0,"27":0,"28":0,"29":0,"30":0,"31":0,"32":0,"33":0,"34":0,"35":0,"36":0,"37":0,"38":0,"39":0,"40":0,"41":0,"42":0,"43":0,"44":0,"45":0,"46":0,"47":0,"48":0,"49":0,"50":0,"51":0,"52":0,"53":0,"54":0,"55":0,"56":0,"57":0,"58":0,"59":0,"60":0,"61":0,"62":0,"63":0,"64":0,"65":0,"66":0,"67":0,"68":0,"69":0,"70":0,"71":0,"72":0,"73":0,"74":0,"75":0,"76":0,"77":0,"78":0,"79":0,"80":0,"81":0,"82":0,"83":0,"84":0,"85":0,"86":0,"87":0,"88":0,"89":0,"90":0,"91":0,"92":0,"93":0,"94":0,"95":0,"96":0,"97":0,"98":0,"99":0,"100":0,"101":0,"102":0,"103":0,"104":0,"105":0,"106":0,"107":0,"108":0,"109":0},"f":{"0":0,"1":0,"2":0,"3":0,"4":0,"5":0,"6":0,"7":0,"8":0,"9":0,"10":0,"11":0,"12":0,"13":0,"14":0,"15":0,"16":0,"17":0,"18":0,"19":0,"20":0,"21":0,"22":0,"23":0,"24":0,"25":0},"b":{"0":[0,0],"1":[0,0],"2":[0,0],"3":[0,0],"4":[0,0],"5":[0,0],"6":[0,0],"7":[0,0],"8":[0,0],"9":[0,0,0],"10":[0,0],"11":[0,0],"12":[0,0,0,0,0,0],"13":[0,0],"14":[0,0],"15":[0,0],"16":[0,0],"17":[0,0],"18":[0,0],"19":[0,0],"20":[0,0],"21":[0,0],"22":[0,0],"23":[0,0],"24":[0,0],"25":[0,0],"26":[0,0],"27":[0,0],"28":[0,0],"29":[0,0],"30":[0,0],"31":[0,0],"32":[0,0],"33":[0,0],"34":[0,0],"35":[0,0],"36":[0,0],"37":[0,0],"38":[0,0],"39":[0,0],"40":[0,0],"41":[0,0],"42":[0,0]}}
,"D:\\01. School Final Project\\AAS_FinalProject\\05. Implementation\\FE\\app\\services\\api.ts": {"path":"D:\\01. School Final Project\\AAS_FinalProject\\05. Implementation\\FE\\app\\services\\api.ts","statementMap":{"0":{"start":{"line":5,"column":23},"end":{"line":5,"column":56}},"1":{"start":{"line":7,"column":18},"end":{"line":13,"column":2}},"2":{"start":{"line":16,"column":0},"end":{"line":33,"column":2}},"3":{"start":{"line":18,"column":4},"end":{"line":28,"column":5}},"4":{"start":{"line":19,"column":20},"end":{"line":19,"column":55}},"5":{"start":{"line":20,"column":6},"end":{"line":23,"column":7}},"6":{"start":{"line":22,"column":8},"end":{"line":22,"column":45}},"7":{"start":{"line":24,"column":6},"end":{"line":24,"column":20}},"8":{"start":{"line":26,"column":6},"end":{"line":26,"column":51}},"9":{"start":{"line":27,"column":6},"end":{"line":27,"column":20}},"10":{"start":{"line":31,"column":4},"end":{"line":31,"column":33}},"11":{"start":{"line":36,"column":0},"end":{"line":56,"column":2}},"12":{"start":{"line":37,"column":21},"end":{"line":37,"column":29}},"13":{"start":{"line":39,"column":4},"end":{"line":43,"column":5}},"14":{"start":{"line":41,"column":6},"end":{"line":41,"column":45}},"15":{"start":{"line":46,"column":4},"end":{"line":52,"column":7}},"16":{"start":{"line":54,"column":4},"end":{"line":54,"column":33}},"17":{"start":{"line":58,"column":27},"end":{"line":92,"column":1}},"18":{"start":{"line":60,"column":4},"end":{"line":60,"column":55}},"19":{"start":{"line":64,"column":21},"end":{"line":64,"column":69}},"20":{"start":{"line":65,"column":4},"end":{"line":67,"column":5}},"21":{"start":{"line":66,"column":6},"end":{"line":66,"column":63}},"22":{"start":{"line":68,"column":4},"end":{"line":68,"column":20}},"23":{"start":{"line":72,"column":21},"end":{"line":72,"column":67}},"24":{"start":{"line":73,"column":4},"end":{"line":75,"column":5}},"25":{"start":{"line":74,"column":6},"end":{"line":74,"column":63}},"26":{"start":{"line":76,"column":4},"end":{"line":76,"column":20}},"27":{"start":{"line":80,"column":4},"end":{"line":90,"column":5}},"28":{"start":{"line":82,"column":23},"end":{"line":82,"column":59}},"29":{"start":{"line":84,"column":6},"end":{"line":84,"column":45}},"30":{"start":{"line":85,"column":6},"end":{"line":85,"column":22}},"31":{"start":{"line":88,"column":6},"end":{"line":88,"column":45}},"32":{"start":{"line":89,"column":6},"end":{"line":89,"column":18}}},"fnMap":{"0":{"name":"(anonymous_0)","decl":{"start":{"line":17,"column":2},"end":{"line":17,"column":3}},"loc":{"start":{"line":17,"column":25},"end":{"line":29,"column":3}},"line":17},"1":{"name":"(anonymous_1)","decl":{"start":{"line":30,"column":2},"end":{"line":30,"column":3}},"loc":{"start":{"line":30,"column":18},"end":{"line":32,"column":3}},"line":30},"2":{"name":"(anonymous_2)","decl":{"start":{"line":37,"column":2},"end":{"line":37,"column":3}},"loc":{"start":{"line":37,"column":21},"end":{"line":37,"column":29}},"line":37},"3":{"name":"(anonymous_3)","decl":{"start":{"line":38,"column":2},"end":{"line":38,"column":3}},"loc":{"start":{"line":38,"column":24},"end":{"line":55,"column":3}},"line":38},"4":{"name":"(anonymous_4)","decl":{"start":{"line":59,"column":12},"end":{"line":59,"column":13}},"loc":{"start":{"line":59,"column":87},"end":{"line":61,"column":3}},"line":59},"5":{"name":"(anonymous_5)","decl":{"start":{"line":63,"column":9},"end":{"line":63,"column":10}},"loc":{"start":{"line":63,"column":69},"end":{"line":69,"column":3}},"line":63},"6":{"name":"(anonymous_6)","decl":{"start":{"line":71,"column":13},"end":{"line":71,"column":14}},"loc":{"start":{"line":71,"column":61},"end":{"line":77,"column":3}},"line":71},"7":{"name":"(anonymous_7)","decl":{"start":{"line":79,"column":10},"end":{"line":79,"column":11}},"loc":{"start":{"line":79,"column":22},"end":{"line":91,"column":3}},"line":79}},"branchMap":{"0":{"loc":{"start":{"line":20,"column":6},"end":{"line":23,"column":7}},"type":"if","locations":[{"start":{"line":20,"column":6},"end":{"line":23,"column":7}},{"start":{},"end":{}}],"line":20},"1":{"loc":{"start":{"line":39,"column":4},"end":{"line":43,"column":5}},"type":"if","locations":[{"start":{"line":39,"column":4},"end":{"line":43,"column":5}},{"start":{},"end":{}}],"line":39},"2":{"loc":{"start":{"line":65,"column":4},"end":{"line":67,"column":5}},"type":"if","locations":[{"start":{"line":65,"column":4},"end":{"line":67,"column":5}},{"start":{},"end":{}}],"line":65},"3":{"loc":{"start":{"line":73,"column":4},"end":{"line":75,"column":5}},"type":"if","locations":[{"start":{"line":73,"column":4},"end":{"line":75,"column":5}},{"start":{},"end":{}}],"line":73}},"s":{"0":0,"1":0,"2":0,"3":0,"4":0,"5":0,"6":0,"7":0,"8":0,"9":0,"10":0,"11":0,"12":0,"13":0,"14":0,"15":0,"16":0,"17":0,"18":0,"19":0,"20":0,"21":0,"22":0,"23":0,"24":0,"25":0,"26":0,"27":0,"28":0,"29":0,"30":0,"31":0,"32":0},"f":{"0":0,"1":0,"2":0,"3":0,"4":0,"5":0,"6":0,"7":0},"b":{"0":[0,0],"1":[0,0],"2":[0,0],"3":[0,0]}}
,"D:\\01. School Final Project\\AAS_FinalProject\\05. Implementation\\FE\\app\\services\\authService.ts": {"path":"D:\\01. School Final Project\\AAS_FinalProject\\05. Implementation\\FE\\app\\services\\authService.ts","statementMap":{"0":{"start":{"line":30,"column":23},"end":{"line":47,"column":1}},"1":{"start":{"line":31,"column":2},"end":{"line":34,"column":3}},"2":{"start":{"line":33,"column":4},"end":{"line":33,"column":31}},"3":{"start":{"line":35,"column":2},"end":{"line":41,"column":3}},"4":{"start":{"line":37,"column":4},"end":{"line":40,"column":6}},"5":{"start":{"line":43,"column":2},"end":{"line":46,"column":4}},"6":{"start":{"line":49,"column":27},"end":{"line":129,"column":1}},"7":{"start":{"line":51,"column":4},"end":{"line":72,"column":5}},"8":{"start":{"line":52,"column":6},"end":{"line":55,"column":9}},"9":{"start":{"line":57,"column":23},"end":{"line":57,"column":71}},"10":{"start":{"line":58,"column":6},"end":{"line":66,"column":9}},"11":{"start":{"line":68,"column":6},"end":{"line":68,"column":27}},"12":{"start":{"line":70,"column":6},"end":{"line":70,"column":47}},"13":{"start":{"line":71,"column":6},"end":{"line":71,"column":35}},"14":{"start":{"line":76,"column":4},"end":{"line":93,"column":5}},"15":{"start":{"line":77,"column":6},"end":{"line":80,"column":9}},"16":{"start":{"line":82,"column":23},"end":{"line":82,"column":76}},"17":{"start":{"line":83,"column":6},"end":{"line":87,"column":9}},"18":{"start":{"line":89,"column":6},"end":{"line":89,"column":27}},"19":{"start":{"line":91,"column":6},"end":{"line":91,"column":58}},"20":{"start":{"line":92,"column":6},"end":{"line":92,"column":35}},"21":{"start":{"line":97,"column":4},"end":{"line":106,"column":5}},"22":{"start":{"line":98,"column":23},"end":{"line":98,"column":59}},"23":{"start":{"line":99,"column":6},"end":{"line":102,"column":8}},"24":{"start":{"line":104,"column":6},"end":{"line":104,"column":48}},"25":{"start":{"line":105,"column":6},"end":{"line":105,"column":35}},"26":{"start":{"line":110,"column":4},"end":{"line":116,"column":5}},"27":{"start":{"line":111,"column":23},"end":{"line":111,"column":54}},"28":{"start":{"line":112,"column":6},"end":{"line":112,"column":32}},"29":{"start":{"line":114,"column":6},"end":{"line":114,"column":58}},"30":{"start":{"line":115,"column":6},"end":{"line":115,"column":18}},"31":{"start":{"line":121,"column":4},"end":{"line":127,"column":5}},"32":{"start":{"line":122,"column":23},"end":{"line":122,"column":66}},"33":{"start":{"line":123,"column":6},"end":{"line":123,"column":44}},"34":{"start":{"line":125,"column":6},"end":{"line":125,"column":54}},"35":{"start":{"line":126,"column":6},"end":{"line":126,"column":19}}},"fnMap":{"0":{"name":"(anonymous_0)","decl":{"start":{"line":30,"column":23},"end":{"line":30,"column":24}},"loc":{"start":{"line":30,"column":39},"end":{"line":47,"column":1}},"line":30},"1":{"name":"(anonymous_1)","decl":{"start":{"line":50,"column":2},"end":{"line":50,"column":3}},"loc":{"start":{"line":50,"column":69},"end":{"line":73,"column":3}},"line":50},"2":{"name":"(anonymous_2)","decl":{"start":{"line":75,"column":2},"end":{"line":75,"column":3}},"loc":{"start":{"line":75,"column":71},"end":{"line":94,"column":3}},"line":75},"3":{"name":"(anonymous_3)","decl":{"start":{"line":96,"column":2},"end":{"line":96,"column":3}},"loc":{"start":{"line":96,"column":65},"end":{"line":107,"column":3}},"line":96},"4":{"name":"(anonymous_4)","decl":{"start":{"line":109,"column":2},"end":{"line":109,"column":3}},"loc":{"start":{"line":109,"column":51},"end":{"line":117,"column":3}},"line":109},"5":{"name":"(anonymous_5)","decl":{"start":{"line":120,"column":2},"end":{"line":120,"column":3}},"loc":{"start":{"line":120,"column":42},"end":{"line":128,"column":3}},"line":120}},"branchMap":{"0":{"loc":{"start":{"line":31,"column":2},"end":{"line":34,"column":3}},"type":"if","locations":[{"start":{"line":31,"column":2},"end":{"line":34,"column":3}},{"start":{},"end":{}}],"line":31},"1":{"loc":{"start":{"line":35,"column":2},"end":{"line":41,"column":3}},"type":"if","locations":[{"start":{"line":35,"column":2},"end":{"line":41,"column":3}},{"start":{},"end":{}}],"line":35},"2":{"loc":{"start":{"line":45,"column":13},"end":{"line":45,"column":61}},"type":"binary-expr","locations":[{"start":{"line":45,"column":13},"end":{"line":45,"column":26}},{"start":{"line":45,"column":30},"end":{"line":45,"column":61}}],"line":45},"3":{"loc":{"start":{"line":54,"column":18},"end":{"line":54,"column":65}},"type":"cond-expr","locations":[{"start":{"line":54,"column":41},"end":{"line":54,"column":53}},{"start":{"line":54,"column":56},"end":{"line":54,"column":65}}],"line":54},"4":{"loc":{"start":{"line":62,"column":18},"end":{"line":65,"column":16}},"type":"cond-expr","locations":[{"start":{"line":62,"column":39},"end":{"line":65,"column":9}},{"start":{"line":65,"column":12},"end":{"line":65,"column":16}}],"line":62},"5":{"loc":{"start":{"line":101,"column":17},"end":{"line":101,"column":67}},"type":"binary-expr","locations":[{"start":{"line":101,"column":17},"end":{"line":101,"column":38}},{"start":{"line":101,"column":42},"end":{"line":101,"column":67}}],"line":101}},"s":{"0":0,"1":0,"2":0,"3":0,"4":0,"5":0,"6":0,"7":0,"8":0,"9":0,"10":0,"11":0,"12":0,"13":0,"14":0,"15":0,"16":0,"17":0,"18":0,"19":0,"20":0,"21":0,"22":0,"23":0,"24":0,"25":0,"26":0,"27":0,"28":0,"29":0,"30":0,"31":0,"32":0,"33":0,"34":0,"35":0},"f":{"0":0,"1":0,"2":0,"3":0,"4":0,"5":0},"b":{"0":[0,0],"1":[0,0],"2":[0,0],"3":[0,0],"4":[0,0],"5":[0,0]}}
,"D:\\01. School Final Project\\AAS_FinalProject\\05. Implementation\\FE\\app\\types\\forms.ts": {"path":"D:\\01. School Final Project\\AAS_FinalProject\\05. Implementation\\FE\\app\\types\\forms.ts","statementMap":{},"fnMap":{},"branchMap":{},"s":{},"f":{},"b":{}}
,"D:\\01. School Final Project\\AAS_FinalProject\\05. Implementation\\FE\\app\\utils\\imageUtils.ts": {"path":"D:\\01. School Final Project\\AAS_FinalProject\\05. Implementation\\FE\\app\\utils\\imageUtils.ts","statementMap":{"0":{"start":{"line":3,"column":27},"end":{"line":23,"column":1}},"1":{"start":{"line":4,"column":4},"end":{"line":4,"column":25}},"2":{"start":{"line":4,"column":15},"end":{"line":4,"column":25}},"3":{"start":{"line":7,"column":4},"end":{"line":9,"column":5}},"4":{"start":{"line":8,"column":8},"end":{"line":8,"column":20}},"5":{"start":{"line":12,"column":4},"end":{"line":14,"column":5}},"6":{"start":{"line":13,"column":8},"end":{"line":13,"column":55}},"7":{"start":{"line":17,"column":4},"end":{"line":19,"column":5}},"8":{"start":{"line":18,"column":8},"end":{"line":18,"column":99}},"9":{"start":{"line":22,"column":4},"end":{"line":22,"column":92}}},"fnMap":{"0":{"name":"(anonymous_0)","decl":{"start":{"line":3,"column":27},"end":{"line":3,"column":28}},"loc":{"start":{"line":3,"column":45},"end":{"line":23,"column":1}},"line":3}},"branchMap":{"0":{"loc":{"start":{"line":4,"column":4},"end":{"line":4,"column":25}},"type":"if","locations":[{"start":{"line":4,"column":4},"end":{"line":4,"column":25}},{"start":{},"end":{}}],"line":4},"1":{"loc":{"start":{"line":7,"column":4},"end":{"line":9,"column":5}},"type":"if","locations":[{"start":{"line":7,"column":4},"end":{"line":9,"column":5}},{"start":{},"end":{}}],"line":7},"2":{"loc":{"start":{"line":12,"column":4},"end":{"line":14,"column":5}},"type":"if","locations":[{"start":{"line":12,"column":4},"end":{"line":14,"column":5}},{"start":{},"end":{}}],"line":12},"3":{"loc":{"start":{"line":17,"column":4},"end":{"line":19,"column":5}},"type":"if","locations":[{"start":{"line":17,"column":4},"end":{"line":19,"column":5}},{"start":{},"end":{}}],"line":17}},"s":{"0":0,"1":0,"2":0,"3":0,"4":0,"5":0,"6":0,"7":0,"8":0,"9":0},"f":{"0":0},"b":{"0":[0,0],"1":[0,0],"2":[0,0],"3":[0,0]}}
}
