TN:
SF:axios.d.ts
FNF:0
FNH:0
LF:0
LH:0
BRF:0
BRH:0
end_of_record
TN:
SF:eslint.config.js
FNF:0
FNH:0
DA:2,0
DA:3,0
DA:5,0
LF:3
LH:0
BRF:0
BRH:0
end_of_record
TN:
SF:expo-env.d.ts
FNF:0
FNH:0
LF:0
LH:0
BRF:0
BRH:0
end_of_record
TN:
SF:jest.config.js
FNF:0
FNH:0
DA:1,0
LF:1
LH:0
BRF:0
BRH:0
end_of_record
TN:
SF:metro.config.js
FNF:0
FNH:0
DA:1,0
DA:2,0
DA:4,0
DA:6,0
LF:4
LH:0
BRF:0
BRH:0
end_of_record
TN:
SF:nativewind-env.d.ts
FNF:0
FNH:0
LF:0
LH:0
BRF:0
BRH:0
end_of_record
TN:
SF:tailwind.config.js
FNF:0
FNH:0
DA:2,0
LF:1
LH:0
BRF:0
BRH:0
end_of_record
TN:
SF:.expo\types\router.d.ts
FNF:0
FNH:0
LF:0
LH:0
BRF:0
BRH:0
end_of_record
TN:
SF:app\_layout.tsx
FN:4,RootLayout
FNF:1
FNH:0
FNDA:0,RootLayout
DA:5,0
LF:1
LH:0
BRF:0
BRH:0
end_of_record
TN:
SF:app\index.tsx
FN:5,Index
FNF:1
FNH:0
FNDA:0,Index
DA:6,0
LF:1
LH:0
BRF:0
BRH:0
end_of_record
TN:
SF:app\verification-success.tsx
FN:6,VerificationSuccess
FN:16,(anonymous_1)
FNF:2
FNH:0
FNDA:0,VerificationSuccess
FNDA:0,(anonymous_1)
DA:7,0
DA:16,0
DA:25,0
LF:3
LH:0
BRF:0
BRH:0
end_of_record
TN:
SF:app\components\AuthModal.tsx
FN:26,AuthModal
FN:40,(anonymous_1)
FN:48,(anonymous_2)
FN:53,(anonymous_3)
FN:58,(anonymous_4)
FN:100,(anonymous_5)
FN:116,(anonymous_6)
FN:156,(anonymous_7)
FN:174,(anonymous_8)
FN:197,(anonymous_9)
FN:307,(anonymous_10)
FN:314,(anonymous_11)
FNF:12
FNH:0
FNDA:0,AuthModal
FNDA:0,(anonymous_1)
FNDA:0,(anonymous_2)
FNDA:0,(anonymous_3)
FNDA:0,(anonymous_4)
FNDA:0,(anonymous_5)
FNDA:0,(anonymous_6)
FNDA:0,(anonymous_7)
FNDA:0,(anonymous_8)
FNDA:0,(anonymous_9)
FNDA:0,(anonymous_10)
FNDA:0,(anonymous_11)
DA:27,0
DA:28,0
DA:29,0
DA:30,0
DA:31,0
DA:32,0
DA:33,0
DA:36,0
DA:37,0
DA:38,0
DA:40,0
DA:41,0
DA:42,0
DA:43,0
DA:44,0
DA:45,0
DA:48,0
DA:49,0
DA:50,0
DA:53,0
DA:54,0
DA:55,0
DA:58,0
DA:60,0
DA:61,0
DA:64,0
DA:65,0
DA:66,0
DA:69,0
DA:70,0
DA:71,0
DA:74,0
DA:75,0
DA:76,0
DA:79,0
DA:80,0
DA:81,0
DA:84,0
DA:85,0
DA:86,0
DA:89,0
DA:91,0
DA:92,0
DA:98,0
DA:99,0
DA:100,0
DA:101,0
DA:102,0
DA:106,0
DA:107,0
DA:109,0
DA:112,0
DA:116,0
DA:117,0
DA:118,0
DA:119,0
DA:122,0
DA:123,0
DA:124,0
DA:126,0
DA:127,0
DA:128,0
DA:133,0
DA:135,0
DA:137,0
DA:139,0
DA:140,0
DA:141,0
DA:142,0
DA:144,0
DA:147,0
DA:148,0
DA:152,0
DA:155,0
DA:156,0
DA:157,0
DA:162,0
DA:163,0
DA:164,0
DA:165,0
DA:167,0
DA:170,0
DA:174,0
DA:175,0
DA:176,0
DA:178,0
DA:179,0
DA:181,0
DA:182,0
DA:185,0
DA:186,0
DA:190,0
DA:192,0
DA:197,0
DA:198,0
DA:199,0
DA:203,0
DA:307,0
DA:314,0
DA:315,0
LF:100
LH:0
BRDA:50,0,0,0
BRDA:50,0,1,0
BRDA:64,1,0,0
BRDA:64,1,1,0
BRDA:69,2,0,0
BRDA:69,2,1,0
BRDA:74,3,0,0
BRDA:74,3,1,0
BRDA:79,4,0,0
BRDA:79,4,1,0
BRDA:84,5,0,0
BRDA:84,5,1,0
BRDA:98,6,0,0
BRDA:98,6,1,0
BRDA:106,7,0,0
BRDA:106,7,1,0
BRDA:106,8,0,0
BRDA:106,8,1,0
BRDA:107,9,0,0
BRDA:107,9,1,0
BRDA:117,10,0,0
BRDA:117,10,1,0
BRDA:117,11,0,0
BRDA:117,11,1,0
BRDA:135,12,0,0
BRDA:135,12,1,0
BRDA:137,13,0,0
BRDA:137,13,1,0
BRDA:147,14,0,0
BRDA:147,14,1,0
BRDA:163,15,0,0
BRDA:163,15,1,0
BRDA:163,16,0,0
BRDA:163,16,1,0
BRDA:165,17,0,0
BRDA:165,17,1,0
BRDA:185,18,0,0
BRDA:185,18,1,0
BRDA:198,19,0,0
BRDA:198,19,1,0
BRDA:215,20,0,0
BRDA:215,20,1,0
BRDA:222,21,0,0
BRDA:222,21,1,0
BRDA:228,22,0,0
BRDA:228,22,1,0
BRDA:235,23,0,0
BRDA:235,23,1,0
BRDA:271,24,0,0
BRDA:271,24,1,0
BRDA:274,25,0,0
BRDA:274,25,1,0
BRDA:277,26,0,0
BRDA:277,26,1,0
BRDA:281,27,0,0
BRDA:281,27,1,0
BRDA:288,28,0,0
BRDA:288,28,1,0
BRDA:294,29,0,0
BRDA:294,29,1,0
BRF:60
BRH:0
end_of_record
TN:
SF:app\components\Dashboard.tsx
FN:36,Dashboard
FN:60,(anonymous_1)
FN:63,(anonymous_2)
FN:69,(anonymous_3)
FN:78,(anonymous_4)
FN:82,(anonymous_5)
FN:84,(anonymous_6)
FN:86,(anonymous_7)
FN:92,(anonymous_8)
FN:94,(anonymous_9)
FN:109,(anonymous_10)
FN:145,(anonymous_11)
FN:179,(anonymous_12)
FN:194,(anonymous_13)
FN:209,(anonymous_14)
FN:224,(anonymous_15)
FN:253,(anonymous_16)
FN:261,(anonymous_17)
FN:304,(anonymous_18)
FN:350,(anonymous_19)
FN:371,(anonymous_20)
FN:474,(anonymous_21)
FN:501,(anonymous_22)
FN:501,(anonymous_23)
FN:507,(anonymous_24)
FN:507,(anonymous_25)
FN:513,(anonymous_26)
FN:513,(anonymous_27)
FN:533,(anonymous_28)
FN:537,(anonymous_29)
FN:538,(anonymous_30)
FNF:31
FNH:0
FNDA:0,Dashboard
FNDA:0,(anonymous_1)
FNDA:0,(anonymous_2)
FNDA:0,(anonymous_3)
FNDA:0,(anonymous_4)
FNDA:0,(anonymous_5)
FNDA:0,(anonymous_6)
FNDA:0,(anonymous_7)
FNDA:0,(anonymous_8)
FNDA:0,(anonymous_9)
FNDA:0,(anonymous_10)
FNDA:0,(anonymous_11)
FNDA:0,(anonymous_12)
FNDA:0,(anonymous_13)
FNDA:0,(anonymous_14)
FNDA:0,(anonymous_15)
FNDA:0,(anonymous_16)
FNDA:0,(anonymous_17)
FNDA:0,(anonymous_18)
FNDA:0,(anonymous_19)
FNDA:0,(anonymous_20)
FNDA:0,(anonymous_21)
FNDA:0,(anonymous_22)
FNDA:0,(anonymous_23)
FNDA:0,(anonymous_24)
FNDA:0,(anonymous_25)
FNDA:0,(anonymous_26)
FNDA:0,(anonymous_27)
FNDA:0,(anonymous_28)
FNDA:0,(anonymous_29)
FNDA:0,(anonymous_30)
DA:37,0
DA:38,0
DA:39,0
DA:40,0
DA:41,0
DA:42,0
DA:51,0
DA:52,0
DA:53,0
DA:55,0
DA:58,0
DA:60,0
DA:61,0
DA:62,0
DA:63,0
DA:64,0
DA:69,0
DA:71,0
DA:72,0
DA:73,0
DA:76,0
DA:77,0
DA:78,0
DA:79,0
DA:81,0
DA:82,0
DA:83,0
DA:84,0
DA:85,0
DA:86,0
DA:88,0
DA:92,0
DA:93,0
DA:94,0
DA:96,0
DA:97,0
DA:101,0
DA:102,0
DA:104,0
DA:105,0
DA:109,0
DA:111,0
DA:112,0
DA:113,0
DA:117,0
DA:118,0
DA:120,0
DA:121,0
DA:122,0
DA:123,0
DA:126,0
DA:128,0
DA:129,0
DA:131,0
DA:143,0
DA:146,0
DA:147,0
DA:148,0
DA:153,0
DA:154,0
DA:156,0
DA:157,0
DA:160,0
DA:162,0
DA:164,0
DA:169,0
DA:170,0
DA:171,0
DA:174,0
DA:180,0
DA:185,0
DA:186,0
DA:187,0
DA:190,0
DA:195,0
DA:200,0
DA:201,0
DA:202,0
DA:205,0
DA:210,0
DA:215,0
DA:216,0
DA:217,0
DA:220,0
DA:225,0
DA:230,0
DA:231,0
DA:232,0
DA:235,0
DA:240,0
DA:241,0
DA:242,0
DA:243,0
DA:244,0
DA:247,0
DA:253,0
DA:255,0
DA:256,0
DA:260,0
DA:261,0
DA:262,0
DA:265,0
DA:270,0
DA:289,0
DA:298,0
DA:304,0
DA:306,0
DA:307,0
DA:311,0
DA:315,0
DA:321,0
DA:322,0
DA:324,0
DA:331,0
DA:332,0
DA:334,0
DA:337,0
DA:346,0
DA:350,0
DA:351,0
DA:353,0
DA:356,0
DA:357,0
DA:360,0
DA:362,0
DA:364,0
DA:365,0
DA:366,0
DA:371,0
DA:372,0
DA:375,0
DA:475,0
DA:501,0
DA:507,0
DA:513,0
DA:534,0
DA:537,0
DA:538,0
DA:570,0
LF:139
LH:0
BRDA:61,0,0,0
BRDA:61,0,1,0
BRDA:71,1,0,0
BRDA:71,1,1,0
BRDA:77,2,0,0
BRDA:77,2,1,0
BRDA:81,3,0,0
BRDA:81,3,1,0
BRDA:81,4,0,0
BRDA:81,4,1,0
BRDA:83,5,0,0
BRDA:83,5,1,0
BRDA:83,6,0,0
BRDA:83,6,1,0
BRDA:85,7,0,0
BRDA:85,7,1,0
BRDA:85,8,0,0
BRDA:85,8,1,0
BRDA:92,9,0,0
BRDA:111,10,0,0
BRDA:111,10,1,0
BRDA:111,11,0,0
BRDA:111,11,1,0
BRDA:117,12,0,0
BRDA:117,12,1,0
BRDA:122,13,0,0
BRDA:122,13,1,0
BRDA:128,14,0,0
BRDA:128,14,1,0
BRDA:156,15,0,0
BRDA:156,15,1,0
BRDA:157,16,0,0
BRDA:157,16,1,0
BRDA:170,17,0,0
BRDA:170,17,1,0
BRDA:171,18,0,0
BRDA:171,18,1,0
BRDA:186,19,0,0
BRDA:186,19,1,0
BRDA:187,20,0,0
BRDA:187,20,1,0
BRDA:201,21,0,0
BRDA:201,21,1,0
BRDA:202,22,0,0
BRDA:202,22,1,0
BRDA:216,23,0,0
BRDA:216,23,1,0
BRDA:217,24,0,0
BRDA:217,24,1,0
BRDA:231,25,0,0
BRDA:231,25,1,0
BRDA:232,26,0,0
BRDA:232,26,1,0
BRDA:240,27,0,0
BRDA:240,27,1,0
BRDA:241,28,0,0
BRDA:241,28,1,0
BRDA:242,29,0,0
BRDA:242,29,1,0
BRDA:243,30,0,0
BRDA:243,30,1,0
BRDA:244,31,0,0
BRDA:244,31,1,0
BRDA:255,32,0,0
BRDA:255,32,1,0
BRDA:260,33,0,0
BRDA:260,33,1,0
BRDA:261,34,0,0
BRDA:261,34,1,0
BRDA:265,35,0,0
BRDA:265,35,1,0
BRDA:277,36,0,0
BRDA:277,36,1,0
BRDA:290,37,0,0
BRDA:290,37,1,0
BRDA:291,38,0,0
BRDA:291,38,1,0
BRDA:292,39,0,0
BRDA:292,39,1,0
BRDA:293,40,0,0
BRDA:293,40,1,0
BRDA:306,41,0,0
BRDA:306,41,1,0
BRDA:315,42,0,0
BRDA:315,42,1,0
BRDA:315,42,2,0
BRDA:315,42,3,0
BRDA:315,42,4,0
BRDA:321,43,0,0
BRDA:321,43,1,0
BRDA:334,44,0,0
BRDA:334,44,1,0
BRDA:381,45,0,0
BRDA:381,45,1,0
BRDA:381,46,0,0
BRDA:381,46,1,0
BRDA:413,47,0,0
BRDA:413,47,1,0
BRDA:416,48,0,0
BRDA:416,48,1,0
BRDA:417,49,0,0
BRDA:417,49,1,0
BRDA:417,50,0,0
BRDA:417,50,1,0
BRDA:422,51,0,0
BRDA:422,51,1,0
BRDA:424,52,0,0
BRDA:424,52,1,0
BRDA:424,53,0,0
BRDA:424,53,1,0
BRDA:452,54,0,0
BRDA:452,54,1,0
BRDA:452,54,2,0
BRDA:477,55,0,0
BRDA:477,55,1,0
BRDA:499,56,0,0
BRDA:499,56,1,0
BRDA:505,57,0,0
BRDA:505,57,1,0
BRDA:511,58,0,0
BRDA:511,58,1,0
BRDA:524,59,0,0
BRDA:524,59,1,0
BRDA:524,60,0,0
BRDA:524,60,1,0
BRDA:536,61,0,0
BRDA:536,61,1,0
BRDA:540,62,0,0
BRDA:540,62,1,0
BRDA:541,63,0,0
BRDA:541,63,1,0
BRDA:546,64,0,0
BRDA:546,64,1,0
BRDA:550,65,0,0
BRDA:550,65,1,0
BRDA:555,66,0,0
BRDA:555,66,1,0
BRF:137
BRH:0
end_of_record
TN:
SF:app\components\InstructorDashboard.tsx
FN:33,(anonymous_0)
FN:76,(anonymous_1)
FN:95,(anonymous_2)
FN:105,(anonymous_3)
FN:109,(anonymous_4)
FN:168,(anonymous_5)
FN:178,(anonymous_6)
FN:182,(anonymous_7)
FN:204,InstructorDashboard
FN:239,(anonymous_9)
FN:244,(anonymous_10)
FN:247,(anonymous_11)
FN:265,(anonymous_12)
FN:326,(anonymous_13)
FN:359,(anonymous_14)
FN:383,(anonymous_15)
FN:395,(anonymous_16)
FN:414,(anonymous_17)
FN:448,(anonymous_18)
FN:504,(anonymous_19)
FN:536,(anonymous_20)
FN:637,(anonymous_21)
FN:645,(anonymous_22)
FN:666,(anonymous_23)
FN:670,(anonymous_24)
FN:680,(anonymous_25)
FN:690,(anonymous_26)
FN:702,(anonymous_27)
FN:713,(anonymous_28)
FN:771,(anonymous_29)
FN:786,(anonymous_30)
FN:806,(anonymous_31)
FN:855,(anonymous_32)
FN:858,(anonymous_33)
FN:866,(anonymous_34)
FN:901,(anonymous_35)
FN:909,(anonymous_36)
FN:916,(anonymous_37)
FN:934,(anonymous_38)
FN:941,(anonymous_39)
FN:966,(anonymous_40)
FN:970,(anonymous_41)
FN:981,(anonymous_42)
FN:984,(anonymous_43)
FN:992,(anonymous_44)
FN:1028,(anonymous_45)
FN:1036,(anonymous_46)
FN:1043,(anonymous_47)
FN:1062,(anonymous_48)
FN:1069,(anonymous_49)
FN:1085,(anonymous_50)
FN:1092,(anonymous_51)
FN:1109,(anonymous_52)
FN:1116,(anonymous_53)
FN:1132,(anonymous_54)
FN:1139,(anonymous_55)
FN:1150,(anonymous_56)
FN:1156,(anonymous_57)
FN:1162,(anonymous_58)
FN:1164,(anonymous_59)
FN:1167,(anonymous_60)
FN:1198,(anonymous_61)
FN:1222,(anonymous_62)
FN:1228,(anonymous_63)
FN:1236,(anonymous_64)
FN:1309,(anonymous_65)
FN:1313,(anonymous_66)
FN:1437,(anonymous_67)
FN:1440,(anonymous_68)
FN:1444,(anonymous_69)
FN:1529,(anonymous_70)
FN:1532,(anonymous_71)
FN:1536,(anonymous_72)
FN:1575,(anonymous_73)
FN:1586,(anonymous_74)
FN:1644,(anonymous_75)
FN:1650,(anonymous_76)
FN:1685,(anonymous_77)
FN:1737,(anonymous_78)
FN:1746,(anonymous_79)
FN:1755,(anonymous_80)
FN:1764,(anonymous_81)
FN:1861,(anonymous_82)
FN:1867,(anonymous_83)
FN:1879,(anonymous_84)
FN:1884,(anonymous_85)
FN:1887,(anonymous_86)
FN:1892,(anonymous_87)
FN:1905,(anonymous_88)
FN:1912,(anonymous_89)
FN:1933,(anonymous_90)
FN:1983,(anonymous_91)
FN:1999,(anonymous_92)
FN:2010,(anonymous_93)
FN:2020,(anonymous_94)
FN:2030,(anonymous_95)
FN:2071,(anonymous_96)
FN:2097,(anonymous_97)
FNF:98
FNH:0
FNDA:0,(anonymous_0)
FNDA:0,(anonymous_1)
FNDA:0,(anonymous_2)
FNDA:0,(anonymous_3)
FNDA:0,(anonymous_4)
FNDA:0,(anonymous_5)
FNDA:0,(anonymous_6)
FNDA:0,(anonymous_7)
FNDA:0,InstructorDashboard
FNDA:0,(anonymous_9)
FNDA:0,(anonymous_10)
FNDA:0,(anonymous_11)
FNDA:0,(anonymous_12)
FNDA:0,(anonymous_13)
FNDA:0,(anonymous_14)
FNDA:0,(anonymous_15)
FNDA:0,(anonymous_16)
FNDA:0,(anonymous_17)
FNDA:0,(anonymous_18)
FNDA:0,(anonymous_19)
FNDA:0,(anonymous_20)
FNDA:0,(anonymous_21)
FNDA:0,(anonymous_22)
FNDA:0,(anonymous_23)
FNDA:0,(anonymous_24)
FNDA:0,(anonymous_25)
FNDA:0,(anonymous_26)
FNDA:0,(anonymous_27)
FNDA:0,(anonymous_28)
FNDA:0,(anonymous_29)
FNDA:0,(anonymous_30)
FNDA:0,(anonymous_31)
FNDA:0,(anonymous_32)
FNDA:0,(anonymous_33)
FNDA:0,(anonymous_34)
FNDA:0,(anonymous_35)
FNDA:0,(anonymous_36)
FNDA:0,(anonymous_37)
FNDA:0,(anonymous_38)
FNDA:0,(anonymous_39)
FNDA:0,(anonymous_40)
FNDA:0,(anonymous_41)
FNDA:0,(anonymous_42)
FNDA:0,(anonymous_43)
FNDA:0,(anonymous_44)
FNDA:0,(anonymous_45)
FNDA:0,(anonymous_46)
FNDA:0,(anonymous_47)
FNDA:0,(anonymous_48)
FNDA:0,(anonymous_49)
FNDA:0,(anonymous_50)
FNDA:0,(anonymous_51)
FNDA:0,(anonymous_52)
FNDA:0,(anonymous_53)
FNDA:0,(anonymous_54)
FNDA:0,(anonymous_55)
FNDA:0,(anonymous_56)
FNDA:0,(anonymous_57)
FNDA:0,(anonymous_58)
FNDA:0,(anonymous_59)
FNDA:0,(anonymous_60)
FNDA:0,(anonymous_61)
FNDA:0,(anonymous_62)
FNDA:0,(anonymous_63)
FNDA:0,(anonymous_64)
FNDA:0,(anonymous_65)
FNDA:0,(anonymous_66)
FNDA:0,(anonymous_67)
FNDA:0,(anonymous_68)
FNDA:0,(anonymous_69)
FNDA:0,(anonymous_70)
FNDA:0,(anonymous_71)
FNDA:0,(anonymous_72)
FNDA:0,(anonymous_73)
FNDA:0,(anonymous_74)
FNDA:0,(anonymous_75)
FNDA:0,(anonymous_76)
FNDA:0,(anonymous_77)
FNDA:0,(anonymous_78)
FNDA:0,(anonymous_79)
FNDA:0,(anonymous_80)
FNDA:0,(anonymous_81)
FNDA:0,(anonymous_82)
FNDA:0,(anonymous_83)
FNDA:0,(anonymous_84)
FNDA:0,(anonymous_85)
FNDA:0,(anonymous_86)
FNDA:0,(anonymous_87)
FNDA:0,(anonymous_88)
FNDA:0,(anonymous_89)
FNDA:0,(anonymous_90)
FNDA:0,(anonymous_91)
FNDA:0,(anonymous_92)
FNDA:0,(anonymous_93)
FNDA:0,(anonymous_94)
FNDA:0,(anonymous_95)
FNDA:0,(anonymous_96)
FNDA:0,(anonymous_97)
DA:25,0
DA:33,0
DA:46,0
DA:48,0
DA:51,0
DA:52,0
DA:53,0
DA:77,0
DA:78,0
DA:79,0
DA:80,0
DA:82,0
DA:96,0
DA:97,0
DA:98,0
DA:99,0
DA:106,0
DA:107,0
DA:109,0
DA:135,0
DA:136,0
DA:137,0
DA:144,0
DA:145,0
DA:146,0
DA:153,0
DA:155,0
DA:169,0
DA:170,0
DA:171,0
DA:172,0
DA:179,0
DA:180,0
DA:182,0
DA:205,0
DA:206,0
DA:207,0
DA:208,0
DA:209,0
DA:210,0
DA:211,0
DA:214,0
DA:215,0
DA:216,0
DA:217,0
DA:218,0
DA:221,0
DA:222,0
DA:223,0
DA:226,0
DA:227,0
DA:228,0
DA:229,0
DA:232,0
DA:233,0
DA:236,0
DA:239,0
DA:240,0
DA:244,0
DA:245,0
DA:246,0
DA:247,0
DA:248,0
DA:249,0
DA:250,0
DA:251,0
DA:252,0
DA:254,0
DA:255,0
DA:258,0
DA:259,0
DA:261,0
DA:265,0
DA:266,0
DA:267,0
DA:268,0
DA:269,0
DA:272,0
DA:275,0
DA:276,0
DA:277,0
DA:280,0
DA:281,0
DA:283,0
DA:284,0
DA:287,0
DA:288,0
DA:290,0
DA:292,0
DA:300,0
DA:301,0
DA:302,0
DA:304,0
DA:305,0
DA:309,0
DA:310,0
DA:313,0
DA:314,0
DA:317,0
DA:319,0
DA:320,0
DA:322,0
DA:326,0
DA:327,0
DA:328,0
DA:329,0
DA:331,0
DA:339,0
DA:340,0
DA:341,0
DA:343,0
DA:344,0
DA:347,0
DA:348,0
DA:351,0
DA:353,0
DA:354,0
DA:359,0
DA:360,0
DA:361,0
DA:362,0
DA:363,0
DA:366,0
DA:367,0
DA:368,0
DA:370,0
DA:372,0
DA:380,0
DA:382,0
DA:383,0
DA:384,0
DA:385,0
DA:388,0
DA:389,0
DA:391,0
DA:393,0
DA:395,0
DA:396,0
DA:397,0
DA:398,0
DA:402,0
DA:403,0
DA:406,0
DA:408,0
DA:409,0
DA:414,0
DA:415,0
DA:416,0
DA:418,0
DA:420,0
DA:421,0
DA:422,0
DA:425,0
DA:426,0
DA:428,0
DA:430,0
DA:431,0
DA:439,0
DA:440,0
DA:441,0
DA:443,0
DA:444,0
DA:448,0
DA:450,0
DA:452,0
DA:454,0
DA:459,0
DA:464,0
DA:465,0
DA:466,0
DA:467,0
DA:471,0
DA:474,0
DA:476,0
DA:477,0
DA:480,0
DA:481,0
DA:482,0
DA:485,0
DA:486,0
DA:487,0
DA:491,0
DA:493,0
DA:496,0
DA:497,0
DA:500,0
DA:501,0
DA:504,0
DA:506,0
DA:507,0
DA:510,0
DA:512,0
DA:517,0
DA:525,0
DA:526,0
DA:530,0
DA:533,0
DA:534,0
DA:535,0
DA:536,0
DA:539,0
DA:540,0
DA:541,0
DA:546,0
DA:548,0
DA:608,0
DA:609,0
DA:612,0
DA:613,0
DA:614,0
DA:618,0
DA:619,0
DA:623,0
DA:627,0
DA:629,0
DA:630,0
DA:631,0
DA:633,0
DA:637,0
DA:638,0
DA:639,0
DA:641,0
DA:642,0
DA:645,0
DA:646,0
DA:648,0
DA:651,0
DA:652,0
DA:655,0
DA:657,0
DA:659,0
DA:660,0
DA:661,0
DA:666,0
DA:668,0
DA:671,0
DA:675,0
DA:676,0
DA:680,0
DA:681,0
DA:682,0
DA:683,0
DA:685,0
DA:686,0
DA:690,0
DA:691,0
DA:692,0
DA:693,0
DA:694,0
DA:695,0
DA:696,0
DA:697,0
DA:702,0
DA:703,0
DA:704,0
DA:707,0
DA:708,0
DA:709,0
DA:713,0
DA:714,0
DA:721,0
DA:722,0
DA:725,0
DA:726,0
DA:728,0
DA:729,0
DA:730,0
DA:732,0
DA:738,0
DA:740,0
DA:749,0
DA:750,0
DA:751,0
DA:753,0
DA:754,0
DA:755,0
DA:758,0
DA:761,0
DA:762,0
DA:763,0
DA:767,0
DA:768,0
DA:771,0
DA:772,0
DA:773,0
DA:774,0
DA:777,0
DA:781,0
DA:782,0
DA:783,0
DA:786,0
DA:787,0
DA:788,0
DA:790,0
DA:793,0
DA:795,0
DA:798,0
DA:800,0
DA:801,0
DA:806,0
DA:808,0
DA:809,0
DA:810,0
DA:812,0
DA:815,0
DA:816,0
DA:817,0
DA:819,0
DA:821,0
DA:827,0
DA:828,0
DA:834,0
DA:838,0
DA:839,0
DA:842,0
DA:843,0
DA:847,0
DA:849,0
DA:852,0
DA:854,0
DA:856,0
DA:858,0
DA:859,0
DA:864,0
DA:865,0
DA:866,0
DA:867,0
DA:868,0
DA:869,0
DA:873,0
DA:878,0
DA:879,0
DA:880,0
DA:882,0
DA:884,0
DA:892,0
DA:893,0
DA:894,0
DA:895,0
DA:898,0
DA:902,0
DA:903,0
DA:910,0
DA:911,0
DA:917,0
DA:918,0
DA:925,0
DA:926,0
DA:927,0
DA:928,0
DA:935,0
DA:936,0
DA:942,0
DA:943,0
DA:953,0
DA:954,0
DA:955,0
DA:959,0
DA:960,0
DA:963,0
DA:965,0
DA:966,0
DA:970,0
DA:971,0
DA:975,0
DA:979,0
DA:980,0
DA:982,0
DA:984,0
DA:985,0
DA:990,0
DA:991,0
DA:992,0
DA:993,0
DA:994,0
DA:995,0
DA:999,0
DA:1004,0
DA:1005,0
DA:1006,0
DA:1008,0
DA:1011,0
DA:1019,0
DA:1020,0
DA:1021,0
DA:1022,0
DA:1025,0
DA:1029,0
DA:1030,0
DA:1037,0
DA:1038,0
DA:1044,0
DA:1045,0
DA:1052,0
DA:1053,0
DA:1054,0
DA:1055,0
DA:1056,0
DA:1063,0
DA:1064,0
DA:1070,0
DA:1071,0
DA:1078,0
DA:1079,0
DA:1086,0
DA:1087,0
DA:1093,0
DA:1094,0
DA:1102,0
DA:1103,0
DA:1110,0
DA:1111,0
DA:1117,0
DA:1118,0
DA:1125,0
DA:1126,0
DA:1133,0
DA:1134,0
DA:1140,0
DA:1141,0
DA:1150,0
DA:1151,0
DA:1152,0
DA:1156,0
DA:1157,0
DA:1158,0
DA:1162,0
DA:1163,0
DA:1164,0
DA:1167,0
DA:1169,0
DA:1170,0
DA:1171,0
DA:1174,0
DA:1175,0
DA:1177,0
DA:1191,0
DA:1193,0
DA:1194,0
DA:1198,0
DA:1199,0
DA:1202,0
DA:1206,0
DA:1207,0
DA:1209,0
DA:1212,0
DA:1215,0
DA:1218,0
DA:1219,0
DA:1222,0
DA:1223,0
DA:1224,0
DA:1225,0
DA:1228,0
DA:1229,0
DA:1230,0
DA:1231,0
DA:1236,0
DA:1237,0
DA:1238,0
DA:1245,0
DA:1246,0
DA:1254,0
DA:1255,0
DA:1310,0
DA:1313,0
DA:1371,0
DA:1372,0
DA:1438,0
DA:1440,0
DA:1444,0
DA:1470,0
DA:1530,0
DA:1532,0
DA:1536,0
DA:1570,0
DA:1571,0
DA:1572,0
DA:1575,0
DA:1576,0
DA:1582,0
DA:1586,0
DA:1587,0
DA:1588,0
DA:1589,0
DA:1590,0
DA:1593,0
DA:1594,0
DA:1596,0
DA:1599,0
DA:1601,0
DA:1610,0
DA:1611,0
DA:1612,0
DA:1615,0
DA:1618,0
DA:1624,0
DA:1625,0
DA:1627,0
DA:1630,0
DA:1632,0
DA:1635,0
DA:1636,0
DA:1638,0
DA:1644,0
DA:1645,0
DA:1646,0
DA:1650,0
DA:1651,0
DA:1652,0
DA:1654,0
DA:1655,0
DA:1657,0
DA:1658,0
DA:1659,0
DA:1661,0
DA:1662,0
DA:1664,0
DA:1665,0
DA:1666,0
DA:1667,0
DA:1669,0
DA:1671,0
DA:1673,0
DA:1674,0
DA:1679,0
DA:1681,0
DA:1685,0
DA:1686,0
DA:1687,0
DA:1694,0
DA:1695,0
DA:1702,0
DA:1703,0
DA:1737,0
DA:1746,0
DA:1755,0
DA:1764,0
DA:1790,0
DA:1861,0
DA:1863,0
DA:1864,0
DA:1867,0
DA:1868,0
DA:1871,0
DA:1872,0
DA:1876,0
DA:1879,0
DA:1884,0
DA:1885,0
DA:1887,0
DA:1888,0
DA:1889,0
DA:1892,0
DA:1896,0
DA:1905,0
DA:1912,0
DA:1934,0
DA:1935,0
DA:1984,0
DA:1985,0
DA:1999,0
DA:2011,0
DA:2012,0
DA:2021,0
DA:2022,0
DA:2030,0
DA:2072,0
DA:2074,0
DA:2075,0
DA:2076,0
DA:2077,0
DA:2097,0
DA:2118,0
LF:574
LH:0
BRDA:51,0,0,0
BRDA:51,0,1,0
BRDA:55,1,0,0
BRDA:55,1,1,0
BRDA:59,2,0,0
BRDA:59,2,1,0
BRDA:77,3,0,0
BRDA:77,3,1,0
BRDA:95,4,0,0
BRDA:95,4,1,0
BRDA:97,5,0,0
BRDA:97,5,1,0
BRDA:97,6,0,0
BRDA:97,6,1,0
BRDA:135,7,0,0
BRDA:135,7,1,0
BRDA:144,8,0,0
BRDA:144,8,1,0
BRDA:168,9,0,0
BRDA:168,9,1,0
BRDA:170,10,0,0
BRDA:170,10,1,0
BRDA:170,11,0,0
BRDA:170,11,1,0
BRDA:245,12,0,0
BRDA:245,12,1,0
BRDA:245,13,0,0
BRDA:245,13,1,0
BRDA:258,14,0,0
BRDA:258,14,1,0
BRDA:268,15,0,0
BRDA:268,15,1,0
BRDA:276,16,0,0
BRDA:276,16,1,0
BRDA:283,17,0,0
BRDA:283,17,1,0
BRDA:283,18,0,0
BRDA:283,18,1,0
BRDA:284,19,0,0
BRDA:284,19,1,0
BRDA:287,20,0,0
BRDA:287,20,1,0
BRDA:304,21,0,0
BRDA:304,21,1,0
BRDA:305,22,0,0
BRDA:305,22,1,0
BRDA:309,23,0,0
BRDA:309,23,1,0
BRDA:320,24,0,0
BRDA:320,24,1,0
BRDA:343,25,0,0
BRDA:343,25,1,0
BRDA:344,26,0,0
BRDA:344,26,1,0
BRDA:347,27,0,0
BRDA:347,27,1,0
BRDA:348,28,0,0
BRDA:348,28,1,0
BRDA:351,29,0,0
BRDA:351,29,1,0
BRDA:354,30,0,0
BRDA:354,30,1,0
BRDA:362,31,0,0
BRDA:362,31,1,0
BRDA:366,32,0,0
BRDA:366,32,1,0
BRDA:382,33,0,0
BRDA:382,33,1,0
BRDA:385,34,0,0
BRDA:385,34,1,0
BRDA:391,35,0,0
BRDA:391,35,1,0
BRDA:391,36,0,0
BRDA:391,36,1,0
BRDA:396,37,0,0
BRDA:396,37,1,0
BRDA:396,38,0,0
BRDA:396,38,1,0
BRDA:406,39,0,0
BRDA:406,39,1,0
BRDA:421,40,0,0
BRDA:421,40,1,0
BRDA:425,41,0,0
BRDA:425,41,1,0
BRDA:443,42,0,0
BRDA:443,42,1,0
BRDA:444,43,0,0
BRDA:444,43,1,0
BRDA:448,44,0,0
BRDA:448,44,1,0
BRDA:450,45,0,0
BRDA:450,45,1,0
BRDA:450,46,0,0
BRDA:450,46,1,0
BRDA:450,46,2,0
BRDA:452,47,0,0
BRDA:452,47,1,0
BRDA:454,48,0,0
BRDA:454,48,1,0
BRDA:464,49,0,0
BRDA:464,49,1,0
BRDA:464,50,0,0
BRDA:464,50,1,0
BRDA:465,51,0,0
BRDA:465,51,1,0
BRDA:466,52,0,0
BRDA:466,52,1,0
BRDA:474,53,0,0
BRDA:474,53,1,0
BRDA:474,54,0,0
BRDA:474,54,1,0
BRDA:474,54,2,0
BRDA:480,55,0,0
BRDA:480,55,1,0
BRDA:480,56,0,0
BRDA:480,56,1,0
BRDA:485,57,0,0
BRDA:485,57,1,0
BRDA:500,58,0,0
BRDA:500,58,1,0
BRDA:506,59,0,0
BRDA:506,59,1,0
BRDA:510,60,0,0
BRDA:510,60,1,0
BRDA:525,61,0,0
BRDA:525,61,1,0
BRDA:533,62,0,0
BRDA:533,62,1,0
BRDA:539,63,0,0
BRDA:539,63,1,0
BRDA:612,64,0,0
BRDA:612,64,1,0
BRDA:618,65,0,0
BRDA:618,65,1,0
BRDA:630,66,0,0
BRDA:630,66,1,0
BRDA:638,67,0,0
BRDA:638,67,1,0
BRDA:639,68,0,0
BRDA:639,68,1,0
BRDA:691,69,0,0
BRDA:691,69,1,0
BRDA:695,70,0,0
BRDA:695,70,1,0
BRDA:708,71,0,0
BRDA:708,71,1,0
BRDA:714,72,0,0
BRDA:714,72,1,0
BRDA:714,72,2,0
BRDA:714,72,3,0
BRDA:721,73,0,0
BRDA:721,73,1,0
BRDA:721,74,0,0
BRDA:721,74,1,0
BRDA:725,75,0,0
BRDA:725,75,1,0
BRDA:728,76,0,0
BRDA:728,76,1,0
BRDA:736,77,0,0
BRDA:736,77,1,0
BRDA:753,78,0,0
BRDA:753,78,1,0
BRDA:754,79,0,0
BRDA:754,79,1,0
BRDA:755,80,0,0
BRDA:755,80,1,0
BRDA:761,81,0,0
BRDA:761,81,1,0
BRDA:767,82,0,0
BRDA:767,82,1,0
BRDA:781,83,0,0
BRDA:781,83,1,0
BRDA:781,84,0,0
BRDA:781,84,1,0
BRDA:781,84,2,0
BRDA:787,85,0,0
BRDA:787,85,1,0
BRDA:787,86,0,0
BRDA:787,86,1,0
BRDA:827,87,0,0
BRDA:827,87,1,0
BRDA:831,88,0,0
BRDA:831,88,1,0
BRDA:838,89,0,0
BRDA:838,89,1,0
BRDA:842,90,0,0
BRDA:842,90,1,0
BRDA:847,91,0,0
BRDA:847,91,1,0
BRDA:847,92,0,0
BRDA:847,92,1,0
BRDA:847,92,2,0
BRDA:847,92,3,0
BRDA:859,93,0,0
BRDA:859,93,1,0
BRDA:864,94,0,0
BRDA:864,94,1,0
BRDA:875,95,0,0
BRDA:875,95,1,0
BRDA:876,96,0,0
BRDA:876,96,1,0
BRDA:876,96,2,0
BRDA:886,97,0,0
BRDA:886,97,1,0
BRDA:888,98,0,0
BRDA:888,98,1,0
BRDA:889,99,0,0
BRDA:889,99,1,0
BRDA:889,99,2,0
BRDA:953,100,0,0
BRDA:953,100,1,0
BRDA:953,101,0,0
BRDA:953,101,1,0
BRDA:959,102,0,0
BRDA:959,102,1,0
BRDA:963,103,0,0
BRDA:963,103,1,0
BRDA:963,104,0,0
BRDA:963,104,1,0
BRDA:963,104,2,0
BRDA:971,105,0,0
BRDA:971,105,1,0
BRDA:985,106,0,0
BRDA:985,106,1,0
BRDA:990,107,0,0
BRDA:990,107,1,0
BRDA:1001,108,0,0
BRDA:1001,108,1,0
BRDA:1002,109,0,0
BRDA:1002,109,1,0
BRDA:1002,109,2,0
BRDA:1013,110,0,0
BRDA:1013,110,1,0
BRDA:1015,111,0,0
BRDA:1015,111,1,0
BRDA:1016,112,0,0
BRDA:1016,112,1,0
BRDA:1016,112,2,0
BRDA:1170,113,0,0
BRDA:1170,113,1,0
BRDA:1174,114,0,0
BRDA:1174,114,1,0
BRDA:1193,115,0,0
BRDA:1193,115,1,0
BRDA:1194,116,0,0
BRDA:1194,116,1,0
BRDA:1199,117,0,0
BRDA:1199,117,1,0
BRDA:1199,118,0,0
BRDA:1199,118,1,0
BRDA:1202,119,0,0
BRDA:1202,119,1,0
BRDA:1219,120,0,0
BRDA:1219,120,1,0
BRDA:1237,121,0,0
BRDA:1237,121,1,0
BRDA:1245,122,0,0
BRDA:1245,122,1,0
BRDA:1254,123,0,0
BRDA:1254,123,1,0
BRDA:1292,124,0,0
BRDA:1292,124,1,0
BRDA:1298,125,0,0
BRDA:1298,125,1,0
BRDA:1302,126,0,0
BRDA:1302,126,1,0
BRDA:1311,127,0,0
BRDA:1311,127,1,0
BRDA:1317,128,0,0
BRDA:1317,128,1,0
BRDA:1330,129,0,0
BRDA:1330,129,1,0
BRDA:1340,130,0,0
BRDA:1340,130,1,0
BRDA:1341,131,0,0
BRDA:1341,131,1,0
BRDA:1344,132,0,0
BRDA:1344,132,1,0
BRDA:1348,133,0,0
BRDA:1348,133,1,0
BRDA:1349,134,0,0
BRDA:1349,134,1,0
BRDA:1350,135,0,0
BRDA:1350,135,1,0
BRDA:1354,136,0,0
BRDA:1354,136,1,0
BRDA:1355,137,0,0
BRDA:1355,137,1,0
BRDA:1356,138,0,0
BRDA:1356,138,1,0
BRDA:1357,139,0,0
BRDA:1357,139,1,0
BRDA:1371,140,0,0
BRDA:1371,140,1,0
BRDA:1401,141,0,0
BRDA:1401,141,1,0
BRDA:1427,142,0,0
BRDA:1427,142,1,0
BRDA:1435,143,0,0
BRDA:1435,143,1,0
BRDA:1442,144,0,0
BRDA:1442,144,1,0
BRDA:1454,145,0,0
BRDA:1454,145,1,0
BRDA:1490,146,0,0
BRDA:1490,146,1,0
BRDA:1490,146,2,0
BRDA:1490,146,3,0
BRDA:1518,147,0,0
BRDA:1518,147,1,0
BRDA:1534,148,0,0
BRDA:1534,148,1,0
BRDA:1548,149,0,0
BRDA:1548,149,1,0
BRDA:1548,149,2,0
BRDA:1577,150,0,0
BRDA:1577,150,1,0
BRDA:1578,151,0,0
BRDA:1578,151,1,0
BRDA:1579,152,0,0
BRDA:1579,152,1,0
BRDA:1580,153,0,0
BRDA:1580,153,1,0
BRDA:1589,154,0,0
BRDA:1589,154,1,0
BRDA:1593,155,0,0
BRDA:1593,155,1,0
BRDA:1599,156,0,0
BRDA:1599,156,1,0
BRDA:1610,157,0,0
BRDA:1610,157,1,0
BRDA:1612,158,0,0
BRDA:1612,158,1,0
BRDA:1624,159,0,0
BRDA:1624,159,1,0
BRDA:1635,160,0,0
BRDA:1635,160,1,0
BRDA:1636,161,0,0
BRDA:1636,161,1,0
BRDA:1638,162,0,0
BRDA:1638,162,1,0
BRDA:1655,163,0,0
BRDA:1655,163,1,0
BRDA:1658,164,0,0
BRDA:1658,164,1,0
BRDA:1659,165,0,0
BRDA:1659,165,1,0
BRDA:1662,166,0,0
BRDA:1662,166,1,0
BRDA:1662,167,0,0
BRDA:1662,167,1,0
BRDA:1665,168,0,0
BRDA:1665,168,1,0
BRDA:1666,169,0,0
BRDA:1666,169,1,0
BRDA:1669,170,0,0
BRDA:1669,170,1,0
BRDA:1669,171,0,0
BRDA:1669,171,1,0
BRDA:1673,172,0,0
BRDA:1673,172,1,0
BRDA:1686,173,0,0
BRDA:1686,173,1,0
BRDA:1694,174,0,0
BRDA:1694,174,1,0
BRDA:1702,175,0,0
BRDA:1702,175,1,0
BRDA:1722,176,0,0
BRDA:1722,176,1,0
BRDA:1809,177,0,0
BRDA:1809,177,1,0
BRDA:1836,178,0,0
BRDA:1836,178,1,0
BRDA:1852,179,0,0
BRDA:1852,179,1,0
BRDA:1863,180,0,0
BRDA:1863,180,1,0
BRDA:1863,181,0,0
BRDA:1863,181,1,0
BRDA:1863,181,2,0
BRDA:1863,181,3,0
BRDA:1885,182,0,0
BRDA:1885,182,1,0
BRDA:1949,183,0,0
BRDA:1949,183,1,0
BRDA:1963,184,0,0
BRDA:1963,184,1,0
BRDA:1966,185,0,0
BRDA:1966,185,1,0
BRDA:1969,186,0,0
BRDA:1969,186,1,0
BRDA:1969,187,0,0
BRDA:1969,187,1,0
BRDA:2005,188,0,0
BRDA:2005,188,1,0
BRDA:2040,189,0,0
BRDA:2040,189,1,0
BRDA:2040,190,0,0
BRDA:2040,190,1,0
BRDA:2059,191,0,0
BRDA:2059,191,1,0
BRDA:2065,192,0,0
BRDA:2065,192,1,0
BRDA:2065,193,0,0
BRDA:2065,193,1,0
BRDA:2070,194,0,0
BRDA:2070,194,1,0
BRDA:2074,195,0,0
BRDA:2074,195,1,0
BRDA:2084,196,0,0
BRDA:2084,196,1,0
BRDA:2089,197,0,0
BRDA:2089,197,1,0
BRDA:2096,198,0,0
BRDA:2096,198,1,0
BRDA:2102,199,0,0
BRDA:2102,199,1,0
BRDA:2107,200,0,0
BRDA:2107,200,1,0
BRDA:2272,201,0,0
BRDA:2272,201,1,0
BRF:421
BRH:0
end_of_record
TN:
SF:app\components\LandingPage.tsx
FN:31,LandingPage
FN:44,(anonymous_1)
FN:62,(anonymous_2)
FN:67,(anonymous_3)
FN:74,(anonymous_4)
FN:79,(anonymous_5)
FN:84,(anonymous_6)
FN:88,(anonymous_7)
FN:104,(anonymous_8)
FN:109,(anonymous_9)
FN:125,(anonymous_10)
FN:134,(anonymous_11)
FN:251,(anonymous_12)
FN:259,(anonymous_13)
FN:288,(anonymous_14)
FN:296,(anonymous_15)
FN:335,(anonymous_16)
FN:376,(anonymous_17)
FN:425,(anonymous_18)
FNF:19
FNH:0
FNDA:0,LandingPage
FNDA:0,(anonymous_1)
FNDA:0,(anonymous_2)
FNDA:0,(anonymous_3)
FNDA:0,(anonymous_4)
FNDA:0,(anonymous_5)
FNDA:0,(anonymous_6)
FNDA:0,(anonymous_7)
FNDA:0,(anonymous_8)
FNDA:0,(anonymous_9)
FNDA:0,(anonymous_10)
FNDA:0,(anonymous_11)
FNDA:0,(anonymous_12)
FNDA:0,(anonymous_13)
FNDA:0,(anonymous_14)
FNDA:0,(anonymous_15)
FNDA:0,(anonymous_16)
FNDA:0,(anonymous_17)
FNDA:0,(anonymous_18)
DA:32,0
DA:33,0
DA:34,0
DA:35,0
DA:36,0
DA:37,0
DA:38,0
DA:39,0
DA:40,0
DA:41,0
DA:44,0
DA:45,0
DA:46,0
DA:47,0
DA:49,0
DA:50,0
DA:51,0
DA:52,0
DA:57,0
DA:62,0
DA:63,0
DA:67,0
DA:68,0
DA:69,0
DA:74,0
DA:75,0
DA:76,0
DA:79,0
DA:80,0
DA:81,0
DA:84,0
DA:85,0
DA:88,0
DA:89,0
DA:91,0
DA:92,0
DA:95,0
DA:96,0
DA:97,0
DA:98,0
DA:100,0
DA:104,0
DA:105,0
DA:109,0
DA:110,0
DA:114,0
DA:115,0
DA:118,0
DA:119,0
DA:122,0
DA:125,0
DA:126,0
DA:127,0
DA:134,0
DA:135,0
DA:172,0
DA:173,0
DA:175,0
DA:177,0
DA:184,0
DA:191,0
DA:198,0
DA:199,0
DA:203,0
DA:229,0
DA:251,0
DA:259,0
DA:288,0
DA:296,0
DA:336,0
DA:376,0
DA:426,0
DA:427,0
DA:449,0
LF:74
LH:0
BRDA:34,0,0,0
BRDA:34,0,1,0
BRDA:49,1,0,0
BRDA:49,1,1,0
BRDA:49,2,0,0
BRDA:49,2,1,0
BRDA:68,3,0,0
BRDA:68,3,1,0
BRDA:68,4,0,0
BRDA:68,4,1,0
BRDA:68,4,2,0
BRDA:114,5,0,0
BRDA:114,5,1,0
BRDA:172,6,0,0
BRDA:172,6,1,0
BRDA:172,7,0,0
BRDA:172,7,1,0
BRDA:175,8,0,0
BRDA:175,8,1,0
BRDA:175,8,2,0
BRDA:175,8,3,0
BRDA:237,9,0,0
BRDA:237,9,1,0
BRDA:237,10,0,0
BRDA:237,10,1,0
BRDA:242,11,0,0
BRDA:242,11,1,0
BRDA:272,12,0,0
BRDA:272,12,1,0
BRDA:279,13,0,0
BRDA:279,13,1,0
BRDA:305,14,0,0
BRDA:305,14,1,0
BRDA:311,15,0,0
BRDA:311,15,1,0
BRDA:325,16,0,0
BRDA:325,16,1,0
BRDA:332,17,0,0
BRDA:332,17,1,0
BRDA:339,18,0,0
BRDA:339,18,1,0
BRDA:361,19,0,0
BRDA:361,19,1,0
BRDA:368,20,0,0
BRDA:368,20,1,0
BRDA:389,21,0,0
BRDA:389,21,1,0
BRDA:436,22,0,0
BRDA:436,22,1,0
BRDA:436,22,2,0
BRDA:436,22,3,0
BRDA:436,23,0,0
BRDA:436,23,1,0
BRDA:436,24,0,0
BRDA:436,24,1,0
BRF:55
BRH:0
end_of_record
TN:
SF:app\components\OTPVerification.tsx
FN:25,OTPVerification
FN:38,(anonymous_1)
FN:40,(anonymous_2)
FN:41,(anonymous_3)
FN:45,(anonymous_4)
FN:53,(anonymous_5)
FN:67,(anonymous_6)
FN:77,(anonymous_7)
FN:109,(anonymous_8)
FN:117,(anonymous_9)
FN:129,(anonymous_10)
FN:134,(anonymous_11)
FN:165,(anonymous_12)
FN:168,(anonymous_13)
FN:175,(anonymous_14)
FN:176,(anonymous_15)
FNF:16
FNH:0
FNDA:0,OTPVerification
FNDA:0,(anonymous_1)
FNDA:0,(anonymous_2)
FNDA:0,(anonymous_3)
FNDA:0,(anonymous_4)
FNDA:0,(anonymous_5)
FNDA:0,(anonymous_6)
FNDA:0,(anonymous_7)
FNDA:0,(anonymous_8)
FNDA:0,(anonymous_9)
FNDA:0,(anonymous_10)
FNDA:0,(anonymous_11)
FNDA:0,(anonymous_12)
FNDA:0,(anonymous_13)
FNDA:0,(anonymous_14)
FNDA:0,(anonymous_15)
DA:31,0
DA:32,0
DA:33,0
DA:34,0
DA:35,0
DA:38,0
DA:39,0
DA:40,0
DA:41,0
DA:45,0
DA:46,0
DA:47,0
DA:49,0
DA:53,0
DA:55,0
DA:56,0
DA:57,0
DA:60,0
DA:61,0
DA:62,0
DA:63,0
DA:67,0
DA:72,0
DA:73,0
DA:77,0
DA:78,0
DA:79,0
DA:80,0
DA:81,0
DA:84,0
DA:86,0
DA:88,0
DA:93,0
DA:95,0
DA:96,0
DA:97,0
DA:99,0
DA:102,0
DA:103,0
DA:105,0
DA:109,0
DA:110,0
DA:112,0
DA:114,0
DA:117,0
DA:118,0
DA:119,0
DA:120,0
DA:123,0
DA:124,0
DA:125,0
DA:129,0
DA:130,0
DA:131,0
DA:134,0
DA:136,0
DA:137,0
DA:141,0
DA:166,0
DA:169,0
DA:175,0
DA:176,0
LF:62
LH:0
BRDA:39,0,0,0
BRDA:39,0,1,0
BRDA:46,1,0,0
BRDA:46,1,1,0
BRDA:60,2,0,0
BRDA:60,2,1,0
BRDA:60,3,0,0
BRDA:60,3,1,0
BRDA:62,4,0,0
BRDA:62,4,1,0
BRDA:62,5,0,0
BRDA:62,5,1,0
BRDA:72,6,0,0
BRDA:72,6,1,0
BRDA:72,7,0,0
BRDA:72,7,1,0
BRDA:72,7,2,0
BRDA:79,8,0,0
BRDA:79,8,1,0
BRDA:95,9,0,0
BRDA:95,9,1,0
BRDA:99,10,0,0
BRDA:99,10,1,0
BRDA:103,11,0,0
BRDA:103,11,1,0
BRDA:110,12,0,0
BRDA:110,12,1,0
BRDA:136,13,0,0
BRDA:136,13,1,0
BRDA:177,14,0,0
BRDA:177,14,1,0
BRDA:186,15,0,0
BRDA:186,15,1,0
BRDA:189,16,0,0
BRDA:189,16,1,0
BRDA:198,17,0,0
BRDA:198,17,1,0
BRDA:200,18,0,0
BRDA:200,18,1,0
BRDA:200,19,0,0
BRDA:200,19,1,0
BRDA:203,20,0,0
BRDA:203,20,1,0
BRDA:207,21,0,0
BRDA:207,21,1,0
BRF:45
BRH:0
end_of_record
TN:
SF:app\components\QRCodeGenerator.tsx
FN:10,QRCodeGenerator
FNF:1
FNH:0
FNDA:0,QRCodeGenerator
DA:11,0
DA:24,0
LF:2
LH:0
BRDA:10,0,0,0
BRF:1
BRH:0
end_of_record
TN:
SF:app\components\Register.tsx
FN:17,Register
FN:31,(anonymous_1)
FN:32,(anonymous_2)
FN:35,(anonymous_3)
FN:123,(anonymous_4)
FN:134,(anonymous_5)
FN:146,(anonymous_6)
FN:157,(anonymous_7)
FNF:8
FNH:8
FNDA:35,Register
FNDA:20,(anonymous_1)
FNDA:20,(anonymous_2)
FNDA:6,(anonymous_3)
FNDA:5,(anonymous_4)
FNDA:5,(anonymous_5)
FNDA:5,(anonymous_6)
FNDA:5,(anonymous_7)
DA:18,35
DA:19,35
DA:21,35
DA:27,35
DA:28,35
DA:29,35
DA:31,35
DA:32,20
DA:35,35
DA:37,6
DA:38,1
DA:39,1
DA:42,5
DA:43,1
DA:44,1
DA:47,4
DA:48,1
DA:49,1
DA:52,3
DA:53,1
DA:54,1
DA:57,2
DA:58,2
DA:59,2
DA:62,2
DA:64,2
DA:70,2
DA:72,1
DA:74,1
DA:75,1
DA:78,1
DA:79,0
DA:81,1
DA:84,0
DA:87,1
DA:88,1
DA:94,2
DA:98,35
DA:123,5
DA:134,5
DA:146,5
DA:157,5
LF:42
LH:40
BRDA:37,0,0,1
BRDA:37,0,1,5
BRDA:37,1,0,6
BRDA:37,1,1,5
BRDA:37,1,2,5
BRDA:37,1,3,5
BRDA:42,2,0,1
BRDA:42,2,1,4
BRDA:47,3,0,1
BRDA:47,3,1,3
BRDA:52,4,0,1
BRDA:52,4,1,2
BRDA:74,5,0,1
BRDA:74,5,1,0
BRDA:78,6,0,0
BRDA:78,6,1,1
BRDA:84,7,0,0
BRDA:84,7,1,0
BRDA:89,8,0,1
BRDA:89,8,1,0
BRDA:89,8,2,0
BRDA:104,9,0,35
BRDA:104,9,1,0
BRDA:115,10,0,34
BRDA:115,10,1,1
BRDA:162,11,0,5
BRDA:162,11,1,29
BRDA:171,12,0,2
BRDA:171,12,1,32
BRF:29
BRH:22
end_of_record
TN:
SF:app\components\SignIn.tsx
FN:19,SignIn
FN:30,(anonymous_1)
FN:31,(anonymous_2)
FN:34,(anonymous_3)
FN:50,(anonymous_4)
FN:58,(anonymous_5)
FN:95,(anonymous_6)
FN:110,(anonymous_7)
FN:138,(anonymous_8)
FN:150,(anonymous_9)
FN:172,(anonymous_10)
FNF:11
FNH:0
FNDA:0,SignIn
FNDA:0,(anonymous_1)
FNDA:0,(anonymous_2)
FNDA:0,(anonymous_3)
FNDA:0,(anonymous_4)
FNDA:0,(anonymous_5)
FNDA:0,(anonymous_6)
FNDA:0,(anonymous_7)
FNDA:0,(anonymous_8)
FNDA:0,(anonymous_9)
FNDA:0,(anonymous_10)
DA:20,0
DA:21,0
DA:23,0
DA:27,0
DA:28,0
DA:30,0
DA:31,0
DA:34,0
DA:36,0
DA:37,0
DA:38,0
DA:42,0
DA:43,0
DA:44,0
DA:47,0
DA:50,0
DA:51,0
DA:52,0
DA:54,0
DA:58,0
DA:59,0
DA:61,0
DA:62,0
DA:64,0
DA:69,0
DA:71,0
DA:73,0
DA:75,0
DA:76,0
DA:78,0
DA:79,0
DA:82,0
DA:85,0
DA:88,0
DA:89,0
DA:91,0
DA:95,0
DA:96,0
DA:98,0
DA:99,0
DA:101,0
DA:102,0
DA:103,0
DA:105,0
DA:106,0
DA:110,0
DA:111,0
DA:114,0
DA:138,0
DA:150,0
DA:172,0
LF:51
LH:0
BRDA:21,0,0,0
BRDA:21,0,1,0
BRDA:36,1,0,0
BRDA:36,1,1,0
BRDA:36,2,0,0
BRDA:36,2,1,0
BRDA:42,3,0,0
BRDA:42,3,1,0
BRDA:51,4,0,0
BRDA:51,4,1,0
BRDA:59,5,0,0
BRDA:59,5,1,0
BRDA:71,6,0,0
BRDA:71,6,1,0
BRDA:73,7,0,0
BRDA:73,7,1,0
BRDA:85,8,0,0
BRDA:85,8,1,0
BRDA:89,9,0,0
BRDA:89,9,1,0
BRDA:121,10,0,0
BRDA:121,10,1,0
BRDA:160,11,0,0
BRDA:160,11,1,0
BRF:24
BRH:0
end_of_record
TN:
SF:app\components\StudentDashboard.tsx
FN:30,StudentDashboard
FN:56,(anonymous_1)
FN:60,(anonymous_2)
FN:97,(anonymous_3)
FN:110,(anonymous_4)
FN:114,(anonymous_5)
FN:141,(anonymous_6)
FN:217,(anonymous_7)
FN:297,(anonymous_8)
FN:337,(anonymous_9)
FN:384,(anonymous_10)
FN:438,(anonymous_11)
FN:446,(anonymous_12)
FN:455,(anonymous_13)
FN:490,(anonymous_14)
FN:499,(anonymous_15)
FN:513,(anonymous_16)
FN:528,(anonymous_17)
FN:544,(anonymous_18)
FN:545,(anonymous_19)
FN:554,(anonymous_20)
FN:574,(anonymous_21)
FN:581,(anonymous_22)
FN:619,(anonymous_23)
FN:628,(anonymous_24)
FN:637,(anonymous_25)
FN:646,(anonymous_26)
FN:734,(anonymous_27)
FN:739,(anonymous_28)
FN:742,(anonymous_29)
FN:749,(anonymous_30)
FN:760,(anonymous_31)
FN:802,(anonymous_32)
FN:818,(anonymous_33)
FN:824,(anonymous_34)
FN:862,(anonymous_35)
FN:862,(anonymous_36)
FN:878,(anonymous_37)
FN:890,(anonymous_38)
FN:897,(anonymous_39)
FN:911,(anonymous_40)
FN:924,(anonymous_41)
FN:1052,(anonymous_42)
FN:1055,(anonymous_43)
FN:1125,(anonymous_44)
FN:1128,(anonymous_45)
FN:1235,(anonymous_46)
FN:1239,(anonymous_47)
FN:1300,(anonymous_48)
FN:1337,(anonymous_49)
FN:1341,(anonymous_50)
FN:1342,(anonymous_51)
FNF:52
FNH:0
FNDA:0,StudentDashboard
FNDA:0,(anonymous_1)
FNDA:0,(anonymous_2)
FNDA:0,(anonymous_3)
FNDA:0,(anonymous_4)
FNDA:0,(anonymous_5)
FNDA:0,(anonymous_6)
FNDA:0,(anonymous_7)
FNDA:0,(anonymous_8)
FNDA:0,(anonymous_9)
FNDA:0,(anonymous_10)
FNDA:0,(anonymous_11)
FNDA:0,(anonymous_12)
FNDA:0,(anonymous_13)
FNDA:0,(anonymous_14)
FNDA:0,(anonymous_15)
FNDA:0,(anonymous_16)
FNDA:0,(anonymous_17)
FNDA:0,(anonymous_18)
FNDA:0,(anonymous_19)
FNDA:0,(anonymous_20)
FNDA:0,(anonymous_21)
FNDA:0,(anonymous_22)
FNDA:0,(anonymous_23)
FNDA:0,(anonymous_24)
FNDA:0,(anonymous_25)
FNDA:0,(anonymous_26)
FNDA:0,(anonymous_27)
FNDA:0,(anonymous_28)
FNDA:0,(anonymous_29)
FNDA:0,(anonymous_30)
FNDA:0,(anonymous_31)
FNDA:0,(anonymous_32)
FNDA:0,(anonymous_33)
FNDA:0,(anonymous_34)
FNDA:0,(anonymous_35)
FNDA:0,(anonymous_36)
FNDA:0,(anonymous_37)
FNDA:0,(anonymous_38)
FNDA:0,(anonymous_39)
FNDA:0,(anonymous_40)
FNDA:0,(anonymous_41)
FNDA:0,(anonymous_42)
FNDA:0,(anonymous_43)
FNDA:0,(anonymous_44)
FNDA:0,(anonymous_45)
FNDA:0,(anonymous_46)
FNDA:0,(anonymous_47)
FNDA:0,(anonymous_48)
FNDA:0,(anonymous_49)
FNDA:0,(anonymous_50)
FNDA:0,(anonymous_51)
DA:31,0
DA:32,0
DA:33,0
DA:34,0
DA:35,0
DA:37,0
DA:38,0
DA:39,0
DA:40,0
DA:41,0
DA:42,0
DA:43,0
DA:44,0
DA:45,0
DA:46,0
DA:47,0
DA:48,0
DA:49,0
DA:52,0
DA:53,0
DA:54,0
DA:56,0
DA:57,0
DA:60,0
DA:62,0
DA:63,0
DA:64,0
DA:68,0
DA:69,0
DA:72,0
DA:73,0
DA:75,0
DA:85,0
DA:94,0
DA:97,0
DA:98,0
DA:99,0
DA:110,0
DA:113,0
DA:114,0
DA:115,0
DA:116,0
DA:117,0
DA:118,0
DA:121,0
DA:122,0
DA:123,0
DA:124,0
DA:126,0
DA:130,0
DA:133,0
DA:137,0
DA:141,0
DA:142,0
DA:143,0
DA:144,0
DA:145,0
DA:149,0
DA:150,0
DA:151,0
DA:154,0
DA:155,0
DA:157,0
DA:158,0
DA:160,0
DA:161,0
DA:163,0
DA:171,0
DA:172,0
DA:173,0
DA:175,0
DA:176,0
DA:180,0
DA:181,0
DA:184,0
DA:187,0
DA:189,0
DA:191,0
DA:199,0
DA:202,0
DA:203,0
DA:206,0
DA:207,0
DA:209,0
DA:210,0
DA:213,0
DA:215,0
DA:217,0
DA:219,0
DA:220,0
DA:221,0
DA:225,0
DA:226,0
DA:227,0
DA:231,0
DA:233,0
DA:234,0
DA:239,0
DA:240,0
DA:241,0
DA:244,0
DA:247,0
DA:250,0
DA:251,0
DA:252,0
DA:255,0
DA:256,0
DA:259,0
DA:261,0
DA:280,0
DA:281,0
DA:282,0
DA:283,0
DA:287,0
DA:289,0
DA:290,0
DA:292,0
DA:297,0
DA:298,0
DA:299,0
DA:301,0
DA:303,0
DA:304,0
DA:305,0
DA:308,0
DA:309,0
DA:310,0
DA:312,0
DA:314,0
DA:315,0
DA:317,0
DA:319,0
DA:322,0
DA:323,0
DA:324,0
DA:325,0
DA:333,0
DA:336,0
DA:337,0
DA:338,0
DA:345,0
DA:353,0
DA:356,0
DA:357,0
DA:358,0
DA:362,0
DA:363,0
DA:367,0
DA:368,0
DA:369,0
DA:371,0
DA:372,0
DA:375,0
DA:381,0
DA:382,0
DA:384,0
DA:385,0
DA:394,0
DA:395,0
DA:397,0
DA:398,0
DA:402,0
DA:403,0
DA:404,0
DA:405,0
DA:409,0
DA:410,0
DA:411,0
DA:416,0
DA:418,0
DA:419,0
DA:423,0
DA:432,0
DA:433,0
DA:436,0
DA:437,0
DA:438,0
DA:439,0
DA:444,0
DA:445,0
DA:446,0
DA:447,0
DA:452,0
DA:453,0
DA:454,0
DA:455,0
DA:456,0
DA:463,0
DA:464,0
DA:469,0
DA:470,0
DA:476,0
DA:482,0
DA:486,0
DA:490,0
DA:491,0
DA:492,0
DA:493,0
DA:496,0
DA:499,0
DA:500,0
DA:501,0
DA:502,0
DA:503,0
DA:505,0
DA:507,0
DA:509,0
DA:510,0
DA:513,0
DA:514,0
DA:515,0
DA:516,0
DA:517,0
DA:519,0
DA:522,0
DA:527,0
DA:528,0
DA:529,0
DA:530,0
DA:531,0
DA:532,0
DA:534,0
DA:538,0
DA:539,0
DA:540,0
DA:544,0
DA:545,0
DA:546,0
DA:548,0
DA:549,0
DA:554,0
DA:555,0
DA:557,0
DA:560,0
DA:561,0
DA:564,0
DA:566,0
DA:568,0
DA:569,0
DA:570,0
DA:574,0
DA:575,0
DA:576,0
DA:577,0
DA:581,0
DA:582,0
DA:583,0
DA:590,0
DA:591,0
DA:598,0
DA:599,0
DA:619,0
DA:628,0
DA:637,0
DA:646,0
DA:673,0
DA:734,0
DA:735,0
DA:737,0
DA:738,0
DA:739,0
DA:740,0
DA:741,0
DA:742,0
DA:744,0
DA:749,0
DA:750,0
DA:756,0
DA:760,0
DA:761,0
DA:762,0
DA:763,0
DA:764,0
DA:767,0
DA:768,0
DA:770,0
DA:773,0
DA:775,0
DA:784,0
DA:785,0
DA:786,0
DA:789,0
DA:792,0
DA:798,0
DA:799,0
DA:802,0
DA:803,0
DA:806,0
DA:809,0
DA:810,0
DA:812,0
DA:818,0
DA:819,0
DA:820,0
DA:824,0
DA:825,0
DA:826,0
DA:827,0
DA:829,0
DA:830,0
DA:831,0
DA:834,0
DA:835,0
DA:836,0
DA:839,0
DA:841,0
DA:849,0
DA:851,0
DA:852,0
DA:853,0
DA:854,0
DA:857,0
DA:858,0
DA:860,0
DA:862,0
DA:863,0
DA:865,0
DA:869,0
DA:870,0
DA:871,0
DA:873,0
DA:878,0
DA:879,0
DA:890,0
DA:897,0
DA:898,0
DA:899,0
DA:902,0
DA:911,0
DA:924,0
DA:1053,0
DA:1055,0
DA:1056,0
DA:1126,0
DA:1128,0
DA:1236,0
DA:1241,0
DA:1242,0
DA:1301,0
DA:1302,0
DA:1338,0
DA:1341,0
DA:1342,0
DA:1377,0
LF:344
LH:0
BRDA:62,0,0,0
BRDA:62,0,1,0
BRDA:63,1,0,0
BRDA:63,1,1,0
BRDA:68,2,0,0
BRDA:68,2,1,0
BRDA:86,3,0,0
BRDA:86,3,1,0
BRDA:86,3,2,0
BRDA:86,3,3,0
BRDA:87,4,0,0
BRDA:87,4,1,0
BRDA:87,4,2,0
BRDA:88,5,0,0
BRDA:88,5,1,0
BRDA:89,6,0,0
BRDA:89,6,1,0
BRDA:98,7,0,0
BRDA:98,7,1,0
BRDA:98,8,0,0
BRDA:98,8,1,0
BRDA:98,8,2,0
BRDA:100,9,0,0
BRDA:100,9,1,0
BRDA:100,9,2,0
BRDA:100,9,3,0
BRDA:101,10,0,0
BRDA:101,10,1,0
BRDA:101,10,2,0
BRDA:102,11,0,0
BRDA:102,11,1,0
BRDA:103,12,0,0
BRDA:103,12,1,0
BRDA:113,13,0,0
BRDA:113,13,1,0
BRDA:113,14,0,0
BRDA:113,14,1,0
BRDA:113,15,0,0
BRDA:113,15,1,0
BRDA:117,16,0,0
BRDA:117,16,1,0
BRDA:121,17,0,0
BRDA:121,17,1,0
BRDA:144,18,0,0
BRDA:144,18,1,0
BRDA:150,19,0,0
BRDA:150,19,1,0
BRDA:157,20,0,0
BRDA:157,20,1,0
BRDA:175,21,0,0
BRDA:175,21,1,0
BRDA:176,22,0,0
BRDA:176,22,1,0
BRDA:180,23,0,0
BRDA:180,23,1,0
BRDA:189,24,0,0
BRDA:189,24,1,0
BRDA:215,25,0,0
BRDA:215,25,1,0
BRDA:215,26,0,0
BRDA:215,26,1,0
BRDA:215,26,2,0
BRDA:219,27,0,0
BRDA:219,27,1,0
BRDA:225,28,0,0
BRDA:225,28,1,0
BRDA:231,29,0,0
BRDA:231,29,1,0
BRDA:235,30,0,0
BRDA:235,30,1,0
BRDA:239,31,0,0
BRDA:239,31,1,0
BRDA:250,32,0,0
BRDA:250,32,1,0
BRDA:282,33,0,0
BRDA:282,33,1,0
BRDA:290,34,0,0
BRDA:290,34,1,0
BRDA:305,35,0,0
BRDA:305,35,1,0
BRDA:309,36,0,0
BRDA:309,36,1,0
BRDA:314,37,0,0
BRDA:314,37,1,0
BRDA:323,38,0,0
BRDA:323,38,1,0
BRDA:327,39,0,0
BRDA:327,39,1,0
BRDA:328,40,0,0
BRDA:328,40,1,0
BRDA:333,41,0,0
BRDA:333,41,1,0
BRDA:340,42,0,0
BRDA:340,42,1,0
BRDA:341,43,0,0
BRDA:341,43,1,0
BRDA:356,44,0,0
BRDA:356,44,1,0
BRDA:377,45,0,0
BRDA:377,45,1,0
BRDA:381,46,0,0
BRDA:381,46,1,0
BRDA:381,47,0,0
BRDA:381,47,1,0
BRDA:381,47,2,0
BRDA:394,48,0,0
BRDA:394,48,1,0
BRDA:394,49,0,0
BRDA:394,49,1,0
BRDA:397,50,0,0
BRDA:397,50,1,0
BRDA:397,51,0,0
BRDA:397,51,1,0
BRDA:402,52,0,0
BRDA:402,52,1,0
BRDA:402,53,0,0
BRDA:402,53,1,0
BRDA:403,54,0,0
BRDA:403,54,1,0
BRDA:406,55,0,0
BRDA:406,55,1,0
BRDA:409,56,0,0
BRDA:409,56,1,0
BRDA:412,57,0,0
BRDA:412,57,1,0
BRDA:416,58,0,0
BRDA:416,58,1,0
BRDA:416,59,0,0
BRDA:416,59,1,0
BRDA:416,59,2,0
BRDA:427,60,0,0
BRDA:427,60,1,0
BRDA:432,61,0,0
BRDA:432,61,1,0
BRDA:432,62,0,0
BRDA:432,62,1,0
BRDA:432,62,2,0
BRDA:436,63,0,0
BRDA:436,63,1,0
BRDA:436,64,0,0
BRDA:436,64,1,0
BRDA:444,65,0,0
BRDA:444,65,1,0
BRDA:444,66,0,0
BRDA:444,66,1,0
BRDA:452,67,0,0
BRDA:452,67,1,0
BRDA:452,68,0,0
BRDA:452,68,1,0
BRDA:454,69,0,0
BRDA:454,69,1,0
BRDA:456,70,0,0
BRDA:456,70,1,0
BRDA:463,71,0,0
BRDA:463,71,1,0
BRDA:466,72,0,0
BRDA:466,72,1,0
BRDA:469,73,0,0
BRDA:469,73,1,0
BRDA:491,74,0,0
BRDA:491,74,1,0
BRDA:492,75,0,0
BRDA:492,75,1,0
BRDA:509,76,0,0
BRDA:509,76,1,0
BRDA:509,77,0,0
BRDA:509,77,1,0
BRDA:509,77,2,0
BRDA:546,78,0,0
BRDA:546,78,1,0
BRDA:575,79,0,0
BRDA:575,79,1,0
BRDA:582,80,0,0
BRDA:582,80,1,0
BRDA:590,81,0,0
BRDA:590,81,1,0
BRDA:598,82,0,0
BRDA:598,82,1,0
BRDA:604,83,0,0
BRDA:604,83,1,0
BRDA:678,84,0,0
BRDA:678,84,1,0
BRDA:705,85,0,0
BRDA:705,85,1,0
BRDA:737,86,0,0
BRDA:737,86,1,0
BRDA:740,87,0,0
BRDA:740,87,1,0
BRDA:751,88,0,0
BRDA:751,88,1,0
BRDA:752,89,0,0
BRDA:752,89,1,0
BRDA:753,90,0,0
BRDA:753,90,1,0
BRDA:754,91,0,0
BRDA:754,91,1,0
BRDA:763,92,0,0
BRDA:763,92,1,0
BRDA:767,93,0,0
BRDA:767,93,1,0
BRDA:773,94,0,0
BRDA:773,94,1,0
BRDA:784,95,0,0
BRDA:784,95,1,0
BRDA:786,96,0,0
BRDA:786,96,1,0
BRDA:809,97,0,0
BRDA:809,97,1,0
BRDA:810,98,0,0
BRDA:810,98,1,0
BRDA:812,99,0,0
BRDA:812,99,1,0
BRDA:830,100,0,0
BRDA:830,100,1,0
BRDA:834,101,0,0
BRDA:834,101,1,0
BRDA:839,102,0,0
BRDA:839,102,1,0
BRDA:851,103,0,0
BRDA:851,103,1,0
BRDA:854,104,0,0
BRDA:854,104,1,0
BRDA:860,105,0,0
BRDA:860,105,1,0
BRDA:865,106,0,0
BRDA:865,106,1,0
BRDA:870,107,0,0
BRDA:870,107,1,0
BRDA:943,108,0,0
BRDA:943,108,1,0
BRDA:945,109,0,0
BRDA:945,109,1,0
BRDA:947,110,0,0
BRDA:947,110,1,0
BRDA:967,111,0,0
BRDA:967,111,1,0
BRDA:968,112,0,0
BRDA:968,112,1,0
BRDA:969,113,0,0
BRDA:969,113,1,0
BRDA:972,114,0,0
BRDA:972,114,1,0
BRDA:973,115,0,0
BRDA:973,115,1,0
BRDA:974,116,0,0
BRDA:974,116,1,0
BRDA:975,117,0,0
BRDA:975,117,1,0
BRDA:987,118,0,0
BRDA:987,118,1,0
BRDA:987,118,2,0
BRDA:987,119,0,0
BRDA:987,119,1,0
BRDA:999,120,0,0
BRDA:999,120,1,0
BRDA:999,120,2,0
BRDA:1013,121,0,0
BRDA:1013,121,1,0
BRDA:1030,122,0,0
BRDA:1030,122,1,0
BRDA:1030,123,0,0
BRDA:1030,123,1,0
BRDA:1031,124,0,0
BRDA:1031,124,1,0
BRDA:1049,125,0,0
BRDA:1049,125,1,0
BRDA:1072,126,0,0
BRDA:1072,126,1,0
BRDA:1072,127,0,0
BRDA:1072,127,1,0
BRDA:1103,128,0,0
BRDA:1103,128,1,0
BRDA:1109,129,0,0
BRDA:1109,129,1,0
BRDA:1109,129,2,0
BRDA:1109,129,3,0
BRDA:1121,130,0,0
BRDA:1121,130,1,0
BRDA:1130,131,0,0
BRDA:1130,131,1,0
BRDA:1137,132,0,0
BRDA:1137,132,1,0
BRDA:1146,133,0,0
BRDA:1146,133,1,0
BRDA:1181,134,0,0
BRDA:1181,134,1,0
BRDA:1184,135,0,0
BRDA:1184,135,1,0
BRDA:1184,135,2,0
BRDA:1189,136,0,0
BRDA:1189,136,1,0
BRDA:1190,137,0,0
BRDA:1190,137,1,0
BRDA:1191,138,0,0
BRDA:1191,138,1,0
BRDA:1192,139,0,0
BRDA:1192,139,1,0
BRDA:1192,140,0,0
BRDA:1192,140,1,0
BRDA:1203,141,0,0
BRDA:1203,141,1,0
BRDA:1217,142,0,0
BRDA:1217,142,1,0
BRDA:1222,143,0,0
BRDA:1222,143,1,0
BRDA:1237,144,0,0
BRDA:1237,144,1,0
BRDA:1249,145,0,0
BRDA:1249,145,1,0
BRDA:1249,145,2,0
BRDA:1252,146,0,0
BRDA:1252,146,1,0
BRDA:1252,146,2,0
BRDA:1258,147,0,0
BRDA:1258,147,1,0
BRDA:1258,147,2,0
BRDA:1267,148,0,0
BRDA:1267,148,1,0
BRDA:1273,149,0,0
BRDA:1273,149,1,0
BRDA:1275,150,0,0
BRDA:1275,150,1,0
BRDA:1277,151,0,0
BRDA:1277,151,1,0
BRDA:1282,152,0,0
BRDA:1282,152,1,0
BRDA:1284,153,0,0
BRDA:1284,153,1,0
BRDA:1286,154,0,0
BRDA:1286,154,1,0
BRDA:1290,155,0,0
BRDA:1290,155,1,0
BRDA:1291,156,0,0
BRDA:1291,156,1,0
BRDA:1292,157,0,0
BRDA:1292,157,1,0
BRDA:1293,158,0,0
BRDA:1293,158,1,0
BRDA:1318,159,0,0
BRDA:1318,159,1,0
BRDA:1325,160,0,0
BRDA:1325,160,1,0
BRDA:1325,161,0,0
BRDA:1325,161,1,0
BRDA:1340,162,0,0
BRDA:1340,162,1,0
BRDA:1344,163,0,0
BRDA:1344,163,1,0
BRDA:1345,164,0,0
BRDA:1345,164,1,0
BRDA:1350,165,0,0
BRDA:1350,165,1,0
BRDA:1354,166,0,0
BRDA:1354,166,1,0
BRDA:1359,167,0,0
BRDA:1359,167,1,0
BRDA:1365,168,0,0
BRDA:1365,168,1,0
BRF:358
BRH:0
end_of_record
TN:
SF:app\components\admin\AssignCourseForm.tsx
FN:11,AssignCourseForm
FN:26,(anonymous_1)
FN:30,(anonymous_2)
FN:40,(anonymous_3)
FN:128,(anonymous_4)
FN:128,(anonymous_5)
FN:131,(anonymous_6)
FN:148,(anonymous_7)
FN:148,(anonymous_8)
FN:160,(anonymous_9)
FN:160,(anonymous_10)
FN:179,(anonymous_11)
FN:179,(anonymous_12)
FN:191,(anonymous_13)
FN:191,(anonymous_14)
FN:208,(anonymous_15)
FN:208,(anonymous_16)
FNF:17
FNH:0
FNDA:0,AssignCourseForm
FNDA:0,(anonymous_1)
FNDA:0,(anonymous_2)
FNDA:0,(anonymous_3)
FNDA:0,(anonymous_4)
FNDA:0,(anonymous_5)
FNDA:0,(anonymous_6)
FNDA:0,(anonymous_7)
FNDA:0,(anonymous_8)
FNDA:0,(anonymous_9)
FNDA:0,(anonymous_10)
FNDA:0,(anonymous_11)
FNDA:0,(anonymous_12)
FNDA:0,(anonymous_13)
FNDA:0,(anonymous_14)
FNDA:0,(anonymous_15)
FNDA:0,(anonymous_16)
DA:12,0
DA:13,0
DA:23,0
DA:24,0
DA:26,0
DA:27,0
DA:30,0
DA:31,0
DA:32,0
DA:33,0
DA:35,0
DA:36,0
DA:40,0
DA:41,0
DA:42,0
DA:43,0
DA:46,0
DA:48,0
DA:49,0
DA:50,0
DA:54,0
DA:55,0
DA:56,0
DA:57,0
DA:58,0
DA:62,0
DA:63,0
DA:64,0
DA:65,0
DA:68,0
DA:80,0
DA:82,0
DA:85,0
DA:96,0
DA:97,0
DA:100,0
DA:101,0
DA:103,0
DA:107,0
DA:128,0
DA:132,0
DA:148,0
DA:160,0
DA:179,0
DA:191,0
DA:208,0
LF:46
LH:0
BRDA:33,0,0,0
BRDA:33,0,1,0
BRDA:46,1,0,0
BRDA:46,1,1,0
BRDA:46,2,0,0
BRDA:46,2,1,0
BRDA:46,2,2,0
BRDA:46,2,3,0
BRDA:46,2,4,0
BRDA:55,3,0,0
BRDA:55,3,1,0
BRDA:55,4,0,0
BRDA:55,4,1,0
BRDA:62,5,0,0
BRDA:62,5,1,0
BRDA:96,6,0,0
BRDA:96,6,1,0
BRDA:101,7,0,0
BRDA:101,7,1,0
BRDA:218,8,0,0
BRDA:218,8,1,0
BRDA:228,9,0,0
BRDA:228,9,1,0
BRDA:231,10,0,0
BRDA:231,10,1,0
BRF:25
BRH:0
end_of_record
TN:
SF:app\components\admin\CourseManagement.tsx
FN:169,CourseManagement
FN:181,(anonymous_1)
FN:202,(anonymous_2)
FN:211,(anonymous_3)
FN:216,(anonymous_4)
FN:222,(anonymous_5)
FN:233,(anonymous_6)
FN:239,(anonymous_7)
FN:244,(anonymous_8)
FN:278,(anonymous_9)
FN:302,(anonymous_10)
FN:332,(anonymous_11)
FN:345,(anonymous_12)
FN:355,(anonymous_13)
FN:377,(anonymous_14)
FN:394,(anonymous_15)
FN:437,(anonymous_16)
FN:443,(anonymous_17)
FNF:18
FNH:0
FNDA:0,CourseManagement
FNDA:0,(anonymous_1)
FNDA:0,(anonymous_2)
FNDA:0,(anonymous_3)
FNDA:0,(anonymous_4)
FNDA:0,(anonymous_5)
FNDA:0,(anonymous_6)
FNDA:0,(anonymous_7)
FNDA:0,(anonymous_8)
FNDA:0,(anonymous_9)
FNDA:0,(anonymous_10)
FNDA:0,(anonymous_11)
FNDA:0,(anonymous_12)
FNDA:0,(anonymous_13)
FNDA:0,(anonymous_14)
FNDA:0,(anonymous_15)
FNDA:0,(anonymous_16)
FNDA:0,(anonymous_17)
DA:24,0
DA:170,0
DA:171,0
DA:172,0
DA:173,0
DA:174,0
DA:175,0
DA:176,0
DA:177,0
DA:178,0
DA:181,0
DA:182,0
DA:183,0
DA:184,0
DA:186,0
DA:187,0
DA:190,0
DA:191,0
DA:193,0
DA:194,0
DA:195,0
DA:196,0
DA:198,0
DA:202,0
DA:203,0
DA:206,0
DA:207,0
DA:211,0
DA:212,0
DA:213,0
DA:216,0
DA:217,0
DA:219,0
DA:220,0
DA:221,0
DA:222,0
DA:223,0
DA:224,0
DA:226,0
DA:227,0
DA:229,0
DA:233,0
DA:234,0
DA:235,0
DA:239,0
DA:240,0
DA:244,0
DA:278,0
DA:302,0
DA:303,0
DA:332,0
DA:333,0
DA:334,0
DA:337,0
DA:338,0
DA:346,0
DA:347,0
DA:356,0
DA:357,0
DA:358,0
DA:366,0
DA:377,0
DA:395,0
DA:437,0
DA:443,0
LF:65
LH:0
BRDA:183,0,0,0
BRDA:183,0,1,0
BRDA:187,1,0,0
BRDA:187,1,1,0
BRDA:188,2,0,0
BRDA:188,2,1,0
BRDA:194,3,0,0
BRDA:194,3,1,0
BRDA:206,4,0,0
BRDA:206,4,1,0
BRDA:217,5,0,0
BRDA:217,5,1,0
BRDA:227,6,0,0
BRDA:227,6,1,0
BRDA:258,7,0,0
BRDA:258,7,1,0
BRDA:285,8,0,0
BRDA:285,8,1,0
BRDA:289,9,0,0
BRDA:289,9,1,0
BRDA:337,10,0,0
BRDA:337,10,1,0
BRDA:342,11,0,0
BRDA:342,11,1,0
BRDA:384,12,0,0
BRDA:384,12,1,0
BRDA:388,13,0,0
BRDA:388,13,1,0
BRF:28
BRH:0
end_of_record
TN:
SF:app\components\admin\CourseRegistrationForm.tsx
FN:72,CourseRegistrationForm
FN:86,(anonymous_1)
FN:100,(anonymous_2)
FN:227,(anonymous_3)
FN:227,(anonymous_4)
FN:239,(anonymous_5)
FN:239,(anonymous_6)
FN:259,(anonymous_7)
FN:259,(anonymous_8)
FN:273,(anonymous_9)
FN:273,(anonymous_10)
FN:275,(anonymous_11)
FN:288,(anonymous_12)
FN:288,(anonymous_13)
FN:311,(anonymous_14)
FN:311,(anonymous_15)
FN:322,(anonymous_16)
FN:322,(anonymous_17)
FNF:18
FNH:0
FNDA:0,CourseRegistrationForm
FNDA:0,(anonymous_1)
FNDA:0,(anonymous_2)
FNDA:0,(anonymous_3)
FNDA:0,(anonymous_4)
FNDA:0,(anonymous_5)
FNDA:0,(anonymous_6)
FNDA:0,(anonymous_7)
FNDA:0,(anonymous_8)
FNDA:0,(anonymous_9)
FNDA:0,(anonymous_10)
FNDA:0,(anonymous_11)
FNDA:0,(anonymous_12)
FNDA:0,(anonymous_13)
FNDA:0,(anonymous_14)
FNDA:0,(anonymous_15)
FNDA:0,(anonymous_16)
FNDA:0,(anonymous_17)
DA:22,0
DA:73,0
DA:83,0
DA:84,0
DA:86,0
DA:87,0
DA:88,0
DA:100,0
DA:101,0
DA:102,0
DA:103,0
DA:106,0
DA:108,0
DA:109,0
DA:110,0
DA:114,0
DA:115,0
DA:116,0
DA:117,0
DA:121,0
DA:122,0
DA:123,0
DA:124,0
DA:128,0
DA:129,0
DA:130,0
DA:131,0
DA:135,0
DA:136,0
DA:137,0
DA:138,0
DA:139,0
DA:143,0
DA:154,0
DA:156,0
DA:159,0
DA:162,0
DA:163,0
DA:166,0
DA:169,0
DA:180,0
DA:181,0
DA:184,0
DA:185,0
DA:187,0
DA:191,0
DA:227,0
DA:239,0
DA:259,0
DA:273,0
DA:276,0
DA:288,0
DA:311,0
DA:322,0
LF:54
LH:0
BRDA:87,0,0,0
BRDA:87,0,1,0
BRDA:106,1,0,0
BRDA:106,1,1,0
BRDA:106,2,0,0
BRDA:106,2,1,0
BRDA:106,2,2,0
BRDA:106,2,3,0
BRDA:106,2,4,0
BRDA:106,2,5,0
BRDA:106,2,6,0
BRDA:114,3,0,0
BRDA:114,3,1,0
BRDA:121,4,0,0
BRDA:121,4,1,0
BRDA:128,5,0,0
BRDA:128,5,1,0
BRDA:136,6,0,0
BRDA:136,6,1,0
BRDA:136,7,0,0
BRDA:136,7,1,0
BRDA:136,7,2,0
BRDA:154,8,0,0
BRDA:154,8,1,0
BRDA:162,9,0,0
BRDA:162,9,1,0
BRDA:163,10,0,0
BRDA:163,10,1,0
BRDA:166,11,0,0
BRDA:166,11,1,0
BRDA:180,12,0,0
BRDA:180,12,1,0
BRDA:185,13,0,0
BRDA:185,13,1,0
BRDA:185,13,2,0
BRDA:198,14,0,0
BRDA:198,14,1,0
BRDA:205,15,0,0
BRDA:205,15,1,0
BRDA:276,16,0,0
BRDA:276,16,1,0
BRDA:329,17,0,0
BRDA:329,17,1,0
BRDA:342,18,0,0
BRDA:342,18,1,0
BRDA:345,19,0,0
BRDA:345,19,1,0
BRDA:353,20,0,0
BRDA:353,20,1,0
BRDA:359,21,0,0
BRDA:359,21,1,0
BRF:51
BRH:0
end_of_record
TN:
SF:app\components\admin\EnrollStudentForm.tsx
FN:54,EnrollStudentForm
FN:66,(anonymous_1)
FN:71,(anonymous_2)
FN:75,(anonymous_3)
FN:98,(anonymous_4)
FN:109,(anonymous_5)
FN:119,(anonymous_6)
FN:140,(anonymous_7)
FN:149,(anonymous_8)
FN:158,(anonymous_9)
FN:177,(anonymous_10)
FN:204,(anonymous_11)
FN:210,(anonymous_12)
FN:215,(anonymous_13)
FN:223,(anonymous_14)
FN:299,(anonymous_15)
FN:302,(anonymous_16)
FN:320,(anonymous_17)
FN:323,(anonymous_18)
FN:351,(anonymous_19)
FNF:20
FNH:0
FNDA:0,EnrollStudentForm
FNDA:0,(anonymous_1)
FNDA:0,(anonymous_2)
FNDA:0,(anonymous_3)
FNDA:0,(anonymous_4)
FNDA:0,(anonymous_5)
FNDA:0,(anonymous_6)
FNDA:0,(anonymous_7)
FNDA:0,(anonymous_8)
FNDA:0,(anonymous_9)
FNDA:0,(anonymous_10)
FNDA:0,(anonymous_11)
FNDA:0,(anonymous_12)
FNDA:0,(anonymous_13)
FNDA:0,(anonymous_14)
FNDA:0,(anonymous_15)
FNDA:0,(anonymous_16)
FNDA:0,(anonymous_17)
FNDA:0,(anonymous_18)
FNDA:0,(anonymous_19)
DA:55,0
DA:56,0
DA:57,0
DA:58,0
DA:59,0
DA:60,0
DA:61,0
DA:62,0
DA:63,0
DA:64,0
DA:66,0
DA:67,0
DA:71,0
DA:72,0
DA:73,0
DA:75,0
DA:76,0
DA:78,0
DA:79,0
DA:86,0
DA:93,0
DA:98,0
DA:99,0
DA:101,0
DA:102,0
DA:105,0
DA:109,0
DA:110,0
DA:111,0
DA:112,0
DA:114,0
DA:115,0
DA:119,0
DA:120,0
DA:128,0
DA:129,0
DA:130,0
DA:133,0
DA:135,0
DA:136,0
DA:140,0
DA:141,0
DA:142,0
DA:143,0
DA:145,0
DA:146,0
DA:149,0
DA:151,0
DA:154,0
DA:158,0
DA:159,0
DA:160,0
DA:161,0
DA:163,0
DA:164,0
DA:165,0
DA:168,0
DA:173,0
DA:175,0
DA:176,0
DA:177,0
DA:179,0
DA:180,0
DA:189,0
DA:192,0
DA:194,0
DA:197,0
DA:198,0
DA:200,0
DA:204,0
DA:205,0
DA:206,0
DA:210,0
DA:211,0
DA:212,0
DA:215,0
DA:216,0
DA:217,0
DA:218,0
DA:223,0
DA:224,0
DA:265,0
DA:299,0
DA:303,0
DA:320,0
DA:324,0
DA:352,0
DA:409,0
LF:88
LH:0
BRDA:72,0,0,0
BRDA:72,0,1,0
BRDA:78,1,0,0
BRDA:78,1,1,0
BRDA:99,2,0,0
BRDA:99,2,1,0
BRDA:101,3,0,0
BRDA:101,3,1,0
BRDA:114,4,0,0
BRDA:114,4,1,0
BRDA:114,5,0,0
BRDA:114,5,1,0
BRDA:120,6,0,0
BRDA:120,6,1,0
BRDA:120,6,2,0
BRDA:120,6,3,0
BRDA:120,6,4,0
BRDA:120,6,5,0
BRDA:128,7,0,0
BRDA:128,7,1,0
BRDA:145,8,0,0
BRDA:145,8,1,0
BRDA:145,9,0,0
BRDA:145,9,1,0
BRDA:163,10,0,0
BRDA:163,10,1,0
BRDA:173,11,0,0
BRDA:173,11,1,0
BRDA:175,12,0,0
BRDA:175,12,1,0
BRDA:175,13,0,0
BRDA:175,13,1,0
BRDA:179,14,0,0
BRDA:179,14,1,0
BRDA:179,15,0,0
BRDA:179,15,1,0
BRDA:194,16,0,0
BRDA:194,16,1,0
BRDA:198,17,0,0
BRDA:198,17,1,0
BRDA:211,18,0,0
BRDA:211,18,1,0
BRDA:217,19,0,0
BRDA:217,19,1,0
BRDA:242,20,0,0
BRDA:242,20,1,0
BRDA:314,21,0,0
BRDA:314,21,1,0
BRDA:337,22,0,0
BRDA:337,22,1,0
BRDA:344,23,0,0
BRDA:344,23,1,0
BRDA:349,24,0,0
BRDA:349,24,1,0
BRDA:355,25,0,0
BRDA:355,25,1,0
BRDA:359,26,0,0
BRDA:359,26,1,0
BRDA:359,27,0,0
BRDA:359,27,1,0
BRDA:376,28,0,0
BRDA:376,28,1,0
BRDA:386,29,0,0
BRDA:386,29,1,0
BRDA:389,30,0,0
BRDA:389,30,1,0
BRDA:389,30,2,0
BRDA:392,31,0,0
BRDA:392,31,1,0
BRF:69
BRH:0
end_of_record
TN:
SF:app\components\admin\InstructorManagement.tsx
FN:172,InstructorManagement
FN:186,(anonymous_1)
FN:207,(anonymous_2)
FN:216,(anonymous_3)
FN:221,(anonymous_4)
FN:227,(anonymous_5)
FN:238,(anonymous_6)
FN:244,(anonymous_7)
FN:249,(anonymous_8)
FN:274,(anonymous_9)
FN:298,(anonymous_10)
FN:328,(anonymous_11)
FN:333,(anonymous_12)
FN:346,(anonymous_13)
FN:356,(anonymous_14)
FN:375,(anonymous_15)
FN:385,(anonymous_16)
FN:406,(anonymous_17)
FN:423,(anonymous_18)
FN:450,(anonymous_19)
FN:456,(anonymous_20)
FN:462,(anonymous_21)
FNF:22
FNH:0
FNDA:0,InstructorManagement
FNDA:0,(anonymous_1)
FNDA:0,(anonymous_2)
FNDA:0,(anonymous_3)
FNDA:0,(anonymous_4)
FNDA:0,(anonymous_5)
FNDA:0,(anonymous_6)
FNDA:0,(anonymous_7)
FNDA:0,(anonymous_8)
FNDA:0,(anonymous_9)
FNDA:0,(anonymous_10)
FNDA:0,(anonymous_11)
FNDA:0,(anonymous_12)
FNDA:0,(anonymous_13)
FNDA:0,(anonymous_14)
FNDA:0,(anonymous_15)
FNDA:0,(anonymous_16)
FNDA:0,(anonymous_17)
FNDA:0,(anonymous_18)
FNDA:0,(anonymous_19)
FNDA:0,(anonymous_20)
FNDA:0,(anonymous_21)
DA:35,0
DA:173,0
DA:174,0
DA:175,0
DA:176,0
DA:177,0
DA:178,0
DA:179,0
DA:180,0
DA:181,0
DA:182,0
DA:183,0
DA:186,0
DA:187,0
DA:188,0
DA:189,0
DA:191,0
DA:192,0
DA:195,0
DA:196,0
DA:198,0
DA:199,0
DA:200,0
DA:201,0
DA:203,0
DA:207,0
DA:208,0
DA:211,0
DA:212,0
DA:216,0
DA:217,0
DA:218,0
DA:221,0
DA:222,0
DA:224,0
DA:225,0
DA:226,0
DA:227,0
DA:228,0
DA:229,0
DA:231,0
DA:232,0
DA:234,0
DA:238,0
DA:239,0
DA:240,0
DA:244,0
DA:245,0
DA:249,0
DA:274,0
DA:298,0
DA:299,0
DA:328,0
DA:329,0
DA:330,0
DA:333,0
DA:334,0
DA:335,0
DA:338,0
DA:339,0
DA:347,0
DA:348,0
DA:357,0
DA:358,0
DA:359,0
DA:367,0
DA:368,0
DA:376,0
DA:377,0
DA:386,0
DA:387,0
DA:395,0
DA:406,0
DA:424,0
DA:450,0
DA:456,0
DA:462,0
LF:77
LH:0
BRDA:188,0,0,0
BRDA:188,0,1,0
BRDA:192,1,0,0
BRDA:192,1,1,0
BRDA:193,2,0,0
BRDA:193,2,1,0
BRDA:199,3,0,0
BRDA:199,3,1,0
BRDA:211,4,0,0
BRDA:211,4,1,0
BRDA:222,5,0,0
BRDA:222,5,1,0
BRDA:232,6,0,0
BRDA:232,6,1,0
BRDA:264,7,0,0
BRDA:264,7,1,0
BRDA:281,8,0,0
BRDA:281,8,1,0
BRDA:285,9,0,0
BRDA:285,9,1,0
BRDA:338,10,0,0
BRDA:338,10,1,0
BRDA:343,11,0,0
BRDA:343,11,1,0
BRDA:367,12,0,0
BRDA:367,12,1,0
BRDA:367,13,0,0
BRDA:367,13,1,0
BRDA:413,14,0,0
BRDA:413,14,1,0
BRDA:417,15,0,0
BRDA:417,15,1,0
BRF:32
BRH:0
end_of_record
TN:
SF:app\components\admin\InstructorRegistrationForm.tsx
FN:118,InstructorRegistrationForm
FN:136,(anonymous_1)
FN:162,(anonymous_2)
FN:182,(anonymous_3)
FN:193,(anonymous_4)
FN:316,(anonymous_5)
FN:399,(anonymous_6)
FN:399,(anonymous_7)
FN:410,(anonymous_8)
FN:410,(anonymous_9)
FN:421,(anonymous_10)
FN:421,(anonymous_11)
FN:432,(anonymous_12)
FN:432,(anonymous_13)
FN:461,(anonymous_14)
FN:461,(anonymous_15)
FN:472,(anonymous_16)
FN:472,(anonymous_17)
FN:492,(anonymous_18)
FN:492,(anonymous_19)
FN:503,(anonymous_20)
FN:503,(anonymous_21)
FN:553,(anonymous_22)
FNF:23
FNH:0
FNDA:0,InstructorRegistrationForm
FNDA:0,(anonymous_1)
FNDA:0,(anonymous_2)
FNDA:0,(anonymous_3)
FNDA:0,(anonymous_4)
FNDA:0,(anonymous_5)
FNDA:0,(anonymous_6)
FNDA:0,(anonymous_7)
FNDA:0,(anonymous_8)
FNDA:0,(anonymous_9)
FNDA:0,(anonymous_10)
FNDA:0,(anonymous_11)
FNDA:0,(anonymous_12)
FNDA:0,(anonymous_13)
FNDA:0,(anonymous_14)
FNDA:0,(anonymous_15)
FNDA:0,(anonymous_16)
FNDA:0,(anonymous_17)
FNDA:0,(anonymous_18)
FNDA:0,(anonymous_19)
FNDA:0,(anonymous_20)
FNDA:0,(anonymous_21)
FNDA:0,(anonymous_22)
DA:35,0
DA:119,0
DA:131,0
DA:132,0
DA:133,0
DA:134,0
DA:136,0
DA:137,0
DA:138,0
DA:139,0
DA:140,0
DA:141,0
DA:143,0
DA:162,0
DA:163,0
DA:165,0
DA:167,0
DA:168,0
DA:169,0
DA:172,0
DA:180,0
DA:181,0
DA:182,0
DA:188,0
DA:189,0
DA:193,0
DA:194,0
DA:195,0
DA:196,0
DA:199,0
DA:201,0
DA:202,0
DA:203,0
DA:207,0
DA:208,0
DA:209,0
DA:210,0
DA:214,0
DA:215,0
DA:216,0
DA:217,0
DA:221,0
DA:222,0
DA:223,0
DA:224,0
DA:228,0
DA:231,0
DA:232,0
DA:233,0
DA:234,0
DA:235,0
DA:236,0
DA:239,0
DA:240,0
DA:242,0
DA:243,0
DA:247,0
DA:248,0
DA:249,0
DA:252,0
DA:254,0
DA:261,0
DA:263,0
DA:270,0
DA:271,0
DA:272,0
DA:273,0
DA:276,0
DA:280,0
DA:287,0
DA:288,0
DA:290,0
DA:301,0
DA:302,0
DA:305,0
DA:309,0
DA:310,0
DA:312,0
DA:316,0
DA:317,0
DA:318,0
DA:320,0
DA:331,0
DA:332,0
DA:336,0
DA:399,0
DA:410,0
DA:421,0
DA:432,0
DA:461,0
DA:472,0
DA:492,0
DA:503,0
DA:553,0
LF:94
LH:0
BRDA:137,0,0,0
BRDA:137,0,1,0
BRDA:139,1,0,0
BRDA:139,1,1,0
BRDA:146,2,0,0
BRDA:146,2,1,0
BRDA:147,3,0,0
BRDA:147,3,1,0
BRDA:152,4,0,0
BRDA:152,4,1,0
BRDA:167,5,0,0
BRDA:167,5,1,0
BRDA:180,6,0,0
BRDA:180,6,1,0
BRDA:180,7,0,0
BRDA:180,7,1,0
BRDA:180,7,2,0
BRDA:199,8,0,0
BRDA:199,8,1,0
BRDA:199,9,0,0
BRDA:199,9,1,0
BRDA:199,9,2,0
BRDA:199,9,3,0
BRDA:199,9,4,0
BRDA:199,9,5,0
BRDA:207,10,0,0
BRDA:207,10,1,0
BRDA:207,11,0,0
BRDA:207,11,1,0
BRDA:214,12,0,0
BRDA:214,12,1,0
BRDA:221,13,0,0
BRDA:221,13,1,0
BRDA:239,14,0,0
BRDA:239,14,1,0
BRDA:242,15,0,0
BRDA:242,15,1,0
BRDA:247,16,0,0
BRDA:247,16,1,0
BRDA:249,17,0,0
BRDA:249,17,1,0
BRDA:249,18,0,0
BRDA:249,18,1,0
BRDA:252,19,0,0
BRDA:252,19,1,0
BRDA:255,20,0,0
BRDA:255,20,1,0
BRDA:261,21,0,0
BRDA:261,21,1,0
BRDA:270,22,0,0
BRDA:270,22,1,0
BRDA:272,23,0,0
BRDA:272,23,1,0
BRDA:276,24,0,0
BRDA:276,24,1,0
BRDA:287,25,0,0
BRDA:287,25,1,0
BRDA:301,26,0,0
BRDA:301,26,1,0
BRDA:305,27,0,0
BRDA:305,27,1,0
BRDA:310,28,0,0
BRDA:310,28,1,0
BRDA:331,29,0,0
BRDA:331,29,1,0
BRDA:344,30,0,0
BRDA:344,30,1,0
BRDA:351,31,0,0
BRDA:351,31,1,0
BRDA:363,32,0,0
BRDA:363,32,1,0
BRDA:512,33,0,0
BRDA:512,33,1,0
BRDA:525,34,0,0
BRDA:525,34,1,0
BRDA:528,35,0,0
BRDA:528,35,1,0
BRDA:536,36,0,0
BRDA:536,36,1,0
BRDA:542,37,0,0
BRDA:542,37,1,0
BRF:81
BRH:0
end_of_record
TN:
SF:app\components\admin\StudentManagement.tsx
FN:252,StudentManagement
FN:269,(anonymous_1)
FN:291,(anonymous_2)
FN:301,(anonymous_3)
FN:306,(anonymous_4)
FN:312,(anonymous_5)
FN:323,(anonymous_6)
FN:328,(anonymous_7)
FN:333,(anonymous_8)
FN:338,(anonymous_9)
FN:374,(anonymous_10)
FN:384,(anonymous_11)
FN:403,(anonymous_12)
FN:413,(anonymous_13)
FN:425,(anonymous_14)
FN:430,(anonymous_15)
FN:455,(anonymous_16)
FN:479,(anonymous_17)
FN:520,(anonymous_18)
FN:537,(anonymous_19)
FN:564,(anonymous_20)
FN:570,(anonymous_21)
FN:576,(anonymous_22)
FNF:23
FNH:0
FNDA:0,StudentManagement
FNDA:0,(anonymous_1)
FNDA:0,(anonymous_2)
FNDA:0,(anonymous_3)
FNDA:0,(anonymous_4)
FNDA:0,(anonymous_5)
FNDA:0,(anonymous_6)
FNDA:0,(anonymous_7)
FNDA:0,(anonymous_8)
FNDA:0,(anonymous_9)
FNDA:0,(anonymous_10)
FNDA:0,(anonymous_11)
FNDA:0,(anonymous_12)
FNDA:0,(anonymous_13)
FNDA:0,(anonymous_14)
FNDA:0,(anonymous_15)
FNDA:0,(anonymous_16)
FNDA:0,(anonymous_17)
FNDA:0,(anonymous_18)
FNDA:0,(anonymous_19)
FNDA:0,(anonymous_20)
FNDA:0,(anonymous_21)
FNDA:0,(anonymous_22)
DA:51,0
DA:253,0
DA:254,0
DA:255,0
DA:256,0
DA:257,0
DA:258,0
DA:259,0
DA:260,0
DA:261,0
DA:262,0
DA:263,0
DA:264,0
DA:265,0
DA:266,0
DA:269,0
DA:270,0
DA:271,0
DA:272,0
DA:274,0
DA:276,0
DA:279,0
DA:280,0
DA:282,0
DA:283,0
DA:284,0
DA:285,0
DA:287,0
DA:291,0
DA:292,0
DA:295,0
DA:296,0
DA:301,0
DA:302,0
DA:303,0
DA:306,0
DA:307,0
DA:309,0
DA:310,0
DA:311,0
DA:312,0
DA:313,0
DA:314,0
DA:316,0
DA:317,0
DA:319,0
DA:323,0
DA:324,0
DA:325,0
DA:328,0
DA:329,0
DA:330,0
DA:333,0
DA:334,0
DA:335,0
DA:338,0
DA:339,0
DA:340,0
DA:341,0
DA:344,0
DA:345,0
DA:346,0
DA:351,0
DA:352,0
DA:353,0
DA:354,0
DA:356,0
DA:359,0
DA:360,0
DA:362,0
DA:366,0
DA:367,0
DA:375,0
DA:376,0
DA:385,0
DA:386,0
DA:387,0
DA:395,0
DA:396,0
DA:404,0
DA:405,0
DA:414,0
DA:415,0
DA:425,0
DA:426,0
DA:430,0
DA:455,0
DA:479,0
DA:480,0
DA:509,0
DA:520,0
DA:538,0
DA:564,0
DA:570,0
DA:576,0
LF:95
LH:0
BRDA:271,0,0,0
BRDA:271,0,1,0
BRDA:276,1,0,0
BRDA:276,1,1,0
BRDA:277,2,0,0
BRDA:277,2,1,0
BRDA:283,3,0,0
BRDA:283,3,1,0
BRDA:295,4,0,0
BRDA:295,4,1,0
BRDA:307,5,0,0
BRDA:307,5,1,0
BRDA:317,6,0,0
BRDA:317,6,1,0
BRDA:339,7,0,0
BRDA:339,7,1,0
BRDA:339,8,0,0
BRDA:339,8,1,0
BRDA:351,9,0,0
BRDA:351,9,1,0
BRDA:356,10,0,0
BRDA:356,10,1,0
BRDA:360,11,0,0
BRDA:360,11,1,0
BRDA:366,12,0,0
BRDA:366,12,1,0
BRDA:371,13,0,0
BRDA:371,13,1,0
BRDA:395,14,0,0
BRDA:395,14,1,0
BRDA:395,15,0,0
BRDA:395,15,1,0
BRDA:445,16,0,0
BRDA:445,16,1,0
BRDA:462,17,0,0
BRDA:462,17,1,0
BRDA:466,18,0,0
BRDA:466,18,1,0
BRDA:527,19,0,0
BRDA:527,19,1,0
BRDA:531,20,0,0
BRDA:531,20,1,0
BRF:42
BRH:0
end_of_record
TN:
SF:app\components\admin\StudentRegistrationForm.tsx
FN:35,StudentRegistrationForm
FN:55,(anonymous_1)
FN:77,(anonymous_2)
FN:101,(anonymous_3)
FN:120,(anonymous_4)
FN:238,(anonymous_5)
FN:246,(anonymous_6)
FN:289,(anonymous_7)
FN:369,(anonymous_8)
FN:369,(anonymous_9)
FN:380,(anonymous_10)
FN:380,(anonymous_11)
FN:391,(anonymous_12)
FN:391,(anonymous_13)
FN:402,(anonymous_14)
FN:402,(anonymous_15)
FN:431,(anonymous_16)
FN:431,(anonymous_17)
FN:448,(anonymous_18)
FN:448,(anonymous_19)
FN:459,(anonymous_20)
FN:459,(anonymous_21)
FN:479,(anonymous_22)
FN:479,(anonymous_23)
FN:490,(anonymous_24)
FN:490,(anonymous_25)
FNF:26
FNH:0
FNDA:0,StudentRegistrationForm
FNDA:0,(anonymous_1)
FNDA:0,(anonymous_2)
FNDA:0,(anonymous_3)
FNDA:0,(anonymous_4)
FNDA:0,(anonymous_5)
FNDA:0,(anonymous_6)
FNDA:0,(anonymous_7)
FNDA:0,(anonymous_8)
FNDA:0,(anonymous_9)
FNDA:0,(anonymous_10)
FNDA:0,(anonymous_11)
FNDA:0,(anonymous_12)
FNDA:0,(anonymous_13)
FNDA:0,(anonymous_14)
FNDA:0,(anonymous_15)
FNDA:0,(anonymous_16)
FNDA:0,(anonymous_17)
FNDA:0,(anonymous_18)
FNDA:0,(anonymous_19)
FNDA:0,(anonymous_20)
FNDA:0,(anonymous_21)
FNDA:0,(anonymous_22)
FNDA:0,(anonymous_23)
FNDA:0,(anonymous_24)
FNDA:0,(anonymous_25)
DA:36,0
DA:49,0
DA:50,0
DA:51,0
DA:52,0
DA:53,0
DA:55,0
DA:56,0
DA:57,0
DA:58,0
DA:77,0
DA:78,0
DA:80,0
DA:82,0
DA:83,0
DA:84,0
DA:86,0
DA:88,0
DA:91,0
DA:99,0
DA:100,0
DA:101,0
DA:111,0
DA:112,0
DA:113,0
DA:115,0
DA:120,0
DA:121,0
DA:122,0
DA:123,0
DA:126,0
DA:128,0
DA:129,0
DA:130,0
DA:134,0
DA:135,0
DA:136,0
DA:137,0
DA:141,0
DA:142,0
DA:143,0
DA:144,0
DA:148,0
DA:149,0
DA:150,0
DA:151,0
DA:155,0
DA:158,0
DA:159,0
DA:160,0
DA:161,0
DA:162,0
DA:163,0
DA:164,0
DA:167,0
DA:168,0
DA:170,0
DA:171,0
DA:175,0
DA:177,0
DA:180,0
DA:182,0
DA:189,0
DA:194,0
DA:196,0
DA:202,0
DA:203,0
DA:207,0
DA:209,0
DA:213,0
DA:219,0
DA:220,0
DA:221,0
DA:225,0
DA:227,0
DA:231,0
DA:232,0
DA:234,0
DA:238,0
DA:239,0
DA:240,0
DA:241,0
DA:246,0
DA:247,0
DA:280,0
DA:281,0
DA:290,0
DA:291,0
DA:292,0
DA:304,0
DA:369,0
DA:380,0
DA:391,0
DA:402,0
DA:431,0
DA:448,0
DA:459,0
DA:479,0
DA:490,0
DA:539,0
LF:100
LH:0
BRDA:56,0,0,0
BRDA:56,0,1,0
BRDA:61,1,0,0
BRDA:61,1,1,0
BRDA:62,2,0,0
BRDA:62,2,1,0
BRDA:68,3,0,0
BRDA:68,3,1,0
BRDA:70,4,0,0
BRDA:70,4,1,0
BRDA:71,5,0,0
BRDA:71,5,1,0
BRDA:82,6,0,0
BRDA:82,6,1,0
BRDA:83,7,0,0
BRDA:83,7,1,0
BRDA:99,8,0,0
BRDA:99,8,1,0
BRDA:99,9,0,0
BRDA:99,9,1,0
BRDA:99,9,2,0
BRDA:112,10,0,0
BRDA:112,10,1,0
BRDA:126,11,0,0
BRDA:126,11,1,0
BRDA:126,12,0,0
BRDA:126,12,1,0
BRDA:126,12,2,0
BRDA:126,12,3,0
BRDA:126,12,4,0
BRDA:126,12,5,0
BRDA:134,13,0,0
BRDA:134,13,1,0
BRDA:134,14,0,0
BRDA:134,14,1,0
BRDA:141,15,0,0
BRDA:141,15,1,0
BRDA:148,16,0,0
BRDA:148,16,1,0
BRDA:167,17,0,0
BRDA:167,17,1,0
BRDA:170,18,0,0
BRDA:170,18,1,0
BRDA:175,19,0,0
BRDA:175,19,1,0
BRDA:177,20,0,0
BRDA:177,20,1,0
BRDA:180,21,0,0
BRDA:180,21,1,0
BRDA:180,22,0,0
BRDA:180,22,1,0
BRDA:194,23,0,0
BRDA:194,23,1,0
BRDA:202,24,0,0
BRDA:202,24,1,0
BRDA:209,25,0,0
BRDA:209,25,1,0
BRDA:219,26,0,0
BRDA:219,26,1,0
BRDA:227,27,0,0
BRDA:227,27,1,0
BRDA:232,28,0,0
BRDA:232,28,1,0
BRDA:240,29,0,0
BRDA:240,29,1,0
BRDA:260,30,0,0
BRDA:260,30,1,0
BRDA:264,31,0,0
BRDA:264,31,1,0
BRDA:280,32,0,0
BRDA:280,32,1,0
BRDA:280,33,0,0
BRDA:280,33,1,0
BRDA:291,34,0,0
BRDA:291,34,1,0
BRDA:314,35,0,0
BRDA:314,35,1,0
BRDA:321,36,0,0
BRDA:321,36,1,0
BRDA:333,37,0,0
BRDA:333,37,1,0
BRDA:499,38,0,0
BRDA:499,38,1,0
BRDA:512,39,0,0
BRDA:512,39,1,0
BRDA:515,40,0,0
BRDA:515,40,1,0
BRDA:523,41,0,0
BRDA:523,41,1,0
BRDA:529,42,0,0
BRDA:529,42,1,0
BRF:91
BRH:0
end_of_record
TN:
SF:app\services\api.ts
FN:17,(anonymous_0)
FN:30,(anonymous_1)
FN:37,(anonymous_2)
FN:38,(anonymous_3)
FN:59,(anonymous_4)
FN:63,(anonymous_5)
FN:71,(anonymous_6)
FN:79,(anonymous_7)
FNF:8
FNH:0
FNDA:0,(anonymous_0)
FNDA:0,(anonymous_1)
FNDA:0,(anonymous_2)
FNDA:0,(anonymous_3)
FNDA:0,(anonymous_4)
FNDA:0,(anonymous_5)
FNDA:0,(anonymous_6)
FNDA:0,(anonymous_7)
DA:5,0
DA:7,0
DA:16,0
DA:18,0
DA:19,0
DA:20,0
DA:22,0
DA:24,0
DA:26,0
DA:27,0
DA:31,0
DA:36,0
DA:37,0
DA:39,0
DA:41,0
DA:46,0
DA:54,0
DA:58,0
DA:60,0
DA:64,0
DA:65,0
DA:66,0
DA:68,0
DA:72,0
DA:73,0
DA:74,0
DA:76,0
DA:80,0
DA:82,0
DA:84,0
DA:85,0
DA:88,0
DA:89,0
LF:33
LH:0
BRDA:20,0,0,0
BRDA:20,0,1,0
BRDA:39,1,0,0
BRDA:39,1,1,0
BRDA:65,2,0,0
BRDA:65,2,1,0
BRDA:73,3,0,0
BRDA:73,3,1,0
BRF:8
BRH:0
end_of_record
TN:
SF:app\services\authService.ts
FN:30,(anonymous_0)
FN:50,(anonymous_1)
FN:75,(anonymous_2)
FN:96,(anonymous_3)
FN:109,(anonymous_4)
FN:120,(anonymous_5)
FNF:6
FNH:0
FNDA:0,(anonymous_0)
FNDA:0,(anonymous_1)
FNDA:0,(anonymous_2)
FNDA:0,(anonymous_3)
FNDA:0,(anonymous_4)
FNDA:0,(anonymous_5)
DA:30,0
DA:31,0
DA:33,0
DA:35,0
DA:37,0
DA:43,0
DA:49,0
DA:51,0
DA:52,0
DA:57,0
DA:58,0
DA:68,0
DA:70,0
DA:71,0
DA:76,0
DA:77,0
DA:82,0
DA:83,0
DA:89,0
DA:91,0
DA:92,0
DA:97,0
DA:98,0
DA:99,0
DA:104,0
DA:105,0
DA:110,0
DA:111,0
DA:112,0
DA:114,0
DA:115,0
DA:121,0
DA:122,0
DA:123,0
DA:125,0
DA:126,0
LF:36
LH:0
BRDA:31,0,0,0
BRDA:31,0,1,0
BRDA:35,1,0,0
BRDA:35,1,1,0
BRDA:45,2,0,0
BRDA:45,2,1,0
BRDA:54,3,0,0
BRDA:54,3,1,0
BRDA:62,4,0,0
BRDA:62,4,1,0
BRDA:101,5,0,0
BRDA:101,5,1,0
BRF:12
BRH:0
end_of_record
TN:
SF:app\types\forms.ts
FNF:0
FNH:0
LF:0
LH:0
BRF:0
BRH:0
end_of_record
TN:
SF:app\utils\imageUtils.ts
FN:3,(anonymous_0)
FNF:1
FNH:0
FNDA:0,(anonymous_0)
DA:3,0
DA:4,0
DA:7,0
DA:8,0
DA:12,0
DA:13,0
DA:17,0
DA:18,0
DA:22,0
LF:9
LH:0
BRDA:4,0,0,0
BRDA:4,0,1,0
BRDA:7,1,0,0
BRDA:7,1,1,0
BRDA:12,2,0,0
BRDA:12,2,1,0
BRDA:17,3,0,0
BRDA:17,3,1,0
BRF:8
BRH:0
end_of_record
